[0.362s] Invoking command in '/home/ethan/ros2/chapt2/chapt2_ws/src/demo_python_pkg': PYTHONPATH=/home/ethan/ros2/chapt2/chapt2_ws/build/demo_python_pkg/prefix_override:/usr/lib/python3/dist-packages/colcon_core/task/python/colcon_distutils_commands:/home/ethan/ros2/chapt2/chapt2_ws/install/demo_python_pkg/lib/python3.10/site-packages:${PYTHONPATH} /usr/bin/python3 -W ignore:setup.py install is deprecated -W ignore:easy_install command is deprecated setup.py egg_info --egg-base ../../build/demo_python_pkg build --build-base /home/ethan/ros2/chapt2/chapt2_ws/build/demo_python_pkg/build install --record /home/ethan/ros2/chapt2/chapt2_ws/build/demo_python_pkg/install.log --single-version-externally-managed install_data
[0.492s] running egg_info
[0.492s] writing ../../build/demo_python_pkg/demo_python_pkg.egg-info/PKG-INFO
[0.493s] writing dependency_links to ../../build/demo_python_pkg/demo_python_pkg.egg-info/dependency_links.txt
[0.493s] writing entry points to ../../build/demo_python_pkg/demo_python_pkg.egg-info/entry_points.txt
[0.493s] writing requirements to ../../build/demo_python_pkg/demo_python_pkg.egg-info/requires.txt
[0.493s] writing top-level names to ../../build/demo_python_pkg/demo_python_pkg.egg-info/top_level.txt
[0.494s] reading manifest file '../../build/demo_python_pkg/demo_python_pkg.egg-info/SOURCES.txt'
[0.495s] adding license file 'LICENSE'
[0.495s] writing manifest file '../../build/demo_python_pkg/demo_python_pkg.egg-info/SOURCES.txt'
[0.495s] running build
[0.496s] running build_py
[0.496s] copying demo_python_pkg/learn_thread.py -> /home/ethan/ros2/chapt2/chapt2_ws/build/demo_python_pkg/build/lib/demo_python_pkg
[0.497s] running install
[0.497s] running install_lib
[0.497s] copying /home/ethan/ros2/chapt2/chapt2_ws/build/demo_python_pkg/build/lib/demo_python_pkg/learn_thread.py -> /home/ethan/ros2/chapt2/chapt2_ws/install/demo_python_pkg/lib/python3.10/site-packages/demo_python_pkg
[0.498s] byte-compiling /home/ethan/ros2/chapt2/chapt2_ws/install/demo_python_pkg/lib/python3.10/site-packages/demo_python_pkg/learn_thread.py to learn_thread.cpython-310.pyc
[0.498s] running install_data
[0.499s] running install_egg_info
[0.500s] removing '/home/ethan/ros2/chapt2/chapt2_ws/install/demo_python_pkg/lib/python3.10/site-packages/demo_python_pkg-0.0.0-py3.10.egg-info' (and everything under it)
[0.500s] Copying ../../build/demo_python_pkg/demo_python_pkg.egg-info to /home/ethan/ros2/chapt2/chapt2_ws/install/demo_python_pkg/lib/python3.10/site-packages/demo_python_pkg-0.0.0-py3.10.egg-info
[0.500s] running install_scripts
[0.514s] Installing person_node script to /home/ethan/ros2/chapt2/chapt2_ws/install/demo_python_pkg/lib/demo_python_pkg
[0.514s] Installing python_node script to /home/ethan/ros2/chapt2/chapt2_ws/install/demo_python_pkg/lib/demo_python_pkg
[0.514s] Installing writer_node script to /home/ethan/ros2/chapt2/chapt2_ws/install/demo_python_pkg/lib/demo_python_pkg
[0.515s] writing list of installed files to '/home/ethan/ros2/chapt2/chapt2_ws/build/demo_python_pkg/install.log'
[0.531s] Invoked command in '/home/ethan/ros2/chapt2/chapt2_ws/src/demo_python_pkg' returned '0': PYTHONPATH=/home/ethan/ros2/chapt2/chapt2_ws/build/demo_python_pkg/prefix_override:/usr/lib/python3/dist-packages/colcon_core/task/python/colcon_distutils_commands:/home/ethan/ros2/chapt2/chapt2_ws/install/demo_python_pkg/lib/python3.10/site-packages:${PYTHONPATH} /usr/bin/python3 -W ignore:setup.py install is deprecated -W ignore:easy_install command is deprecated setup.py egg_info --egg-base ../../build/demo_python_pkg build --build-base /home/ethan/ros2/chapt2/chapt2_ws/build/demo_python_pkg/build install --record /home/ethan/ros2/chapt2/chapt2_ws/build/demo_python_pkg/install.log --single-version-externally-managed install_data
