[0.012s] Invoking command in '/home/ethan/ros2/chapt2/chapt2_ws/build/demo_cpp_pkg': CMAKE_PREFIX_PATH=/opt/ros/humble /usr/bin/cmake --build /home/ethan/ros2/chapt2/chapt2_ws/build/demo_cpp_pkg -- -j8 -l8
[0.076s] -- Found ament_cmake: 1.3.12 (/opt/ros/humble/share/ament_cmake/cmake)
[0.182s] -- Found rclcpp: 16.0.14 (/opt/ros/humble/share/rclcpp/cmake)
[0.228s] -- Found rosidl_generator_c: 3.1.7 (/opt/ros/humble/share/rosidl_generator_c/cmake)
[0.232s] -- Found rosidl_adapter: 3.1.7 (/opt/ros/humble/share/rosidl_adapter/cmake)
[0.238s] -- Found rosidl_generator_cpp: 3.1.7 (/opt/ros/humble/share/rosidl_generator_cpp/cmake)
[0.249s] -- Using all available rosidl_typesupport_c: rosidl_typesupport_fastrtps_c;rosidl_typesupport_introspection_c
[0.265s] -- Using all available rosidl_typesupport_cpp: rosidl_typesupport_fastrtps_cpp;rosidl_typesupport_introspection_cpp
[0.303s] -- Found rmw_implementation_cmake: 6.1.2 (/opt/ros/humble/share/rmw_implementation_cmake/cmake)
[0.306s] -- Found rmw_fastrtps_cpp: 6.2.8 (/opt/ros/humble/share/rmw_fastrtps_cpp/cmake)
[0.383s] -- Using RMW implementation 'rmw_fastrtps_cpp' as default
[0.434s] -- Found ament_lint_auto: 0.12.14 (/opt/ros/humble/share/ament_lint_auto/cmake)
[0.493s] -- Added test 'cppcheck' to perform static code analysis on C / C++ code
[0.494s] -- Configured cppcheck include dirs: /home/ethan/ros2/chapt2/chapt2_ws/src/demo_cpp_pkg/include
[0.494s] -- Configured cppcheck exclude dirs and/or files: 
[0.495s] -- Added test 'flake8' to check Python code syntax and style conventions
[0.496s] -- Added test 'lint_cmake' to check CMake code style
[0.497s] -- Added test 'pep257' to check Python code against some of the docstring style conventions in PEP 257
[0.500s] -- Added test 'uncrustify' to check C / C++ code style
[0.500s] -- Configured uncrustify additional arguments: 
[0.501s] -- Added test 'xmllint' to check XML markup files
[0.505s] -- Configuring done
[0.521s] -- Generating done
[0.525s] -- Build files have been written to: /home/ethan/ros2/chapt2/chapt2_ws/build/demo_cpp_pkg
[0.542s] [35m[1mConsolidate compiler generated dependencies of target person_node[0m
[0.542s] [35m[1mConsolidate compiler generated dependencies of target cpp_node[0m
[0.546s] [ 16%] [32mBuilding CXX object CMakeFiles/learn_thread.dir/src/learn_thread.cpp.o[0m
[0.551s] [ 50%] [32mBuilding CXX object CMakeFiles/cpp_node.dir/src/cpp_node.cpp.o[0m
[0.551s] [ 33%] [32mBuilding CXX object CMakeFiles/person_node.dir/src/person_node.cpp.o[0m
[2.272s] [ 83%] [32m[1mLinking CXX executable person_node[0m
[2.272s] [ 83%] [32m[1mLinking CXX executable cpp_node[0m
[2.394s] [ 83%] Built target cpp_node
[2.394s] [ 83%] Built target person_node
[3.611s] [100%] [32m[1mLinking CXX executable learn_thread[0m
[3.719s] [100%] Built target learn_thread
[3.728s] Invoked command in '/home/ethan/ros2/chapt2/chapt2_ws/build/demo_cpp_pkg' returned '0': CMAKE_PREFIX_PATH=/opt/ros/humble /usr/bin/cmake --build /home/ethan/ros2/chapt2/chapt2_ws/build/demo_cpp_pkg -- -j8 -l8
[3.736s] Invoking command in '/home/ethan/ros2/chapt2/chapt2_ws/build/demo_cpp_pkg': CMAKE_PREFIX_PATH=/opt/ros/humble /usr/bin/cmake --install /home/ethan/ros2/chapt2/chapt2_ws/build/demo_cpp_pkg
[3.739s] -- Install configuration: ""
[3.741s] -- Installing: /home/ethan/ros2/chapt2/chapt2_ws/install/demo_cpp_pkg/lib/demo_cpp_pkg/cpp_node
[3.741s] -- Set runtime path of "/home/ethan/ros2/chapt2/chapt2_ws/install/demo_cpp_pkg/lib/demo_cpp_pkg/cpp_node" to ""
[3.742s] -- Installing: /home/ethan/ros2/chapt2/chapt2_ws/install/demo_cpp_pkg/lib/demo_cpp_pkg/person_node
[3.742s] -- Set runtime path of "/home/ethan/ros2/chapt2/chapt2_ws/install/demo_cpp_pkg/lib/demo_cpp_pkg/person_node" to ""
[3.743s] -- Installing: /home/ethan/ros2/chapt2/chapt2_ws/install/demo_cpp_pkg/lib/demo_cpp_pkg/learn_thread
[3.743s] -- Up-to-date: /home/ethan/ros2/chapt2/chapt2_ws/install/demo_cpp_pkg/share/ament_index/resource_index/package_run_dependencies/demo_cpp_pkg
[3.743s] -- Up-to-date: /home/ethan/ros2/chapt2/chapt2_ws/install/demo_cpp_pkg/share/ament_index/resource_index/parent_prefix_path/demo_cpp_pkg
[3.743s] -- Up-to-date: /home/ethan/ros2/chapt2/chapt2_ws/install/demo_cpp_pkg/share/demo_cpp_pkg/environment/ament_prefix_path.sh
[3.743s] -- Installing: /home/ethan/ros2/chapt2/chapt2_ws/install/demo_cpp_pkg/share/demo_cpp_pkg/environment/ament_prefix_path.dsv
[3.743s] -- Up-to-date: /home/ethan/ros2/chapt2/chapt2_ws/install/demo_cpp_pkg/share/demo_cpp_pkg/environment/path.sh
[3.743s] -- Installing: /home/ethan/ros2/chapt2/chapt2_ws/install/demo_cpp_pkg/share/demo_cpp_pkg/environment/path.dsv
[3.744s] -- Up-to-date: /home/ethan/ros2/chapt2/chapt2_ws/install/demo_cpp_pkg/share/demo_cpp_pkg/local_setup.bash
[3.744s] -- Up-to-date: /home/ethan/ros2/chapt2/chapt2_ws/install/demo_cpp_pkg/share/demo_cpp_pkg/local_setup.sh
[3.744s] -- Up-to-date: /home/ethan/ros2/chapt2/chapt2_ws/install/demo_cpp_pkg/share/demo_cpp_pkg/local_setup.zsh
[3.744s] -- Installing: /home/ethan/ros2/chapt2/chapt2_ws/install/demo_cpp_pkg/share/demo_cpp_pkg/local_setup.dsv
[3.744s] -- Installing: /home/ethan/ros2/chapt2/chapt2_ws/install/demo_cpp_pkg/share/demo_cpp_pkg/package.dsv
[3.744s] -- Up-to-date: /home/ethan/ros2/chapt2/chapt2_ws/install/demo_cpp_pkg/share/ament_index/resource_index/packages/demo_cpp_pkg
[3.744s] -- Up-to-date: /home/ethan/ros2/chapt2/chapt2_ws/install/demo_cpp_pkg/share/demo_cpp_pkg/cmake/demo_cpp_pkgConfig.cmake
[3.744s] -- Up-to-date: /home/ethan/ros2/chapt2/chapt2_ws/install/demo_cpp_pkg/share/demo_cpp_pkg/cmake/demo_cpp_pkgConfig-version.cmake
[3.744s] -- Up-to-date: /home/ethan/ros2/chapt2/chapt2_ws/install/demo_cpp_pkg/share/demo_cpp_pkg/package.xml
[3.745s] Invoked command in '/home/ethan/ros2/chapt2/chapt2_ws/build/demo_cpp_pkg' returned '0': CMAKE_PREFIX_PATH=/opt/ros/humble /usr/bin/cmake --install /home/ethan/ros2/chapt2/chapt2_ws/build/demo_cpp_pkg
