[0.013s] Invoking command in '/home/ethan/ros2/chapt3/topic_ws/build/demo_cpp_topic': CMAKE_PREFIX_PATH=/opt/ros/humble /usr/bin/cmake --build /home/ethan/ros2/chapt3/topic_ws/build/demo_cpp_topic -- -j8 -l8
[0.064s] -- Found ament_cmake: 1.3.12 (/opt/ros/humble/share/ament_cmake/cmake)
[0.174s] -- Found rclcpp: 16.0.14 (/opt/ros/humble/share/rclcpp/cmake)
[0.206s] -- Found rosidl_generator_c: 3.1.7 (/opt/ros/humble/share/rosidl_generator_c/cmake)
[0.211s] -- Found rosidl_adapter: 3.1.7 (/opt/ros/humble/share/rosidl_adapter/cmake)
[0.226s] -- Found rosidl_generator_cpp: 3.1.7 (/opt/ros/humble/share/rosidl_generator_cpp/cmake)
[0.237s] -- Using all available rosidl_typesupport_c: rosidl_typesupport_fastrtps_c;rosidl_typesupport_introspection_c
[0.250s] -- Using all available rosidl_typesupport_cpp: rosidl_typesupport_fastrtps_cpp;rosidl_typesupport_introspection_cpp
[0.286s] -- Found rmw_implementation_cmake: 6.1.2 (/opt/ros/humble/share/rmw_implementation_cmake/cmake)
[0.289s] -- Found rmw_fastrtps_cpp: 6.2.8 (/opt/ros/humble/share/rmw_fastrtps_cpp/cmake)
[0.363s] -- Using RMW implementation 'rmw_fastrtps_cpp' as default
[0.417s] -- Found geometry_msgs: 4.9.0 (/opt/ros/humble/share/geometry_msgs/cmake)
[0.433s] -- Found turtlesim: 1.4.2 (/opt/ros/humble/share/turtlesim/cmake)
[0.472s] -- Found ament_lint_auto: 0.12.14 (/opt/ros/humble/share/ament_lint_auto/cmake)
[0.527s] -- Added test 'cppcheck' to perform static code analysis on C / C++ code
[0.527s] -- Configured cppcheck include dirs: 
[0.527s] -- Configured cppcheck exclude dirs and/or files: 
[0.528s] -- Added test 'lint_cmake' to check CMake code style
[0.529s] -- Added test 'uncrustify' to check C / C++ code style
[0.529s] -- Configured uncrustify additional arguments: 
[0.530s] -- Added test 'xmllint' to check XML markup files
[0.532s] -- Configuring done
[0.550s] -- Generating done
[0.553s] -- Build files have been written to: /home/ethan/ros2/chapt3/topic_ws/build/demo_cpp_topic
[0.571s] [35m[1mConsolidate compiler generated dependencies of target turtle_circle[0m
[0.577s] [ 25%] [32mBuilding CXX object CMakeFiles/turtle_control.dir/src/turtle_control.cpp.o[0m
[0.582s] [ 75%] Built target turtle_circle
[5.793s] [100%] [32m[1mLinking CXX executable turtle_control[0m
[6.120s] [100%] Built target turtle_control
[6.127s] Invoked command in '/home/ethan/ros2/chapt3/topic_ws/build/demo_cpp_topic' returned '0': CMAKE_PREFIX_PATH=/opt/ros/humble /usr/bin/cmake --build /home/ethan/ros2/chapt3/topic_ws/build/demo_cpp_topic -- -j8 -l8
[6.133s] Invoking command in '/home/ethan/ros2/chapt3/topic_ws/build/demo_cpp_topic': CMAKE_PREFIX_PATH=/opt/ros/humble /usr/bin/cmake --install /home/ethan/ros2/chapt3/topic_ws/build/demo_cpp_topic
[6.137s] -- Install configuration: ""
[6.139s] -- Up-to-date: /home/ethan/ros2/chapt3/topic_ws/install/demo_cpp_topic/lib/demo_cpp_topic/turtle_circle
[6.139s] -- Installing: /home/ethan/ros2/chapt3/topic_ws/install/demo_cpp_topic/lib/demo_cpp_topic/turtle_control
[6.141s] -- Set runtime path of "/home/ethan/ros2/chapt3/topic_ws/install/demo_cpp_topic/lib/demo_cpp_topic/turtle_control" to ""
[6.141s] -- Up-to-date: /home/ethan/ros2/chapt3/topic_ws/install/demo_cpp_topic/share/ament_index/resource_index/package_run_dependencies/demo_cpp_topic
[6.141s] -- Installing: /home/ethan/ros2/chapt3/topic_ws/install/demo_cpp_topic/share/ament_index/resource_index/parent_prefix_path/demo_cpp_topic
[6.141s] -- Up-to-date: /home/ethan/ros2/chapt3/topic_ws/install/demo_cpp_topic/share/demo_cpp_topic/environment/ament_prefix_path.sh
[6.141s] -- Installing: /home/ethan/ros2/chapt3/topic_ws/install/demo_cpp_topic/share/demo_cpp_topic/environment/ament_prefix_path.dsv
[6.141s] -- Up-to-date: /home/ethan/ros2/chapt3/topic_ws/install/demo_cpp_topic/share/demo_cpp_topic/environment/path.sh
[6.141s] -- Installing: /home/ethan/ros2/chapt3/topic_ws/install/demo_cpp_topic/share/demo_cpp_topic/environment/path.dsv
[6.141s] -- Up-to-date: /home/ethan/ros2/chapt3/topic_ws/install/demo_cpp_topic/share/demo_cpp_topic/local_setup.bash
[6.142s] -- Up-to-date: /home/ethan/ros2/chapt3/topic_ws/install/demo_cpp_topic/share/demo_cpp_topic/local_setup.sh
[6.142s] -- Up-to-date: /home/ethan/ros2/chapt3/topic_ws/install/demo_cpp_topic/share/demo_cpp_topic/local_setup.zsh
[6.142s] -- Installing: /home/ethan/ros2/chapt3/topic_ws/install/demo_cpp_topic/share/demo_cpp_topic/local_setup.dsv
[6.142s] -- Installing: /home/ethan/ros2/chapt3/topic_ws/install/demo_cpp_topic/share/demo_cpp_topic/package.dsv
[6.142s] -- Up-to-date: /home/ethan/ros2/chapt3/topic_ws/install/demo_cpp_topic/share/ament_index/resource_index/packages/demo_cpp_topic
[6.142s] -- Up-to-date: /home/ethan/ros2/chapt3/topic_ws/install/demo_cpp_topic/share/demo_cpp_topic/cmake/demo_cpp_topicConfig.cmake
[6.142s] -- Up-to-date: /home/ethan/ros2/chapt3/topic_ws/install/demo_cpp_topic/share/demo_cpp_topic/cmake/demo_cpp_topicConfig-version.cmake
[6.142s] -- Up-to-date: /home/ethan/ros2/chapt3/topic_ws/install/demo_cpp_topic/share/demo_cpp_topic/package.xml
[6.143s] Invoked command in '/home/ethan/ros2/chapt3/topic_ws/build/demo_cpp_topic' returned '0': CMAKE_PREFIX_PATH=/opt/ros/humble /usr/bin/cmake --install /home/ethan/ros2/chapt3/topic_ws/build/demo_cpp_topic
