[0.008s] Invoking command in '/home/ethan/ros2/chapt3/topic_practice_ws/build/status_display': AMENT_PREFIX_PATH=/home/ethan/ros2/chapt3/topic_practice_ws/install/status_interfaces:${AMENT_PREFIX_PATH} CMAKE_PREFIX_PATH=/home/ethan/ros2/chapt3/topic_practice_ws/install/status_interfaces:/opt/ros/humble LD_LIBRARY_PATH=/home/ethan/ros2/chapt3/topic_practice_ws/install/status_interfaces/lib:${LD_LIBRARY_PATH} PYTHONPATH=/home/ethan/ros2/chapt3/topic_practice_ws/install/status_interfaces/local/lib/python3.10/dist-packages:${PYTHONPATH} /usr/bin/cmake --build /home/ethan/ros2/chapt3/topic_practice_ws/build/status_display -- -j8 -l8
[0.077s] -- Found ament_cmake: 1.3.12 (/opt/ros/humble/share/ament_cmake/cmake)
[0.222s] -- Found rclcpp: 16.0.14 (/opt/ros/humble/share/rclcpp/cmake)
[0.276s] -- Found rosidl_generator_c: 3.1.7 (/opt/ros/humble/share/rosidl_generator_c/cmake)
[0.283s] -- Found rosidl_adapter: 3.1.7 (/opt/ros/humble/share/rosidl_adapter/cmake)
[0.296s] -- Found rosidl_generator_cpp: 3.1.7 (/opt/ros/humble/share/rosidl_generator_cpp/cmake)
[0.311s] -- Using all available rosidl_typesupport_c: rosidl_typesupport_fastrtps_c;rosidl_typesupport_introspection_c
[0.327s] -- Using all available rosidl_typesupport_cpp: rosidl_typesupport_fastrtps_cpp;rosidl_typesupport_introspection_cpp
[0.380s] -- Found rmw_implementation_cmake: 6.1.2 (/opt/ros/humble/share/rmw_implementation_cmake/cmake)
[0.386s] -- Found rmw_fastrtps_cpp: 6.2.8 (/opt/ros/humble/share/rmw_fastrtps_cpp/cmake)
[0.481s] -- Using RMW implementation 'rmw_fastrtps_cpp' as default
[0.555s] -- Found status_interfaces: 0.0.0 (/home/ethan/ros2/chapt3/topic_practice_ws/install/status_interfaces/share/status_interfaces/cmake)
[0.587s] -- Found ament_lint_auto: 0.12.14 (/opt/ros/humble/share/ament_lint_auto/cmake)
[0.669s] -- Added test 'cppcheck' to perform static code analysis on C / C++ code
[0.670s] -- Configured cppcheck include dirs: 
[0.670s] -- Configured cppcheck exclude dirs and/or files: 
[0.670s] -- Added test 'lint_cmake' to check CMake code style
[0.670s] -- Added test 'uncrustify' to check C / C++ code style
[0.670s] -- Configured uncrustify additional arguments: 
[0.670s] -- Added test 'xmllint' to check XML markup files
[0.672s] -- Configuring done
[0.691s] -- Generating done
[0.698s] -- Build files have been written to: /home/ethan/ros2/chapt3/topic_practice_ws/build/status_display
[0.728s] [35m[1mConsolidate compiler generated dependencies of target hello_qt[0m
[0.736s] [ 25%] [32mBuilding CXX object CMakeFiles/hello_qt.dir/src/hello_qt.cpp.o[0m
[0.736s] [ 50%] [32mBuilding CXX object CMakeFiles/sys_status_display.dir/src/sys_status_display.cpp.o[0m
[1.556s] [ 75%] [32m[1mLinking CXX executable hello_qt[0m
[1.838s] [ 75%] Built target hello_qt
[7.423s] [100%] [32m[1mLinking CXX executable sys_status_display[0m
[8.132s] [100%] Built target sys_status_display
[8.143s] Invoked command in '/home/ethan/ros2/chapt3/topic_practice_ws/build/status_display' returned '0': AMENT_PREFIX_PATH=/home/ethan/ros2/chapt3/topic_practice_ws/install/status_interfaces:${AMENT_PREFIX_PATH} CMAKE_PREFIX_PATH=/home/ethan/ros2/chapt3/topic_practice_ws/install/status_interfaces:/opt/ros/humble LD_LIBRARY_PATH=/home/ethan/ros2/chapt3/topic_practice_ws/install/status_interfaces/lib:${LD_LIBRARY_PATH} PYTHONPATH=/home/ethan/ros2/chapt3/topic_practice_ws/install/status_interfaces/local/lib/python3.10/dist-packages:${PYTHONPATH} /usr/bin/cmake --build /home/ethan/ros2/chapt3/topic_practice_ws/build/status_display -- -j8 -l8
[8.145s] Invoking command in '/home/ethan/ros2/chapt3/topic_practice_ws/build/status_display': AMENT_PREFIX_PATH=/home/ethan/ros2/chapt3/topic_practice_ws/install/status_interfaces:${AMENT_PREFIX_PATH} CMAKE_PREFIX_PATH=/home/ethan/ros2/chapt3/topic_practice_ws/install/status_interfaces:/opt/ros/humble LD_LIBRARY_PATH=/home/ethan/ros2/chapt3/topic_practice_ws/install/status_interfaces/lib:${LD_LIBRARY_PATH} PYTHONPATH=/home/ethan/ros2/chapt3/topic_practice_ws/install/status_interfaces/local/lib/python3.10/dist-packages:${PYTHONPATH} /usr/bin/cmake --install /home/ethan/ros2/chapt3/topic_practice_ws/build/status_display
[8.150s] -- Install configuration: ""
[8.151s] -- Installing: /home/ethan/ros2/chapt3/topic_practice_ws/install/status_display/lib/status_display/hello_qt
[8.152s] -- Installing: /home/ethan/ros2/chapt3/topic_practice_ws/install/status_display/lib/status_display/sys_status_display
[8.154s] -- Set runtime path of "/home/ethan/ros2/chapt3/topic_practice_ws/install/status_display/lib/status_display/sys_status_display" to ""
[8.155s] -- Up-to-date: /home/ethan/ros2/chapt3/topic_practice_ws/install/status_display/share/ament_index/resource_index/package_run_dependencies/status_display
[8.156s] -- Installing: /home/ethan/ros2/chapt3/topic_practice_ws/install/status_display/share/ament_index/resource_index/parent_prefix_path/status_display
[8.156s] -- Up-to-date: /home/ethan/ros2/chapt3/topic_practice_ws/install/status_display/share/status_display/environment/ament_prefix_path.sh
[8.156s] -- Installing: /home/ethan/ros2/chapt3/topic_practice_ws/install/status_display/share/status_display/environment/ament_prefix_path.dsv
[8.156s] -- Up-to-date: /home/ethan/ros2/chapt3/topic_practice_ws/install/status_display/share/status_display/environment/path.sh
[8.156s] -- Installing: /home/ethan/ros2/chapt3/topic_practice_ws/install/status_display/share/status_display/environment/path.dsv
[8.156s] -- Up-to-date: /home/ethan/ros2/chapt3/topic_practice_ws/install/status_display/share/status_display/local_setup.bash
[8.157s] -- Up-to-date: /home/ethan/ros2/chapt3/topic_practice_ws/install/status_display/share/status_display/local_setup.sh
[8.157s] -- Up-to-date: /home/ethan/ros2/chapt3/topic_practice_ws/install/status_display/share/status_display/local_setup.zsh
[8.157s] -- Installing: /home/ethan/ros2/chapt3/topic_practice_ws/install/status_display/share/status_display/local_setup.dsv
[8.157s] -- Installing: /home/ethan/ros2/chapt3/topic_practice_ws/install/status_display/share/status_display/package.dsv
[8.157s] -- Up-to-date: /home/ethan/ros2/chapt3/topic_practice_ws/install/status_display/share/ament_index/resource_index/packages/status_display
[8.157s] -- Up-to-date: /home/ethan/ros2/chapt3/topic_practice_ws/install/status_display/share/status_display/cmake/status_displayConfig.cmake
[8.157s] -- Up-to-date: /home/ethan/ros2/chapt3/topic_practice_ws/install/status_display/share/status_display/cmake/status_displayConfig-version.cmake
[8.157s] -- Up-to-date: /home/ethan/ros2/chapt3/topic_practice_ws/install/status_display/share/status_display/package.xml
[8.158s] Invoked command in '/home/ethan/ros2/chapt3/topic_practice_ws/build/status_display' returned '0': AMENT_PREFIX_PATH=/home/ethan/ros2/chapt3/topic_practice_ws/install/status_interfaces:${AMENT_PREFIX_PATH} CMAKE_PREFIX_PATH=/home/ethan/ros2/chapt3/topic_practice_ws/install/status_interfaces:/opt/ros/humble LD_LIBRARY_PATH=/home/ethan/ros2/chapt3/topic_practice_ws/install/status_interfaces/lib:${LD_LIBRARY_PATH} PYTHONPATH=/home/ethan/ros2/chapt3/topic_practice_ws/install/status_interfaces/local/lib/python3.10/dist-packages:${PYTHONPATH} /usr/bin/cmake --install /home/ethan/ros2/chapt3/topic_practice_ws/build/status_display
