[0.012s] Invoking command in '/home/ethan/ros2/chapt3/topic_ws/build/demo_cpp_topic': CMAKE_PREFIX_PATH=${CMAKE_PREFIX_PATH}:/home/ethan/ros2/chapt3/topic_ws/install/demo_python_topic:/opt/ros/humble /usr/bin/cmake --build /home/ethan/ros2/chapt3/topic_ws/build/demo_cpp_topic -- -j8 -l8
[0.062s] [100%] Built target turtle_circle
[0.170s] Invoked command in '/home/ethan/ros2/chapt3/topic_ws/build/demo_cpp_topic' returned '0': CMAKE_PREFIX_PATH=${CMAKE_PREFIX_PATH}:/home/ethan/ros2/chapt3/topic_ws/install/demo_python_topic:/opt/ros/humble /usr/bin/cmake --build /home/ethan/ros2/chapt3/topic_ws/build/demo_cpp_topic -- -j8 -l8
[0.178s] Invoking command in '/home/ethan/ros2/chapt3/topic_ws/build/demo_cpp_topic': CMAKE_PREFIX_PATH=${CMAKE_PREFIX_PATH}:/home/ethan/ros2/chapt3/topic_ws/install/demo_python_topic:/opt/ros/humble /usr/bin/cmake --install /home/ethan/ros2/chapt3/topic_ws/build/demo_cpp_topic
[0.183s] -- Install configuration: ""
[0.183s] -- Up-to-date: /home/ethan/ros2/chapt3/topic_ws/install/demo_cpp_topic/lib/demo_cpp_topic/turtle_circle
[0.184s] -- Up-to-date: /home/ethan/ros2/chapt3/topic_ws/install/demo_cpp_topic/share/ament_index/resource_index/package_run_dependencies/demo_cpp_topic
[0.184s] -- Up-to-date: /home/ethan/ros2/chapt3/topic_ws/install/demo_cpp_topic/share/ament_index/resource_index/parent_prefix_path/demo_cpp_topic
[0.184s] -- Up-to-date: /home/ethan/ros2/chapt3/topic_ws/install/demo_cpp_topic/share/demo_cpp_topic/environment/ament_prefix_path.sh
[0.184s] -- Up-to-date: /home/ethan/ros2/chapt3/topic_ws/install/demo_cpp_topic/share/demo_cpp_topic/environment/ament_prefix_path.dsv
[0.184s] -- Up-to-date: /home/ethan/ros2/chapt3/topic_ws/install/demo_cpp_topic/share/demo_cpp_topic/environment/path.sh
[0.184s] -- Up-to-date: /home/ethan/ros2/chapt3/topic_ws/install/demo_cpp_topic/share/demo_cpp_topic/environment/path.dsv
[0.184s] -- Up-to-date: /home/ethan/ros2/chapt3/topic_ws/install/demo_cpp_topic/share/demo_cpp_topic/local_setup.bash
[0.185s] -- Up-to-date: /home/ethan/ros2/chapt3/topic_ws/install/demo_cpp_topic/share/demo_cpp_topic/local_setup.sh
[0.185s] -- Up-to-date: /home/ethan/ros2/chapt3/topic_ws/install/demo_cpp_topic/share/demo_cpp_topic/local_setup.zsh
[0.185s] -- Up-to-date: /home/ethan/ros2/chapt3/topic_ws/install/demo_cpp_topic/share/demo_cpp_topic/local_setup.dsv
[0.185s] -- Installing: /home/ethan/ros2/chapt3/topic_ws/install/demo_cpp_topic/share/demo_cpp_topic/package.dsv
[0.185s] -- Up-to-date: /home/ethan/ros2/chapt3/topic_ws/install/demo_cpp_topic/share/ament_index/resource_index/packages/demo_cpp_topic
[0.185s] -- Up-to-date: /home/ethan/ros2/chapt3/topic_ws/install/demo_cpp_topic/share/demo_cpp_topic/cmake/demo_cpp_topicConfig.cmake
[0.185s] -- Up-to-date: /home/ethan/ros2/chapt3/topic_ws/install/demo_cpp_topic/share/demo_cpp_topic/cmake/demo_cpp_topicConfig-version.cmake
[0.185s] -- Up-to-date: /home/ethan/ros2/chapt3/topic_ws/install/demo_cpp_topic/share/demo_cpp_topic/package.xml
[0.185s] Invoked command in '/home/ethan/ros2/chapt3/topic_ws/build/demo_cpp_topic' returned '0': CMAKE_PREFIX_PATH=${CMAKE_PREFIX_PATH}:/home/ethan/ros2/chapt3/topic_ws/install/demo_python_topic:/opt/ros/humble /usr/bin/cmake --install /home/ethan/ros2/chapt3/topic_ws/build/demo_cpp_topic
