[0.345s] Invoking command in '/home/ethan/ros2/chapt3/topic_practice_ws/src/status_publisher': PYTHONPATH=/home/ethan/ros2/chapt3/topic_practice_ws/build/status_publisher/prefix_override:/usr/lib/python3/dist-packages/colcon_core/task/python/colcon_distutils_commands:/home/ethan/ros2/chapt3/topic_practice_ws/install/status_publisher/lib/python3.10/site-packages:${PYTHONPATH} /usr/bin/python3 -W ignore:setup.py install is deprecated -W ignore:easy_install command is deprecated setup.py egg_info --egg-base ../../build/status_publisher build --build-base /home/ethan/ros2/chapt3/topic_practice_ws/build/status_publisher/build install --record /home/ethan/ros2/chapt3/topic_practice_ws/build/status_publisher/install.log --single-version-externally-managed install_data
[0.482s] running egg_info
[0.482s] writing ../../build/status_publisher/status_publisher.egg-info/PKG-INFO
[0.483s] writing dependency_links to ../../build/status_publisher/status_publisher.egg-info/dependency_links.txt
[0.484s] writing entry points to ../../build/status_publisher/status_publisher.egg-info/entry_points.txt
[0.484s] writing requirements to ../../build/status_publisher/status_publisher.egg-info/requires.txt
[0.484s] writing top-level names to ../../build/status_publisher/status_publisher.egg-info/top_level.txt
[0.485s] reading manifest file '../../build/status_publisher/status_publisher.egg-info/SOURCES.txt'
[0.485s] adding license file 'LICENSE'
[0.485s] writing manifest file '../../build/status_publisher/status_publisher.egg-info/SOURCES.txt'
[0.485s] running build
[0.485s] running build_py
[0.485s] copying status_publisher/sys_status_pub.py -> /home/ethan/ros2/chapt3/topic_practice_ws/build/status_publisher/build/lib/status_publisher
[0.485s] running install
[0.485s] running install_lib
[0.486s] copying /home/ethan/ros2/chapt3/topic_practice_ws/build/status_publisher/build/lib/status_publisher/sys_status_pub.py -> /home/ethan/ros2/chapt3/topic_practice_ws/install/status_publisher/lib/python3.10/site-packages/status_publisher
[0.486s] byte-compiling /home/ethan/ros2/chapt3/topic_practice_ws/install/status_publisher/lib/python3.10/site-packages/status_publisher/sys_status_pub.py to sys_status_pub.cpython-310.pyc
[0.486s] running install_data
[0.486s] running install_egg_info
[0.487s] removing '/home/ethan/ros2/chapt3/topic_practice_ws/install/status_publisher/lib/python3.10/site-packages/status_publisher-0.0.0-py3.10.egg-info' (and everything under it)
[0.488s] Copying ../../build/status_publisher/status_publisher.egg-info to /home/ethan/ros2/chapt3/topic_practice_ws/install/status_publisher/lib/python3.10/site-packages/status_publisher-0.0.0-py3.10.egg-info
[0.488s] running install_scripts
[0.501s] Installing sys_status_pub script to /home/ethan/ros2/chapt3/topic_practice_ws/install/status_publisher/lib/status_publisher
[0.501s] writing list of installed files to '/home/ethan/ros2/chapt3/topic_practice_ws/build/status_publisher/install.log'
[0.517s] Invoked command in '/home/ethan/ros2/chapt3/topic_practice_ws/src/status_publisher' returned '0': PYTHONPATH=/home/ethan/ros2/chapt3/topic_practice_ws/build/status_publisher/prefix_override:/usr/lib/python3/dist-packages/colcon_core/task/python/colcon_distutils_commands:/home/ethan/ros2/chapt3/topic_practice_ws/install/status_publisher/lib/python3.10/site-packages:${PYTHONPATH} /usr/bin/python3 -W ignore:setup.py install is deprecated -W ignore:easy_install command is deprecated setup.py egg_info --egg-base ../../build/status_publisher build --build-base /home/ethan/ros2/chapt3/topic_practice_ws/build/status_publisher/build install --record /home/ethan/ros2/chapt3/topic_practice_ws/build/status_publisher/install.log --single-version-externally-managed install_data
