[0.412s] Invoking command in '/home/ethan/ros2/chapt3/topic_ws/src/demo_python_topic': PYTHONPATH=/home/ethan/ros2/chapt3/topic_ws/build/demo_python_topic/prefix_override:/usr/lib/python3/dist-packages/colcon_core/task/python/colcon_distutils_commands:/home/ethan/ros2/chapt3/topic_ws/install/demo_python_topic/lib/python3.10/site-packages:${PYTHONPATH} /usr/bin/python3 -W ignore:setup.py install is deprecated -W ignore:easy_install command is deprecated setup.py egg_info --egg-base ../../build/demo_python_topic build --build-base /home/ethan/ros2/chapt3/topic_ws/build/demo_python_topic/build install --record /home/ethan/ros2/chapt3/topic_ws/build/demo_python_topic/install.log --single-version-externally-managed install_data
[0.542s] running egg_info
[0.542s] writing ../../build/demo_python_topic/demo_python_topic.egg-info/PKG-INFO
[0.543s] writing dependency_links to ../../build/demo_python_topic/demo_python_topic.egg-info/dependency_links.txt
[0.543s] writing entry points to ../../build/demo_python_topic/demo_python_topic.egg-info/entry_points.txt
[0.543s] writing requirements to ../../build/demo_python_topic/demo_python_topic.egg-info/requires.txt
[0.544s] writing top-level names to ../../build/demo_python_topic/demo_python_topic.egg-info/top_level.txt
[0.544s] reading manifest file '../../build/demo_python_topic/demo_python_topic.egg-info/SOURCES.txt'
[0.546s] adding license file 'LICENSE'
[0.546s] writing manifest file '../../build/demo_python_topic/demo_python_topic.egg-info/SOURCES.txt'
[0.546s] running build
[0.546s] running build_py
[0.546s] copying demo_python_topic/baidu_demo.py -> /home/ethan/ros2/chapt3/topic_ws/build/demo_python_topic/build/lib/demo_python_topic
[0.546s] copying demo_python_topic/novel_sub_baidu_node.py -> /home/ethan/ros2/chapt3/topic_ws/build/demo_python_topic/build/lib/demo_python_topic
[0.546s] running install
[0.546s] running install_lib
[0.547s] copying /home/ethan/ros2/chapt3/topic_ws/build/demo_python_topic/build/lib/demo_python_topic/baidu_demo.py -> /home/ethan/ros2/chapt3/topic_ws/install/demo_python_topic/lib/python3.10/site-packages/demo_python_topic
[0.547s] copying /home/ethan/ros2/chapt3/topic_ws/build/demo_python_topic/build/lib/demo_python_topic/novel_sub_baidu_node.py -> /home/ethan/ros2/chapt3/topic_ws/install/demo_python_topic/lib/python3.10/site-packages/demo_python_topic
[0.548s] byte-compiling /home/ethan/ros2/chapt3/topic_ws/install/demo_python_topic/lib/python3.10/site-packages/demo_python_topic/baidu_demo.py to baidu_demo.cpython-310.pyc
[0.549s] byte-compiling /home/ethan/ros2/chapt3/topic_ws/install/demo_python_topic/lib/python3.10/site-packages/demo_python_topic/novel_sub_baidu_node.py to novel_sub_baidu_node.cpython-310.pyc
[0.549s] running install_data
[0.549s] running install_egg_info
[0.551s] removing '/home/ethan/ros2/chapt3/topic_ws/install/demo_python_topic/lib/python3.10/site-packages/demo_python_topic-0.0.0-py3.10.egg-info' (and everything under it)
[0.551s] Copying ../../build/demo_python_topic/demo_python_topic.egg-info to /home/ethan/ros2/chapt3/topic_ws/install/demo_python_topic/lib/python3.10/site-packages/demo_python_topic-0.0.0-py3.10.egg-info
[0.551s] running install_scripts
[0.564s] Installing novel_pub_node script to /home/ethan/ros2/chapt3/topic_ws/install/demo_python_topic/lib/demo_python_topic
[0.564s] Installing novel_sub_baidu_node script to /home/ethan/ros2/chapt3/topic_ws/install/demo_python_topic/lib/demo_python_topic
[0.565s] Installing novel_sub_node script to /home/ethan/ros2/chapt3/topic_ws/install/demo_python_topic/lib/demo_python_topic
[0.565s] writing list of installed files to '/home/ethan/ros2/chapt3/topic_ws/build/demo_python_topic/install.log'
[0.581s] Invoked command in '/home/ethan/ros2/chapt3/topic_ws/src/demo_python_topic' returned '0': PYTHONPATH=/home/ethan/ros2/chapt3/topic_ws/build/demo_python_topic/prefix_override:/usr/lib/python3/dist-packages/colcon_core/task/python/colcon_distutils_commands:/home/ethan/ros2/chapt3/topic_ws/install/demo_python_topic/lib/python3.10/site-packages:${PYTHONPATH} /usr/bin/python3 -W ignore:setup.py install is deprecated -W ignore:easy_install command is deprecated setup.py egg_info --egg-base ../../build/demo_python_topic build --build-base /home/ethan/ros2/chapt3/topic_ws/build/demo_python_topic/build install --record /home/ethan/ros2/chapt3/topic_ws/build/demo_python_topic/install.log --single-version-externally-managed install_data
