[0.330s] Invoking command in '/home/ethan/ros2/chapt3/topic_ws/src/demo_python_topic': PYTHONPATH=/home/ethan/ros2/chapt3/topic_ws/build/demo_python_topic/prefix_override:/usr/lib/python3/dist-packages/colcon_core/task/python/colcon_distutils_commands:/home/ethan/ros2/chapt3/topic_ws/install/demo_python_topic/lib/python3.10/site-packages:${PYTHONPATH} /usr/bin/python3 -W ignore:setup.py install is deprecated -W ignore:easy_install command is deprecated setup.py egg_info --egg-base ../../build/demo_python_topic build --build-base /home/ethan/ros2/chapt3/topic_ws/build/demo_python_topic/build install --record /home/ethan/ros2/chapt3/topic_ws/build/demo_python_topic/install.log --single-version-externally-managed install_data
[0.443s] running egg_info
[0.443s] writing ../../build/demo_python_topic/demo_python_topic.egg-info/PKG-INFO
[0.444s] writing dependency_links to ../../build/demo_python_topic/demo_python_topic.egg-info/dependency_links.txt
[0.444s] writing entry points to ../../build/demo_python_topic/demo_python_topic.egg-info/entry_points.txt
[0.444s] writing requirements to ../../build/demo_python_topic/demo_python_topic.egg-info/requires.txt
[0.444s] writing top-level names to ../../build/demo_python_topic/demo_python_topic.egg-info/top_level.txt
[0.445s] reading manifest file '../../build/demo_python_topic/demo_python_topic.egg-info/SOURCES.txt'
[0.445s] adding license file 'LICENSE'
[0.445s] writing manifest file '../../build/demo_python_topic/demo_python_topic.egg-info/SOURCES.txt'
[0.445s] running build
[0.445s] running build_py
[0.446s] running install
[0.446s] running install_lib
[0.446s] running install_data
[0.446s] running install_egg_info
[0.447s] removing '/home/ethan/ros2/chapt3/topic_ws/install/demo_python_topic/lib/python3.10/site-packages/demo_python_topic-0.0.0-py3.10.egg-info' (and everything under it)
[0.447s] Copying ../../build/demo_python_topic/demo_python_topic.egg-info to /home/ethan/ros2/chapt3/topic_ws/install/demo_python_topic/lib/python3.10/site-packages/demo_python_topic-0.0.0-py3.10.egg-info
[0.448s] running install_scripts
[0.461s] Installing novel_pub_node script to /home/ethan/ros2/chapt3/topic_ws/install/demo_python_topic/lib/demo_python_topic
[0.461s] writing list of installed files to '/home/ethan/ros2/chapt3/topic_ws/build/demo_python_topic/install.log'
[0.475s] Invoked command in '/home/ethan/ros2/chapt3/topic_ws/src/demo_python_topic' returned '0': PYTHONPATH=/home/ethan/ros2/chapt3/topic_ws/build/demo_python_topic/prefix_override:/usr/lib/python3/dist-packages/colcon_core/task/python/colcon_distutils_commands:/home/ethan/ros2/chapt3/topic_ws/install/demo_python_topic/lib/python3.10/site-packages:${PYTHONPATH} /usr/bin/python3 -W ignore:setup.py install is deprecated -W ignore:easy_install command is deprecated setup.py egg_info --egg-base ../../build/demo_python_topic build --build-base /home/ethan/ros2/chapt3/topic_ws/build/demo_python_topic/build install --record /home/ethan/ros2/chapt3/topic_ws/build/demo_python_topic/install.log --single-version-externally-managed install_data
