[0.007s] Invoking command in '/home/ethan/ros2/chapt3/topic_practice_ws/build/status_display': CMAKE_PREFIX_PATH=${CMAKE_PREFIX_PATH}:/home/ethan/ros2/chapt3/topic_practice_ws/install/status_publisher:/opt/ros/humble /usr/bin/cmake --build /home/ethan/ros2/chapt3/topic_practice_ws/build/status_display -- -j8 -l8
[0.040s] [35m[1mConsolidate compiler generated dependencies of target hello_qt[0m
[0.049s] [ 50%] [32mBuilding CXX object CMakeFiles/hello_qt.dir/src/hello_qt.cpp.o[0m
[1.040s] [100%] [32m[1mLinking CXX executable hello_qt[0m
[1.243s] [100%] Built target hello_qt
[1.252s] Invoked command in '/home/ethan/ros2/chapt3/topic_practice_ws/build/status_display' returned '0': CMAKE_PREFIX_PATH=${CMAKE_PREFIX_PATH}:/home/ethan/ros2/chapt3/topic_practice_ws/install/status_publisher:/opt/ros/humble /usr/bin/cmake --build /home/ethan/ros2/chapt3/topic_practice_ws/build/status_display -- -j8 -l8
[1.254s] Invoking command in '/home/ethan/ros2/chapt3/topic_practice_ws/build/status_display': CMAKE_PREFIX_PATH=${CMAKE_PREFIX_PATH}:/home/ethan/ros2/chapt3/topic_practice_ws/install/status_publisher:/opt/ros/humble /usr/bin/cmake --install /home/ethan/ros2/chapt3/topic_practice_ws/build/status_display
[1.258s] -- Install configuration: ""
[1.258s] -- Installing: /home/ethan/ros2/chapt3/topic_practice_ws/install/status_display/lib/status_display/hello_qt
[1.259s] -- Installing: /home/ethan/ros2/chapt3/topic_practice_ws/install/status_display/share/ament_index/resource_index/package_run_dependencies/status_display
[1.259s] -- Installing: /home/ethan/ros2/chapt3/topic_practice_ws/install/status_display/share/ament_index/resource_index/parent_prefix_path/status_display
[1.259s] -- Installing: /home/ethan/ros2/chapt3/topic_practice_ws/install/status_display/share/status_display/environment/ament_prefix_path.sh
[1.259s] -- Installing: /home/ethan/ros2/chapt3/topic_practice_ws/install/status_display/share/status_display/environment/ament_prefix_path.dsv
[1.259s] -- Installing: /home/ethan/ros2/chapt3/topic_practice_ws/install/status_display/share/status_display/environment/path.sh
[1.259s] -- Installing: /home/ethan/ros2/chapt3/topic_practice_ws/install/status_display/share/status_display/environment/path.dsv
[1.259s] -- Installing: /home/ethan/ros2/chapt3/topic_practice_ws/install/status_display/share/status_display/local_setup.bash
[1.259s] -- Installing: /home/ethan/ros2/chapt3/topic_practice_ws/install/status_display/share/status_display/local_setup.sh
[1.259s] -- Installing: /home/ethan/ros2/chapt3/topic_practice_ws/install/status_display/share/status_display/local_setup.zsh
[1.259s] -- Installing: /home/ethan/ros2/chapt3/topic_practice_ws/install/status_display/share/status_display/local_setup.dsv
[1.259s] -- Installing: /home/ethan/ros2/chapt3/topic_practice_ws/install/status_display/share/status_display/package.dsv
[1.259s] -- Installing: /home/ethan/ros2/chapt3/topic_practice_ws/install/status_display/share/ament_index/resource_index/packages/status_display
[1.259s] -- Installing: /home/ethan/ros2/chapt3/topic_practice_ws/install/status_display/share/status_display/cmake/status_displayConfig.cmake
[1.259s] -- Installing: /home/ethan/ros2/chapt3/topic_practice_ws/install/status_display/share/status_display/cmake/status_displayConfig-version.cmake
[1.259s] -- Installing: /home/ethan/ros2/chapt3/topic_practice_ws/install/status_display/share/status_display/package.xml
[1.260s] Invoked command in '/home/ethan/ros2/chapt3/topic_practice_ws/build/status_display' returned '0': CMAKE_PREFIX_PATH=${CMAKE_PREFIX_PATH}:/home/ethan/ros2/chapt3/topic_practice_ws/install/status_publisher:/opt/ros/humble /usr/bin/cmake --install /home/ethan/ros2/chapt3/topic_practice_ws/build/status_display
