[0.006s] Invoking command in '/home/ethan/ros2/chapt3/topic_practice_ws/build/status_interfaces': CMAKE_PREFIX_PATH=/opt/ros/humble /usr/bin/cmake /home/ethan/ros2/chapt3/topic_practice_ws/src/status_interfaces -DCMAKE_INSTALL_PREFIX=/home/ethan/ros2/chapt3/topic_practice_ws/install/status_interfaces
[0.017s] -- Found ament_cmake: 1.3.12 (/opt/ros/humble/share/ament_cmake/cmake)
[0.091s] -- Found rosidl_default_generators: 1.2.0 (/opt/ros/humble/share/rosidl_default_generators/cmake)
[0.091s] -- Using all available rosidl_typesupport_c: rosidl_typesupport_fastrtps_c;rosidl_typesupport_introspection_c
[0.093s] -- Found rosidl_adapter: 3.1.7 (/opt/ros/humble/share/rosidl_adapter/cmake)
[0.111s] -- Using all available rosidl_typesupport_cpp: rosidl_typesupport_fastrtps_cpp;rosidl_typesupport_introspection_cpp
[0.125s] -- Found builtin_interfaces: 1.2.2 (/opt/ros/humble/share/builtin_interfaces/cmake)
[0.282s] -- Found ament_cmake_ros: 0.10.0 (/opt/ros/humble/share/ament_cmake_ros/cmake)
[0.396s] -- Using all available rosidl_typesupport_c: rosidl_typesupport_fastrtps_c;rosidl_typesupport_introspection_c
[0.550s] -- Using all available rosidl_typesupport_cpp: rosidl_typesupport_fastrtps_cpp;rosidl_typesupport_introspection_cpp
[0.565s] -- Found PythonInterp: /usr/bin/python3 (found suitable version "3.10.12", minimum required is "3.6") 
[0.567s] -- Found python_cmake_module: 0.10.0 (/opt/ros/humble/share/python_cmake_module/cmake)
[0.584s] -- Found PythonLibs: /usr/lib/x86_64-linux-gnu/libpython3.10.so (found suitable version "3.10.12", minimum required is "3.5") 
[0.584s] -- Using PYTHON_EXECUTABLE: /usr/bin/python3
[0.584s] -- Using PYTHON_INCLUDE_DIRS: /usr/include/python3.10
[0.584s] -- Using PYTHON_LIBRARIES: /usr/lib/x86_64-linux-gnu/libpython3.10.so
[0.596s] -- Found PythonExtra: .so  
[0.620s] -- Found ament_lint_auto: 0.12.14 (/opt/ros/humble/share/ament_lint_auto/cmake)
[0.633s] -- Added test 'lint_cmake' to check CMake code style
[0.634s] -- Added test 'xmllint' to check XML markup files
[0.635s] -- Configuring done
[0.651s] -- Generating done
[0.657s] -- Build files have been written to: /home/ethan/ros2/chapt3/topic_practice_ws/build/status_interfaces
[0.663s] Invoked command in '/home/ethan/ros2/chapt3/topic_practice_ws/build/status_interfaces' returned '0': CMAKE_PREFIX_PATH=/opt/ros/humble /usr/bin/cmake /home/ethan/ros2/chapt3/topic_practice_ws/src/status_interfaces -DCMAKE_INSTALL_PREFIX=/home/ethan/ros2/chapt3/topic_practice_ws/install/status_interfaces
[0.663s] Invoking command in '/home/ethan/ros2/chapt3/topic_practice_ws/build/status_interfaces': CMAKE_PREFIX_PATH=/opt/ros/humble /usr/bin/cmake --build /home/ethan/ros2/chapt3/topic_practice_ws/build/status_interfaces -- -j8 -l8
[0.686s] [  3%] [34m[1mGenerating C code for ROS interfaces[0m
[0.691s] [  6%] [34m[1mGenerating C++ code for ROS interfaces[0m
[0.698s] [  6%] Built target ament_cmake_python_copy_status_interfaces
[0.838s] running egg_info
[0.839s] creating status_interfaces.egg-info
[0.839s] writing status_interfaces.egg-info/PKG-INFO
[0.839s] writing dependency_links to status_interfaces.egg-info/dependency_links.txt
[0.839s] writing top-level names to status_interfaces.egg-info/top_level.txt
[0.839s] writing manifest file 'status_interfaces.egg-info/SOURCES.txt'
[0.841s] reading manifest file 'status_interfaces.egg-info/SOURCES.txt'
[0.841s] writing manifest file 'status_interfaces.egg-info/SOURCES.txt'
[0.859s] [  6%] Built target ament_cmake_python_build_status_interfaces_egg
[0.882s] [  9%] [32mBuilding C object CMakeFiles/status_interfaces__rosidl_generator_c.dir/rosidl_generator_c/status_interfaces/msg/detail/system_status__functions.c.o[0m
[0.882s] [  9%] Built target status_interfaces__cpp
[0.889s] [ 19%] [34m[1mGenerating C++ introspection for ROS interfaces[0m
[0.889s] [ 19%] [34m[1mGenerating C++ type support for eProsima Fast-RTPS[0m
[0.889s] [ 19%] [34m[1mGenerating C++ type support dispatch for ROS interfaces[0m
[0.925s] [ 22%] [32m[1mLinking C shared library libstatus_interfaces__rosidl_generator_c.so[0m
[0.948s] [ 22%] Built target status_interfaces__rosidl_generator_c
[0.954s] [ 29%] [34m[1mGenerating C introspection for ROS interfaces[0m
[0.955s] [ 29%] [34m[1mGenerating C type support for eProsima Fast-RTPS[0m
[0.957s] [ 32%] [34m[1mGenerating C type support dispatch for ROS interfaces[0m
[1.076s] [ 35%] [32mBuilding CXX object CMakeFiles/status_interfaces__rosidl_typesupport_cpp.dir/rosidl_typesupport_cpp/status_interfaces/msg/system_status__type_support.cpp.o[0m
[1.093s] [ 38%] [32mBuilding CXX object CMakeFiles/status_interfaces__rosidl_typesupport_fastrtps_cpp.dir/rosidl_typesupport_fastrtps_cpp/status_interfaces/msg/detail/dds_fastrtps/system_status__type_support.cpp.o[0m
[1.102s] [ 41%] [32mBuilding CXX object CMakeFiles/status_interfaces__rosidl_typesupport_introspection_cpp.dir/rosidl_typesupport_introspection_cpp/status_interfaces/msg/detail/system_status__type_support.cpp.o[0m
[1.149s] [ 45%] [32mBuilding CXX object CMakeFiles/status_interfaces__rosidl_typesupport_c.dir/rosidl_typesupport_c/status_interfaces/msg/system_status__type_support.cpp.o[0m
[1.156s] [ 48%] [32mBuilding CXX object CMakeFiles/status_interfaces__rosidl_typesupport_fastrtps_c.dir/rosidl_typesupport_fastrtps_c/status_interfaces/msg/detail/system_status__type_support_c.cpp.o[0m
[1.163s] [ 51%] [32mBuilding C object CMakeFiles/status_interfaces__rosidl_typesupport_introspection_c.dir/rosidl_typesupport_introspection_c/status_interfaces/msg/detail/system_status__type_support.c.o[0m
[1.169s] [ 54%] [32m[1mLinking CXX shared library libstatus_interfaces__rosidl_typesupport_c.so[0m
[1.191s] [ 58%] [32m[1mLinking C shared library libstatus_interfaces__rosidl_typesupport_introspection_c.so[0m
[1.207s] [ 58%] Built target status_interfaces__rosidl_typesupport_c
[1.227s] [ 58%] Built target status_interfaces__rosidl_typesupport_introspection_c
[1.291s] [ 61%] [32m[1mLinking CXX shared library libstatus_interfaces__rosidl_typesupport_cpp.so[0m
[1.322s] [ 61%] Built target status_interfaces__rosidl_typesupport_cpp
[1.340s] [ 64%] [32m[1mLinking CXX shared library libstatus_interfaces__rosidl_typesupport_introspection_cpp.so[0m
[1.362s] [ 67%] [32m[1mLinking CXX shared library libstatus_interfaces__rosidl_typesupport_fastrtps_c.so[0m
[1.373s] [ 70%] [32m[1mLinking CXX shared library libstatus_interfaces__rosidl_typesupport_fastrtps_cpp.so[0m
[1.379s] [ 70%] Built target status_interfaces__rosidl_typesupport_introspection_cpp
[1.406s] [ 70%] Built target status_interfaces__rosidl_typesupport_fastrtps_c
[1.417s] [ 70%] Built target status_interfaces__rosidl_typesupport_fastrtps_cpp
[1.431s] [ 70%] Built target status_interfaces
[1.442s] [ 74%] [34m[1mGenerating Python code for ROS interfaces[0m
[1.683s] [ 74%] Built target status_interfaces__py
[1.695s] [ 77%] [32mBuilding C object CMakeFiles/status_interfaces__rosidl_generator_py.dir/rosidl_generator_py/status_interfaces/msg/_system_status_s.c.o[0m
[1.764s] [ 80%] [32m[1mLinking C shared library rosidl_generator_py/status_interfaces/libstatus_interfaces__rosidl_generator_py.so[0m
[1.789s] [ 80%] Built target status_interfaces__rosidl_generator_py
[1.802s] [ 83%] [32mBuilding C object CMakeFiles/status_interfaces__rosidl_typesupport_introspection_c__pyext.dir/rosidl_generator_py/status_interfaces/_status_interfaces_s.ep.rosidl_typesupport_introspection_c.c.o[0m
[1.802s] [ 87%] [32mBuilding C object CMakeFiles/status_interfaces__rosidl_typesupport_fastrtps_c__pyext.dir/rosidl_generator_py/status_interfaces/_status_interfaces_s.ep.rosidl_typesupport_fastrtps_c.c.o[0m
[1.805s] [ 90%] [32mBuilding C object CMakeFiles/status_interfaces__rosidl_typesupport_c__pyext.dir/rosidl_generator_py/status_interfaces/_status_interfaces_s.ep.rosidl_typesupport_c.c.o[0m
[1.856s] [ 93%] [32m[1mLinking C shared library rosidl_generator_py/status_interfaces/status_interfaces_s__rosidl_typesupport_c.cpython-310-x86_64-linux-gnu.so[0m
[1.857s] [ 96%] [32m[1mLinking C shared library rosidl_generator_py/status_interfaces/status_interfaces_s__rosidl_typesupport_introspection_c.cpython-310-x86_64-linux-gnu.so[0m
[1.859s] [100%] [32m[1mLinking C shared library rosidl_generator_py/status_interfaces/status_interfaces_s__rosidl_typesupport_fastrtps_c.cpython-310-x86_64-linux-gnu.so[0m
[1.879s] [100%] Built target status_interfaces__rosidl_typesupport_c__pyext
[1.880s] [100%] Built target status_interfaces__rosidl_typesupport_introspection_c__pyext
[1.882s] [100%] Built target status_interfaces__rosidl_typesupport_fastrtps_c__pyext
[1.889s] Invoked command in '/home/ethan/ros2/chapt3/topic_practice_ws/build/status_interfaces' returned '0': CMAKE_PREFIX_PATH=/opt/ros/humble /usr/bin/cmake --build /home/ethan/ros2/chapt3/topic_practice_ws/build/status_interfaces -- -j8 -l8
[1.896s] Invoking command in '/home/ethan/ros2/chapt3/topic_practice_ws/build/status_interfaces': CMAKE_PREFIX_PATH=/opt/ros/humble /usr/bin/cmake --install /home/ethan/ros2/chapt3/topic_practice_ws/build/status_interfaces
[1.900s] -- Install configuration: ""
[1.900s] -- Installing: /home/ethan/ros2/chapt3/topic_practice_ws/install/status_interfaces/share/ament_index/resource_index/rosidl_interfaces/status_interfaces
[1.901s] -- Installing: /home/ethan/ros2/chapt3/topic_practice_ws/install/status_interfaces/include/status_interfaces/status_interfaces
[1.901s] -- Installing: /home/ethan/ros2/chapt3/topic_practice_ws/install/status_interfaces/include/status_interfaces/status_interfaces/msg
[1.901s] -- Installing: /home/ethan/ros2/chapt3/topic_practice_ws/install/status_interfaces/include/status_interfaces/status_interfaces/msg/system_status.h
[1.901s] -- Installing: /home/ethan/ros2/chapt3/topic_practice_ws/install/status_interfaces/include/status_interfaces/status_interfaces/msg/detail
[1.901s] -- Installing: /home/ethan/ros2/chapt3/topic_practice_ws/install/status_interfaces/include/status_interfaces/status_interfaces/msg/detail/system_status__struct.h
[1.901s] -- Installing: /home/ethan/ros2/chapt3/topic_practice_ws/install/status_interfaces/include/status_interfaces/status_interfaces/msg/detail/system_status__functions.h
[1.901s] -- Installing: /home/ethan/ros2/chapt3/topic_practice_ws/install/status_interfaces/include/status_interfaces/status_interfaces/msg/detail/system_status__functions.c
[1.901s] -- Installing: /home/ethan/ros2/chapt3/topic_practice_ws/install/status_interfaces/include/status_interfaces/status_interfaces/msg/detail/system_status__type_support.h
[1.901s] -- Installing: /home/ethan/ros2/chapt3/topic_practice_ws/install/status_interfaces/include/status_interfaces/status_interfaces/msg/rosidl_generator_c__visibility_control.h
[1.901s] -- Installing: /home/ethan/ros2/chapt3/topic_practice_ws/install/status_interfaces/share/status_interfaces/environment/library_path.sh
[1.901s] -- Installing: /home/ethan/ros2/chapt3/topic_practice_ws/install/status_interfaces/share/status_interfaces/environment/library_path.dsv
[1.901s] -- Installing: /home/ethan/ros2/chapt3/topic_practice_ws/install/status_interfaces/lib/libstatus_interfaces__rosidl_generator_c.so
[1.902s] -- Set runtime path of "/home/ethan/ros2/chapt3/topic_practice_ws/install/status_interfaces/lib/libstatus_interfaces__rosidl_generator_c.so" to ""
[1.902s] -- Up-to-date: /home/ethan/ros2/chapt3/topic_practice_ws/install/status_interfaces/include/status_interfaces/status_interfaces
[1.902s] -- Up-to-date: /home/ethan/ros2/chapt3/topic_practice_ws/install/status_interfaces/include/status_interfaces/status_interfaces/msg
[1.902s] -- Up-to-date: /home/ethan/ros2/chapt3/topic_practice_ws/install/status_interfaces/include/status_interfaces/status_interfaces/msg/detail
[1.902s] -- Installing: /home/ethan/ros2/chapt3/topic_practice_ws/install/status_interfaces/include/status_interfaces/status_interfaces/msg/detail/system_status__rosidl_typesupport_fastrtps_c.h
[1.902s] -- Installing: /home/ethan/ros2/chapt3/topic_practice_ws/install/status_interfaces/include/status_interfaces/status_interfaces/msg/rosidl_typesupport_fastrtps_c__visibility_control.h
[1.902s] -- Installing: /home/ethan/ros2/chapt3/topic_practice_ws/install/status_interfaces/lib/libstatus_interfaces__rosidl_typesupport_fastrtps_c.so
[1.902s] -- Set runtime path of "/home/ethan/ros2/chapt3/topic_practice_ws/install/status_interfaces/lib/libstatus_interfaces__rosidl_typesupport_fastrtps_c.so" to ""
[1.902s] -- Up-to-date: /home/ethan/ros2/chapt3/topic_practice_ws/install/status_interfaces/include/status_interfaces/status_interfaces
[1.902s] -- Up-to-date: /home/ethan/ros2/chapt3/topic_practice_ws/install/status_interfaces/include/status_interfaces/status_interfaces/msg
[1.902s] -- Up-to-date: /home/ethan/ros2/chapt3/topic_practice_ws/install/status_interfaces/include/status_interfaces/status_interfaces/msg/detail
[1.902s] -- Installing: /home/ethan/ros2/chapt3/topic_practice_ws/install/status_interfaces/include/status_interfaces/status_interfaces/msg/detail/system_status__rosidl_typesupport_introspection_c.h
[1.902s] -- Installing: /home/ethan/ros2/chapt3/topic_practice_ws/install/status_interfaces/include/status_interfaces/status_interfaces/msg/detail/system_status__type_support.c
[1.902s] -- Installing: /home/ethan/ros2/chapt3/topic_practice_ws/install/status_interfaces/include/status_interfaces/status_interfaces/msg/rosidl_typesupport_introspection_c__visibility_control.h
[1.902s] -- Installing: /home/ethan/ros2/chapt3/topic_practice_ws/install/status_interfaces/lib/libstatus_interfaces__rosidl_typesupport_introspection_c.so
[1.902s] -- Set runtime path of "/home/ethan/ros2/chapt3/topic_practice_ws/install/status_interfaces/lib/libstatus_interfaces__rosidl_typesupport_introspection_c.so" to ""
[1.902s] -- Installing: /home/ethan/ros2/chapt3/topic_practice_ws/install/status_interfaces/lib/libstatus_interfaces__rosidl_typesupport_c.so
[1.903s] -- Set runtime path of "/home/ethan/ros2/chapt3/topic_practice_ws/install/status_interfaces/lib/libstatus_interfaces__rosidl_typesupport_c.so" to ""
[1.903s] -- Up-to-date: /home/ethan/ros2/chapt3/topic_practice_ws/install/status_interfaces/include/status_interfaces/status_interfaces
[1.903s] -- Up-to-date: /home/ethan/ros2/chapt3/topic_practice_ws/install/status_interfaces/include/status_interfaces/status_interfaces/msg
[1.903s] -- Installing: /home/ethan/ros2/chapt3/topic_practice_ws/install/status_interfaces/include/status_interfaces/status_interfaces/msg/system_status.hpp
[1.903s] -- Installing: /home/ethan/ros2/chapt3/topic_practice_ws/install/status_interfaces/include/status_interfaces/status_interfaces/msg/rosidl_generator_cpp__visibility_control.hpp
[1.903s] -- Up-to-date: /home/ethan/ros2/chapt3/topic_practice_ws/install/status_interfaces/include/status_interfaces/status_interfaces/msg/detail
[1.903s] -- Installing: /home/ethan/ros2/chapt3/topic_practice_ws/install/status_interfaces/include/status_interfaces/status_interfaces/msg/detail/system_status__struct.hpp
[1.903s] -- Installing: /home/ethan/ros2/chapt3/topic_practice_ws/install/status_interfaces/include/status_interfaces/status_interfaces/msg/detail/system_status__type_support.hpp
[1.903s] -- Installing: /home/ethan/ros2/chapt3/topic_practice_ws/install/status_interfaces/include/status_interfaces/status_interfaces/msg/detail/system_status__builder.hpp
[1.903s] -- Installing: /home/ethan/ros2/chapt3/topic_practice_ws/install/status_interfaces/include/status_interfaces/status_interfaces/msg/detail/system_status__traits.hpp
[1.903s] -- Up-to-date: /home/ethan/ros2/chapt3/topic_practice_ws/install/status_interfaces/include/status_interfaces/status_interfaces
[1.903s] -- Up-to-date: /home/ethan/ros2/chapt3/topic_practice_ws/install/status_interfaces/include/status_interfaces/status_interfaces/msg
[1.903s] -- Installing: /home/ethan/ros2/chapt3/topic_practice_ws/install/status_interfaces/include/status_interfaces/status_interfaces/msg/rosidl_typesupport_fastrtps_cpp__visibility_control.h
[1.903s] -- Up-to-date: /home/ethan/ros2/chapt3/topic_practice_ws/install/status_interfaces/include/status_interfaces/status_interfaces/msg/detail
[1.903s] -- Installing: /home/ethan/ros2/chapt3/topic_practice_ws/install/status_interfaces/include/status_interfaces/status_interfaces/msg/detail/system_status__rosidl_typesupport_fastrtps_cpp.hpp
[1.903s] -- Installing: /home/ethan/ros2/chapt3/topic_practice_ws/install/status_interfaces/include/status_interfaces/status_interfaces/msg/detail/dds_fastrtps
[1.903s] -- Installing: /home/ethan/ros2/chapt3/topic_practice_ws/install/status_interfaces/lib/libstatus_interfaces__rosidl_typesupport_fastrtps_cpp.so
[1.903s] -- Set runtime path of "/home/ethan/ros2/chapt3/topic_practice_ws/install/status_interfaces/lib/libstatus_interfaces__rosidl_typesupport_fastrtps_cpp.so" to ""
[1.903s] -- Up-to-date: /home/ethan/ros2/chapt3/topic_practice_ws/install/status_interfaces/include/status_interfaces/status_interfaces
[1.904s] -- Up-to-date: /home/ethan/ros2/chapt3/topic_practice_ws/install/status_interfaces/include/status_interfaces/status_interfaces/msg
[1.904s] -- Up-to-date: /home/ethan/ros2/chapt3/topic_practice_ws/install/status_interfaces/include/status_interfaces/status_interfaces/msg/detail
[1.904s] -- Installing: /home/ethan/ros2/chapt3/topic_practice_ws/install/status_interfaces/include/status_interfaces/status_interfaces/msg/detail/system_status__type_support.cpp
[1.904s] -- Installing: /home/ethan/ros2/chapt3/topic_practice_ws/install/status_interfaces/include/status_interfaces/status_interfaces/msg/detail/system_status__rosidl_typesupport_introspection_cpp.hpp
[1.904s] -- Installing: /home/ethan/ros2/chapt3/topic_practice_ws/install/status_interfaces/lib/libstatus_interfaces__rosidl_typesupport_introspection_cpp.so
[1.904s] -- Set runtime path of "/home/ethan/ros2/chapt3/topic_practice_ws/install/status_interfaces/lib/libstatus_interfaces__rosidl_typesupport_introspection_cpp.so" to ""
[1.904s] -- Installing: /home/ethan/ros2/chapt3/topic_practice_ws/install/status_interfaces/lib/libstatus_interfaces__rosidl_typesupport_cpp.so
[1.904s] -- Set runtime path of "/home/ethan/ros2/chapt3/topic_practice_ws/install/status_interfaces/lib/libstatus_interfaces__rosidl_typesupport_cpp.so" to ""
[1.906s] -- Installing: /home/ethan/ros2/chapt3/topic_practice_ws/install/status_interfaces/share/status_interfaces/environment/pythonpath.sh
[1.906s] -- Installing: /home/ethan/ros2/chapt3/topic_practice_ws/install/status_interfaces/share/status_interfaces/environment/pythonpath.dsv
[1.906s] -- Installing: /home/ethan/ros2/chapt3/topic_practice_ws/install/status_interfaces/local/lib/python3.10/dist-packages/status_interfaces-0.0.0-py3.10.egg-info
[1.907s] -- Installing: /home/ethan/ros2/chapt3/topic_practice_ws/install/status_interfaces/local/lib/python3.10/dist-packages/status_interfaces-0.0.0-py3.10.egg-info/PKG-INFO
[1.907s] -- Installing: /home/ethan/ros2/chapt3/topic_practice_ws/install/status_interfaces/local/lib/python3.10/dist-packages/status_interfaces-0.0.0-py3.10.egg-info/SOURCES.txt
[1.907s] -- Installing: /home/ethan/ros2/chapt3/topic_practice_ws/install/status_interfaces/local/lib/python3.10/dist-packages/status_interfaces-0.0.0-py3.10.egg-info/dependency_links.txt
[1.907s] -- Installing: /home/ethan/ros2/chapt3/topic_practice_ws/install/status_interfaces/local/lib/python3.10/dist-packages/status_interfaces-0.0.0-py3.10.egg-info/top_level.txt
[1.907s] -- Installing: /home/ethan/ros2/chapt3/topic_practice_ws/install/status_interfaces/local/lib/python3.10/dist-packages/status_interfaces
[1.907s] -- Installing: /home/ethan/ros2/chapt3/topic_practice_ws/install/status_interfaces/local/lib/python3.10/dist-packages/status_interfaces/_status_interfaces_s.ep.rosidl_typesupport_introspection_c.c
[1.907s] -- Installing: /home/ethan/ros2/chapt3/topic_practice_ws/install/status_interfaces/local/lib/python3.10/dist-packages/status_interfaces/__init__.py
[1.907s] -- Installing: /home/ethan/ros2/chapt3/topic_practice_ws/install/status_interfaces/local/lib/python3.10/dist-packages/status_interfaces/status_interfaces_s__rosidl_typesupport_c.cpython-310-x86_64-linux-gnu.so
[1.907s] -- Installing: /home/ethan/ros2/chapt3/topic_practice_ws/install/status_interfaces/local/lib/python3.10/dist-packages/status_interfaces/libstatus_interfaces__rosidl_generator_py.so
[1.907s] -- Installing: /home/ethan/ros2/chapt3/topic_practice_ws/install/status_interfaces/local/lib/python3.10/dist-packages/status_interfaces/_status_interfaces_s.ep.rosidl_typesupport_fastrtps_c.c
[1.907s] -- Installing: /home/ethan/ros2/chapt3/topic_practice_ws/install/status_interfaces/local/lib/python3.10/dist-packages/status_interfaces/msg
[1.907s] -- Installing: /home/ethan/ros2/chapt3/topic_practice_ws/install/status_interfaces/local/lib/python3.10/dist-packages/status_interfaces/msg/__init__.py
[1.907s] -- Installing: /home/ethan/ros2/chapt3/topic_practice_ws/install/status_interfaces/local/lib/python3.10/dist-packages/status_interfaces/msg/_system_status_s.c
[1.907s] -- Installing: /home/ethan/ros2/chapt3/topic_practice_ws/install/status_interfaces/local/lib/python3.10/dist-packages/status_interfaces/msg/_system_status.py
[1.907s] -- Installing: /home/ethan/ros2/chapt3/topic_practice_ws/install/status_interfaces/local/lib/python3.10/dist-packages/status_interfaces/status_interfaces_s__rosidl_typesupport_introspection_c.cpython-310-x86_64-linux-gnu.so
[1.907s] -- Installing: /home/ethan/ros2/chapt3/topic_practice_ws/install/status_interfaces/local/lib/python3.10/dist-packages/status_interfaces/status_interfaces_s__rosidl_typesupport_fastrtps_c.cpython-310-x86_64-linux-gnu.so
[1.907s] -- Installing: /home/ethan/ros2/chapt3/topic_practice_ws/install/status_interfaces/local/lib/python3.10/dist-packages/status_interfaces/_status_interfaces_s.ep.rosidl_typesupport_c.c
[1.929s] Listing '/home/ethan/ros2/chapt3/topic_practice_ws/install/status_interfaces/local/lib/python3.10/dist-packages/status_interfaces'...
[1.929s] Compiling '/home/ethan/ros2/chapt3/topic_practice_ws/install/status_interfaces/local/lib/python3.10/dist-packages/status_interfaces/__init__.py'...
[1.929s] Listing '/home/ethan/ros2/chapt3/topic_practice_ws/install/status_interfaces/local/lib/python3.10/dist-packages/status_interfaces/msg'...
[1.929s] Compiling '/home/ethan/ros2/chapt3/topic_practice_ws/install/status_interfaces/local/lib/python3.10/dist-packages/status_interfaces/msg/__init__.py'...
[1.929s] Compiling '/home/ethan/ros2/chapt3/topic_practice_ws/install/status_interfaces/local/lib/python3.10/dist-packages/status_interfaces/msg/_system_status.py'...
[1.932s] -- Installing: /home/ethan/ros2/chapt3/topic_practice_ws/install/status_interfaces/local/lib/python3.10/dist-packages/status_interfaces/status_interfaces_s__rosidl_typesupport_fastrtps_c.cpython-310-x86_64-linux-gnu.so
[1.932s] -- Set runtime path of "/home/ethan/ros2/chapt3/topic_practice_ws/install/status_interfaces/local/lib/python3.10/dist-packages/status_interfaces/status_interfaces_s__rosidl_typesupport_fastrtps_c.cpython-310-x86_64-linux-gnu.so" to ""
[1.933s] -- Installing: /home/ethan/ros2/chapt3/topic_practice_ws/install/status_interfaces/local/lib/python3.10/dist-packages/status_interfaces/status_interfaces_s__rosidl_typesupport_introspection_c.cpython-310-x86_64-linux-gnu.so
[1.933s] -- Set runtime path of "/home/ethan/ros2/chapt3/topic_practice_ws/install/status_interfaces/local/lib/python3.10/dist-packages/status_interfaces/status_interfaces_s__rosidl_typesupport_introspection_c.cpython-310-x86_64-linux-gnu.so" to ""
[1.933s] -- Installing: /home/ethan/ros2/chapt3/topic_practice_ws/install/status_interfaces/local/lib/python3.10/dist-packages/status_interfaces/status_interfaces_s__rosidl_typesupport_c.cpython-310-x86_64-linux-gnu.so
[1.933s] -- Set runtime path of "/home/ethan/ros2/chapt3/topic_practice_ws/install/status_interfaces/local/lib/python3.10/dist-packages/status_interfaces/status_interfaces_s__rosidl_typesupport_c.cpython-310-x86_64-linux-gnu.so" to ""
[1.933s] -- Installing: /home/ethan/ros2/chapt3/topic_practice_ws/install/status_interfaces/lib/libstatus_interfaces__rosidl_generator_py.so
[1.934s] -- Set runtime path of "/home/ethan/ros2/chapt3/topic_practice_ws/install/status_interfaces/lib/libstatus_interfaces__rosidl_generator_py.so" to ""
[1.934s] -- Installing: /home/ethan/ros2/chapt3/topic_practice_ws/install/status_interfaces/share/status_interfaces/msg/SystemStatus.idl
[1.934s] -- Installing: /home/ethan/ros2/chapt3/topic_practice_ws/install/status_interfaces/share/status_interfaces/msg/SystemStatus.msg
[1.935s] -- Installing: /home/ethan/ros2/chapt3/topic_practice_ws/install/status_interfaces/share/ament_index/resource_index/package_run_dependencies/status_interfaces
[1.935s] -- Installing: /home/ethan/ros2/chapt3/topic_practice_ws/install/status_interfaces/share/ament_index/resource_index/parent_prefix_path/status_interfaces
[1.935s] -- Installing: /home/ethan/ros2/chapt3/topic_practice_ws/install/status_interfaces/share/status_interfaces/environment/ament_prefix_path.sh
[1.935s] -- Installing: /home/ethan/ros2/chapt3/topic_practice_ws/install/status_interfaces/share/status_interfaces/environment/ament_prefix_path.dsv
[1.935s] -- Installing: /home/ethan/ros2/chapt3/topic_practice_ws/install/status_interfaces/share/status_interfaces/environment/path.sh
[1.936s] -- Installing: /home/ethan/ros2/chapt3/topic_practice_ws/install/status_interfaces/share/status_interfaces/environment/path.dsv
[1.936s] -- Installing: /home/ethan/ros2/chapt3/topic_practice_ws/install/status_interfaces/share/status_interfaces/local_setup.bash
[1.936s] -- Installing: /home/ethan/ros2/chapt3/topic_practice_ws/install/status_interfaces/share/status_interfaces/local_setup.sh
[1.936s] -- Installing: /home/ethan/ros2/chapt3/topic_practice_ws/install/status_interfaces/share/status_interfaces/local_setup.zsh
[1.936s] -- Installing: /home/ethan/ros2/chapt3/topic_practice_ws/install/status_interfaces/share/status_interfaces/local_setup.dsv
[1.936s] -- Installing: /home/ethan/ros2/chapt3/topic_practice_ws/install/status_interfaces/share/status_interfaces/package.dsv
[1.936s] -- Installing: /home/ethan/ros2/chapt3/topic_practice_ws/install/status_interfaces/share/ament_index/resource_index/packages/status_interfaces
[1.936s] -- Installing: /home/ethan/ros2/chapt3/topic_practice_ws/install/status_interfaces/share/status_interfaces/cmake/export_status_interfaces__rosidl_generator_cExport.cmake
[1.936s] -- Installing: /home/ethan/ros2/chapt3/topic_practice_ws/install/status_interfaces/share/status_interfaces/cmake/export_status_interfaces__rosidl_generator_cExport-noconfig.cmake
[1.936s] -- Installing: /home/ethan/ros2/chapt3/topic_practice_ws/install/status_interfaces/share/status_interfaces/cmake/export_status_interfaces__rosidl_typesupport_fastrtps_cExport.cmake
[1.937s] -- Installing: /home/ethan/ros2/chapt3/topic_practice_ws/install/status_interfaces/share/status_interfaces/cmake/export_status_interfaces__rosidl_typesupport_fastrtps_cExport-noconfig.cmake
[1.937s] -- Installing: /home/ethan/ros2/chapt3/topic_practice_ws/install/status_interfaces/share/status_interfaces/cmake/status_interfaces__rosidl_typesupport_introspection_cExport.cmake
[1.937s] -- Installing: /home/ethan/ros2/chapt3/topic_practice_ws/install/status_interfaces/share/status_interfaces/cmake/status_interfaces__rosidl_typesupport_introspection_cExport-noconfig.cmake
[1.937s] -- Installing: /home/ethan/ros2/chapt3/topic_practice_ws/install/status_interfaces/share/status_interfaces/cmake/status_interfaces__rosidl_typesupport_cExport.cmake
[1.937s] -- Installing: /home/ethan/ros2/chapt3/topic_practice_ws/install/status_interfaces/share/status_interfaces/cmake/status_interfaces__rosidl_typesupport_cExport-noconfig.cmake
[1.937s] -- Installing: /home/ethan/ros2/chapt3/topic_practice_ws/install/status_interfaces/share/status_interfaces/cmake/export_status_interfaces__rosidl_generator_cppExport.cmake
[1.937s] -- Installing: /home/ethan/ros2/chapt3/topic_practice_ws/install/status_interfaces/share/status_interfaces/cmake/export_status_interfaces__rosidl_typesupport_fastrtps_cppExport.cmake
[1.937s] -- Installing: /home/ethan/ros2/chapt3/topic_practice_ws/install/status_interfaces/share/status_interfaces/cmake/export_status_interfaces__rosidl_typesupport_fastrtps_cppExport-noconfig.cmake
[1.937s] -- Installing: /home/ethan/ros2/chapt3/topic_practice_ws/install/status_interfaces/share/status_interfaces/cmake/status_interfaces__rosidl_typesupport_introspection_cppExport.cmake
[1.937s] -- Installing: /home/ethan/ros2/chapt3/topic_practice_ws/install/status_interfaces/share/status_interfaces/cmake/status_interfaces__rosidl_typesupport_introspection_cppExport-noconfig.cmake
[1.937s] -- Installing: /home/ethan/ros2/chapt3/topic_practice_ws/install/status_interfaces/share/status_interfaces/cmake/status_interfaces__rosidl_typesupport_cppExport.cmake
[1.937s] -- Installing: /home/ethan/ros2/chapt3/topic_practice_ws/install/status_interfaces/share/status_interfaces/cmake/status_interfaces__rosidl_typesupport_cppExport-noconfig.cmake
[1.937s] -- Installing: /home/ethan/ros2/chapt3/topic_practice_ws/install/status_interfaces/share/status_interfaces/cmake/export_status_interfaces__rosidl_generator_pyExport.cmake
[1.937s] -- Installing: /home/ethan/ros2/chapt3/topic_practice_ws/install/status_interfaces/share/status_interfaces/cmake/export_status_interfaces__rosidl_generator_pyExport-noconfig.cmake
[1.937s] -- Installing: /home/ethan/ros2/chapt3/topic_practice_ws/install/status_interfaces/share/status_interfaces/cmake/rosidl_cmake-extras.cmake
[1.937s] -- Installing: /home/ethan/ros2/chapt3/topic_practice_ws/install/status_interfaces/share/status_interfaces/cmake/ament_cmake_export_dependencies-extras.cmake
[1.937s] -- Installing: /home/ethan/ros2/chapt3/topic_practice_ws/install/status_interfaces/share/status_interfaces/cmake/ament_cmake_export_include_directories-extras.cmake
[1.937s] -- Installing: /home/ethan/ros2/chapt3/topic_practice_ws/install/status_interfaces/share/status_interfaces/cmake/ament_cmake_export_libraries-extras.cmake
[1.938s] -- Installing: /home/ethan/ros2/chapt3/topic_practice_ws/install/status_interfaces/share/status_interfaces/cmake/ament_cmake_export_targets-extras.cmake
[1.938s] -- Installing: /home/ethan/ros2/chapt3/topic_practice_ws/install/status_interfaces/share/status_interfaces/cmake/rosidl_cmake_export_typesupport_targets-extras.cmake
[1.938s] -- Installing: /home/ethan/ros2/chapt3/topic_practice_ws/install/status_interfaces/share/status_interfaces/cmake/rosidl_cmake_export_typesupport_libraries-extras.cmake
[1.938s] -- Installing: /home/ethan/ros2/chapt3/topic_practice_ws/install/status_interfaces/share/status_interfaces/cmake/status_interfacesConfig.cmake
[1.938s] -- Installing: /home/ethan/ros2/chapt3/topic_practice_ws/install/status_interfaces/share/status_interfaces/cmake/status_interfacesConfig-version.cmake
[1.938s] -- Installing: /home/ethan/ros2/chapt3/topic_practice_ws/install/status_interfaces/share/status_interfaces/package.xml
[1.939s] Invoked command in '/home/ethan/ros2/chapt3/topic_practice_ws/build/status_interfaces' returned '0': CMAKE_PREFIX_PATH=/opt/ros/humble /usr/bin/cmake --install /home/ethan/ros2/chapt3/topic_practice_ws/build/status_interfaces
