[01m[K/home/ethan/ros2/chapt3/topic_practice_ws/src/status_display/src/hello_qt.cpp:[m[K In function ‘[01m[Kint main(int, char**)[m[K’:
[01m[K/home/ethan/ros2/chapt3/topic_practice_ws/src/status_display/src/hello_qt.cpp:7:23:[m[K [01;31m[Kerror: [m[Kinvalid conversion from ‘[01m[Kchar**[m[K’ to ‘[01m[Kint[m[K’ [[01;31m[K]8;;https://gcc.gnu.org/onlinedocs/gcc/Warning-Options.html#index-fpermissive-fpermissive]8;;[m[K]
    7 |     QApplication app ([01;31m[Kargv[m[K,argv);
      |                       [01;31m[K^~~~[m[K
      |                       [01;31m[K|[m[K
      |                       [01;31m[Kchar**[m[K
In file included from [01m[K/usr/include/x86_64-linux-gnu/qt5/QtWidgets/QApplication:1[m[K,
                 from [01m[K/home/ethan/ros2/chapt3/topic_practice_ws/src/status_display/src/hello_qt.cpp:1[m[K:
[01m[K/usr/include/x86_64-linux-gnu/qt5/QtWidgets/qapplication.h:96:23:[m[K [01;36m[Knote: [m[K  initializing argument 1 of ‘[01m[KQApplication::QApplication(int&, char**, int)[m[K’
   96 |     QApplication([01;36m[Kint &argc[m[K, char **argv, int = ApplicationFlags);
      |                  [01;36m[K~~~~~^~~~[m[K
[01m[K/home/ethan/ros2/chapt3/topic_practice_ws/src/status_display/src/hello_qt.cpp:7:23:[m[K [01;31m[Kerror: [m[Kcannot bind rvalue ‘[01m[K(int)argv[m[K’ to ‘[01m[Kint&[m[K’
    7 |     QApplication app ([01;31m[Kargv[m[K,argv);
      |                       [01;31m[K^~~~[m[K
[01m[K/home/ethan/ros2/chapt3/topic_practice_ws/src/status_display/src/hello_qt.cpp:5:14:[m[K [01;35m[Kwarning: [m[Kunused parameter ‘[01m[Kargc[m[K’ [[01;35m[K]8;;https://gcc.gnu.org/onlinedocs/gcc/Warning-Options.html#index-Wunused-parameter-Wunused-parameter]8;;[m[K]
    5 | int main([01;35m[Kint argc[m[K,char* argv[])
      |          [01;35m[K~~~~^~~~[m[K
gmake[2]: *** [CMakeFiles/hello_qt.dir/build.make:76: CMakeFiles/hello_qt.dir/src/hello_qt.cpp.o] Error 1
gmake[1]: *** [CMakeFiles/Makefile2:137: CMakeFiles/hello_qt.dir/all] Error 2
gmake: *** [Makefile:146: all] Error 2
