-- Found ament_cmake: 1.3.12 (/opt/ros/humble/share/ament_cmake/cmake)
-- Found rclcpp: 16.0.14 (/opt/ros/humble/share/rclcpp/cmake)
-- Found rosidl_generator_c: 3.1.7 (/opt/ros/humble/share/rosidl_generator_c/cmake)
-- Found rosidl_adapter: 3.1.7 (/opt/ros/humble/share/rosidl_adapter/cmake)
-- Found rosidl_generator_cpp: 3.1.7 (/opt/ros/humble/share/rosidl_generator_cpp/cmake)
-- Using all available rosidl_typesupport_c: rosidl_typesupport_fastrtps_c;rosidl_typesupport_introspection_c
-- Using all available rosidl_typesupport_cpp: rosidl_typesupport_fastrtps_cpp;rosidl_typesupport_introspection_cpp
-- Found rmw_implementation_cmake: 6.1.2 (/opt/ros/humble/share/rmw_implementation_cmake/cmake)
-- Found rmw_fastrtps_cpp: 6.2.8 (/opt/ros/humble/share/rmw_fastrtps_cpp/cmake)
-- Using RMW implementation 'rmw_fastrtps_cpp' as default
-- Found status_interfaces: 0.0.0 (/home/ethan/ros2/chapt3/topic_practice_ws/install/status_interfaces/share/status_interfaces/cmake)
-- Found ament_lint_auto: 0.12.14 (/opt/ros/humble/share/ament_lint_auto/cmake)
-- Added test 'cppcheck' to perform static code analysis on C / C++ code
-- Configured cppcheck include dirs: 
-- Configured cppcheck exclude dirs and/or files: 
-- Added test 'lint_cmake' to check CMake code style
-- Added test 'uncrustify' to check C / C++ code style
-- Configured uncrustify additional arguments: 
-- Added test 'xmllint' to check XML markup files
-- Configuring done
-- Generating done
-- Build files have been written to: /home/ethan/ros2/chapt3/topic_practice_ws/build/status_display
[ 50%] [32mBuilding CXX object CMakeFiles/hello_qt.dir/src/hello_qt.cpp.o[0m
[01m[K/home/ethan/ros2/chapt3/topic_practice_ws/src/status_display/src/hello_qt.cpp:[m[K In function ‘[01m[Kint main(int, char**)[m[K’:
[01m[K/home/ethan/ros2/chapt3/topic_practice_ws/src/status_display/src/hello_qt.cpp:7:23:[m[K [01;31m[Kerror: [m[Kinvalid conversion from ‘[01m[Kchar**[m[K’ to ‘[01m[Kint[m[K’ [[01;31m[K]8;;https://gcc.gnu.org/onlinedocs/gcc/Warning-Options.html#index-fpermissive-fpermissive]8;;[m[K]
    7 |     QApplication app ([01;31m[Kargv[m[K,argv);
      |                       [01;31m[K^~~~[m[K
      |                       [01;31m[K|[m[K
      |                       [01;31m[Kchar**[m[K
In file included from [01m[K/usr/include/x86_64-linux-gnu/qt5/QtWidgets/QApplication:1[m[K,
                 from [01m[K/home/ethan/ros2/chapt3/topic_practice_ws/src/status_display/src/hello_qt.cpp:1[m[K:
[01m[K/usr/include/x86_64-linux-gnu/qt5/QtWidgets/qapplication.h:96:23:[m[K [01;36m[Knote: [m[K  initializing argument 1 of ‘[01m[KQApplication::QApplication(int&, char**, int)[m[K’
   96 |     QApplication([01;36m[Kint &argc[m[K, char **argv, int = ApplicationFlags);
      |                  [01;36m[K~~~~~^~~~[m[K
[01m[K/home/ethan/ros2/chapt3/topic_practice_ws/src/status_display/src/hello_qt.cpp:7:23:[m[K [01;31m[Kerror: [m[Kcannot bind rvalue ‘[01m[K(int)argv[m[K’ to ‘[01m[Kint&[m[K’
    7 |     QApplication app ([01;31m[Kargv[m[K,argv);
      |                       [01;31m[K^~~~[m[K
[01m[K/home/ethan/ros2/chapt3/topic_practice_ws/src/status_display/src/hello_qt.cpp:5:14:[m[K [01;35m[Kwarning: [m[Kunused parameter ‘[01m[Kargc[m[K’ [[01;35m[K]8;;https://gcc.gnu.org/onlinedocs/gcc/Warning-Options.html#index-Wunused-parameter-Wunused-parameter]8;;[m[K]
    5 | int main([01;35m[Kint argc[m[K,char* argv[])
      |          [01;35m[K~~~~^~~~[m[K
gmake[2]: *** [CMakeFiles/hello_qt.dir/build.make:76: CMakeFiles/hello_qt.dir/src/hello_qt.cpp.o] Error 1
gmake[1]: *** [CMakeFiles/Makefile2:137: CMakeFiles/hello_qt.dir/all] Error 2
gmake: *** [Makefile:146: all] Error 2
