[0.009s] Invoking command in '/home/ethan/ros2/chapt3/topic_practice_ws/build/status_display': CMAKE_PREFIX_PATH=${CMAKE_PREFIX_PATH}:/home/ethan/ros2/chapt3/topic_practice_ws/install/status_publisher:/opt/ros/humble /usr/bin/cmake /home/ethan/ros2/chapt3/topic_practice_ws/src/status_display -DCMAKE_INSTALL_PREFIX=/home/ethan/ros2/chapt3/topic_practice_ws/install/status_display
[0.020s] -- Found ament_cmake: 1.3.12 (/opt/ros/humble/share/ament_cmake/cmake)
[0.122s] -- Found rclcpp: 16.0.14 (/opt/ros/humble/share/rclcpp/cmake)
[0.122s] -- Found rosidl_generator_c: 3.1.7 (/opt/ros/humble/share/rosidl_generator_c/cmake)
[0.122s] -- Found rosidl_adapter: 3.1.7 (/opt/ros/humble/share/rosidl_adapter/cmake)
[0.125s] -- Found rosidl_generator_cpp: 3.1.7 (/opt/ros/humble/share/rosidl_generator_cpp/cmake)
[0.130s] -- Using all available rosidl_typesupport_c: rosidl_typesupport_fastrtps_c;rosidl_typesupport_introspection_c
[0.138s] -- Using all available rosidl_typesupport_cpp: rosidl_typesupport_fastrtps_cpp;rosidl_typesupport_introspection_cpp
[0.162s] -- Found rmw_implementation_cmake: 6.1.2 (/opt/ros/humble/share/rmw_implementation_cmake/cmake)
[0.162s] -- Found rmw_fastrtps_cpp: 6.2.8 (/opt/ros/humble/share/rmw_fastrtps_cpp/cmake)
[0.221s] -- Using RMW implementation 'rmw_fastrtps_cpp' as default
[0.248s] -- Found status_interfaces: 0.0.0 (/home/ethan/ros2/chapt3/topic_practice_ws/install/status_interfaces/share/status_interfaces/cmake)
[0.274s] -- Found ament_lint_auto: 0.12.14 (/opt/ros/humble/share/ament_lint_auto/cmake)
[0.331s] -- Added test 'cppcheck' to perform static code analysis on C / C++ code
[0.331s] -- Configured cppcheck include dirs: 
[0.331s] -- Configured cppcheck exclude dirs and/or files: 
[0.331s] -- Added test 'lint_cmake' to check CMake code style
[0.332s] -- Added test 'uncrustify' to check C / C++ code style
[0.332s] -- Configured uncrustify additional arguments: 
[0.333s] -- Added test 'xmllint' to check XML markup files
[0.334s] -- Configuring done
[0.341s] -- Generating done
[0.344s] -- Build files have been written to: /home/ethan/ros2/chapt3/topic_practice_ws/build/status_display
[0.353s] Invoked command in '/home/ethan/ros2/chapt3/topic_practice_ws/build/status_display' returned '0': CMAKE_PREFIX_PATH=${CMAKE_PREFIX_PATH}:/home/ethan/ros2/chapt3/topic_practice_ws/install/status_publisher:/opt/ros/humble /usr/bin/cmake /home/ethan/ros2/chapt3/topic_practice_ws/src/status_display -DCMAKE_INSTALL_PREFIX=/home/ethan/ros2/chapt3/topic_practice_ws/install/status_display
[0.354s] Invoking command in '/home/ethan/ros2/chapt3/topic_practice_ws/build/status_display': CMAKE_PREFIX_PATH=${CMAKE_PREFIX_PATH}:/home/ethan/ros2/chapt3/topic_practice_ws/install/status_publisher:/opt/ros/humble /usr/bin/cmake --build /home/ethan/ros2/chapt3/topic_practice_ws/build/status_display -- -j8 -l8
[0.386s] [ 50%] [32mBuilding CXX object CMakeFiles/hello_qt.dir/src/hello_qt.cpp.o[0m
[1.463s] [01m[K/home/ethan/ros2/chapt3/topic_practice_ws/src/status_display/src/hello_qt.cpp:[m[K In function ‘[01m[Kint main(int, char**)[m[K’:
[1.464s] [01m[K/home/ethan/ros2/chapt3/topic_practice_ws/src/status_display/src/hello_qt.cpp:7:23:[m[K [01;31m[Kerror: [m[Kinvalid conversion from ‘[01m[Kchar**[m[K’ to ‘[01m[Kint[m[K’ [[01;31m[K]8;;https://gcc.gnu.org/onlinedocs/gcc/Warning-Options.html#index-fpermissive-fpermissive]8;;[m[K]
[1.464s]     7 |     QApplication app ([01;31m[Kargv[m[K,argv);
[1.464s]       |                       [01;31m[K^~~~[m[K
[1.464s]       |                       [01;31m[K|[m[K
[1.464s]       |                       [01;31m[Kchar**[m[K
[1.464s] In file included from [01m[K/usr/include/x86_64-linux-gnu/qt5/QtWidgets/QApplication:1[m[K,
[1.465s]                  from [01m[K/home/ethan/ros2/chapt3/topic_practice_ws/src/status_display/src/hello_qt.cpp:1[m[K:
[1.465s] [01m[K/usr/include/x86_64-linux-gnu/qt5/QtWidgets/qapplication.h:96:23:[m[K [01;36m[Knote: [m[K  initializing argument 1 of ‘[01m[KQApplication::QApplication(int&, char**, int)[m[K’
[1.465s]    96 |     QApplication([01;36m[Kint &argc[m[K, char **argv, int = ApplicationFlags);
[1.465s]       |                  [01;36m[K~~~~~^~~~[m[K
[1.465s] [01m[K/home/ethan/ros2/chapt3/topic_practice_ws/src/status_display/src/hello_qt.cpp:7:23:[m[K [01;31m[Kerror: [m[Kcannot bind rvalue ‘[01m[K(int)argv[m[K’ to ‘[01m[Kint&[m[K’
[1.465s]     7 |     QApplication app ([01;31m[Kargv[m[K,argv);
[1.465s]       |                       [01;31m[K^~~~[m[K
[1.465s] [01m[K/home/ethan/ros2/chapt3/topic_practice_ws/src/status_display/src/hello_qt.cpp:5:14:[m[K [01;35m[Kwarning: [m[Kunused parameter ‘[01m[Kargc[m[K’ [[01;35m[K]8;;https://gcc.gnu.org/onlinedocs/gcc/Warning-Options.html#index-Wunused-parameter-Wunused-parameter]8;;[m[K]
[1.465s]     5 | int main([01;35m[Kint argc[m[K,char* argv[])
[1.465s]       |          [01;35m[K~~~~^~~~[m[K
[1.592s] gmake[2]: *** [CMakeFiles/hello_qt.dir/build.make:76: CMakeFiles/hello_qt.dir/src/hello_qt.cpp.o] Error 1
[1.592s] gmake[1]: *** [CMakeFiles/Makefile2:137: CMakeFiles/hello_qt.dir/all] Error 2
[1.593s] gmake: *** [Makefile:146: all] Error 2
[1.594s] Invoked command in '/home/ethan/ros2/chapt3/topic_practice_ws/build/status_display' returned '2': CMAKE_PREFIX_PATH=${CMAKE_PREFIX_PATH}:/home/ethan/ros2/chapt3/topic_practice_ws/install/status_publisher:/opt/ros/humble /usr/bin/cmake --build /home/ethan/ros2/chapt3/topic_practice_ws/build/status_display -- -j8 -l8
