[0.291s] DEBUG:colcon:Command line arguments: ['/usr/bin/colcon', 'build']
[0.291s] DEBUG:colcon:Parsed command line arguments: Namespace(log_base=None, log_level=None, verb_name='build', build_base='build', install_base='install', merge_install=False, symlink_install=False, test_result_base=None, continue_on_error=False, executor='parallel', parallel_workers=8, event_handlers=None, ignore_user_meta=False, metas=['./colcon.meta'], base_paths=['.'], packages_ignore=None, packages_ignore_regex=None, paths=None, packages_up_to=None, packages_up_to_regex=None, packages_above=None, packages_above_and_dependencies=None, packages_above_depth=None, packages_select_by_dep=None, packages_skip_by_dep=None, packages_skip_up_to=None, packages_select_build_failed=False, packages_skip_build_finished=False, packages_select_test_failures=False, packages_skip_test_passed=False, packages_select=None, packages_skip=None, packages_select_regex=None, packages_skip_regex=None, packages_start=None, packages_end=None, allow_overriding=[], cmake_args=None, cmake_target=None, cmake_target_skip_unavailable=False, cmake_clean_cache=False, cmake_clean_first=False, cmake_force_configure=False, ament_cmake_args=None, catkin_cmake_args=None, catkin_skip_building_tests=False, verb_parser=<colcon_defaults.argument_parser.defaults.DefaultArgumentsDecorator object at 0x720f86eebdf0>, verb_extension=<colcon_core.verb.build.BuildVerb object at 0x720f86eeb8e0>, main=<bound method BuildVerb.main of <colcon_core.verb.build.BuildVerb object at 0x720f86eeb8e0>>)
[0.519s] Level 1:colcon.colcon_core.package_discovery:discover_packages(colcon_meta) check parameters
[0.519s] Level 1:colcon.colcon_core.package_discovery:discover_packages(recursive) check parameters
[0.519s] Level 1:colcon.colcon_core.package_discovery:discover_packages(ignore) check parameters
[0.519s] Level 1:colcon.colcon_core.package_discovery:discover_packages(path) check parameters
[0.519s] Level 1:colcon.colcon_core.package_discovery:discover_packages(colcon_meta) discover
[0.519s] Level 1:colcon.colcon_core.package_discovery:discover_packages(recursive) discover
[0.519s] INFO:colcon.colcon_core.package_discovery:Crawling recursively for packages in '/home/ethan/ros2/chapt3/topic_practice_ws'
[0.519s] Level 1:colcon.colcon_core.package_identification:_identify(.) by extensions ['ignore', 'ignore_ament_install']
[0.520s] Level 1:colcon.colcon_core.package_identification:_identify(.) by extension 'ignore'
[0.520s] Level 1:colcon.colcon_core.package_identification:_identify(.) by extension 'ignore_ament_install'
[0.520s] Level 1:colcon.colcon_core.package_identification:_identify(.) by extensions ['colcon_pkg']
[0.520s] Level 1:colcon.colcon_core.package_identification:_identify(.) by extension 'colcon_pkg'
[0.520s] Level 1:colcon.colcon_core.package_identification:_identify(.) by extensions ['colcon_meta']
[0.520s] Level 1:colcon.colcon_core.package_identification:_identify(.) by extension 'colcon_meta'
[0.520s] Level 1:colcon.colcon_core.package_identification:_identify(.) by extensions ['ros']
[0.520s] Level 1:colcon.colcon_core.package_identification:_identify(.) by extension 'ros'
[0.528s] Level 1:colcon.colcon_core.package_identification:_identify(.) by extensions ['cmake', 'python']
[0.528s] Level 1:colcon.colcon_core.package_identification:_identify(.) by extension 'cmake'
[0.528s] Level 1:colcon.colcon_core.package_identification:_identify(.) by extension 'python'
[0.528s] Level 1:colcon.colcon_core.package_identification:_identify(.) by extensions ['python_setup_py']
[0.528s] Level 1:colcon.colcon_core.package_identification:_identify(.) by extension 'python_setup_py'
[0.528s] Level 1:colcon.colcon_core.package_identification:_identify(build) by extensions ['ignore', 'ignore_ament_install']
[0.528s] Level 1:colcon.colcon_core.package_identification:_identify(build) by extension 'ignore'
[0.529s] Level 1:colcon.colcon_core.package_identification:_identify(build) ignored
[0.529s] Level 1:colcon.colcon_core.package_identification:_identify(install) by extensions ['ignore', 'ignore_ament_install']
[0.529s] Level 1:colcon.colcon_core.package_identification:_identify(install) by extension 'ignore'
[0.529s] Level 1:colcon.colcon_core.package_identification:_identify(install) ignored
[0.529s] Level 1:colcon.colcon_core.package_identification:_identify(log) by extensions ['ignore', 'ignore_ament_install']
[0.529s] Level 1:colcon.colcon_core.package_identification:_identify(log) by extension 'ignore'
[0.529s] Level 1:colcon.colcon_core.package_identification:_identify(log) ignored
[0.530s] Level 1:colcon.colcon_core.package_identification:_identify(src) by extensions ['ignore', 'ignore_ament_install']
[0.530s] Level 1:colcon.colcon_core.package_identification:_identify(src) by extension 'ignore'
[0.530s] Level 1:colcon.colcon_core.package_identification:_identify(src) by extension 'ignore_ament_install'
[0.530s] Level 1:colcon.colcon_core.package_identification:_identify(src) by extensions ['colcon_pkg']
[0.530s] Level 1:colcon.colcon_core.package_identification:_identify(src) by extension 'colcon_pkg'
[0.530s] Level 1:colcon.colcon_core.package_identification:_identify(src) by extensions ['colcon_meta']
[0.530s] Level 1:colcon.colcon_core.package_identification:_identify(src) by extension 'colcon_meta'
[0.530s] Level 1:colcon.colcon_core.package_identification:_identify(src) by extensions ['ros']
[0.530s] Level 1:colcon.colcon_core.package_identification:_identify(src) by extension 'ros'
[0.530s] Level 1:colcon.colcon_core.package_identification:_identify(src) by extensions ['cmake', 'python']
[0.530s] Level 1:colcon.colcon_core.package_identification:_identify(src) by extension 'cmake'
[0.530s] Level 1:colcon.colcon_core.package_identification:_identify(src) by extension 'python'
[0.530s] Level 1:colcon.colcon_core.package_identification:_identify(src) by extensions ['python_setup_py']
[0.530s] Level 1:colcon.colcon_core.package_identification:_identify(src) by extension 'python_setup_py'
[0.531s] Level 1:colcon.colcon_core.package_identification:_identify(src/status_display) by extensions ['ignore', 'ignore_ament_install']
[0.531s] Level 1:colcon.colcon_core.package_identification:_identify(src/status_display) by extension 'ignore'
[0.531s] Level 1:colcon.colcon_core.package_identification:_identify(src/status_display) by extension 'ignore_ament_install'
[0.531s] Level 1:colcon.colcon_core.package_identification:_identify(src/status_display) by extensions ['colcon_pkg']
[0.531s] Level 1:colcon.colcon_core.package_identification:_identify(src/status_display) by extension 'colcon_pkg'
[0.531s] Level 1:colcon.colcon_core.package_identification:_identify(src/status_display) by extensions ['colcon_meta']
[0.531s] Level 1:colcon.colcon_core.package_identification:_identify(src/status_display) by extension 'colcon_meta'
[0.531s] Level 1:colcon.colcon_core.package_identification:_identify(src/status_display) by extensions ['ros']
[0.531s] Level 1:colcon.colcon_core.package_identification:_identify(src/status_display) by extension 'ros'
[0.534s] DEBUG:colcon.colcon_core.package_identification:Package 'src/status_display' with type 'ros.ament_cmake' and name 'status_display'
[0.534s] Level 1:colcon.colcon_core.package_identification:_identify(src/status_interfaces) by extensions ['ignore', 'ignore_ament_install']
[0.534s] Level 1:colcon.colcon_core.package_identification:_identify(src/status_interfaces) by extension 'ignore'
[0.535s] Level 1:colcon.colcon_core.package_identification:_identify(src/status_interfaces) by extension 'ignore_ament_install'
[0.535s] Level 1:colcon.colcon_core.package_identification:_identify(src/status_interfaces) by extensions ['colcon_pkg']
[0.535s] Level 1:colcon.colcon_core.package_identification:_identify(src/status_interfaces) by extension 'colcon_pkg'
[0.535s] Level 1:colcon.colcon_core.package_identification:_identify(src/status_interfaces) by extensions ['colcon_meta']
[0.535s] Level 1:colcon.colcon_core.package_identification:_identify(src/status_interfaces) by extension 'colcon_meta'
[0.535s] Level 1:colcon.colcon_core.package_identification:_identify(src/status_interfaces) by extensions ['ros']
[0.535s] Level 1:colcon.colcon_core.package_identification:_identify(src/status_interfaces) by extension 'ros'
[0.535s] DEBUG:colcon.colcon_core.package_identification:Package 'src/status_interfaces' with type 'ros.ament_cmake' and name 'status_interfaces'
[0.536s] Level 1:colcon.colcon_core.package_identification:_identify(src/status_publisher) by extensions ['ignore', 'ignore_ament_install']
[0.536s] Level 1:colcon.colcon_core.package_identification:_identify(src/status_publisher) by extension 'ignore'
[0.536s] Level 1:colcon.colcon_core.package_identification:_identify(src/status_publisher) by extension 'ignore_ament_install'
[0.536s] Level 1:colcon.colcon_core.package_identification:_identify(src/status_publisher) by extensions ['colcon_pkg']
[0.536s] Level 1:colcon.colcon_core.package_identification:_identify(src/status_publisher) by extension 'colcon_pkg'
[0.536s] Level 1:colcon.colcon_core.package_identification:_identify(src/status_publisher) by extensions ['colcon_meta']
[0.536s] Level 1:colcon.colcon_core.package_identification:_identify(src/status_publisher) by extension 'colcon_meta'
[0.536s] Level 1:colcon.colcon_core.package_identification:_identify(src/status_publisher) by extensions ['ros']
[0.536s] Level 1:colcon.colcon_core.package_identification:_identify(src/status_publisher) by extension 'ros'
[0.538s] DEBUG:colcon.colcon_core.package_identification:Package 'src/status_publisher' with type 'ros.ament_python' and name 'status_publisher'
[0.538s] Level 1:colcon.colcon_core.package_discovery:discover_packages(recursive) using defaults
[0.538s] Level 1:colcon.colcon_core.package_discovery:discover_packages(ignore) discover
[0.538s] Level 1:colcon.colcon_core.package_discovery:discover_packages(ignore) using defaults
[0.538s] Level 1:colcon.colcon_core.package_discovery:discover_packages(path) discover
[0.538s] Level 1:colcon.colcon_core.package_discovery:discover_packages(path) using defaults
[0.568s] Level 1:colcon.colcon_core.package_discovery:discover_packages(prefix_path) check parameters
[0.568s] Level 1:colcon.colcon_core.package_discovery:discover_packages(prefix_path) discover
[0.574s] DEBUG:colcon.colcon_installed_package_information.package_discovery:Found 271 installed packages in /opt/ros/humble
[0.583s] Level 1:colcon.colcon_core.package_discovery:discover_packages(prefix_path) using defaults
[0.606s] Level 5:colcon.colcon_core.verb:set package 'status_interfaces' build argument 'cmake_args' from command line to 'None'
[0.606s] Level 5:colcon.colcon_core.verb:set package 'status_interfaces' build argument 'cmake_target' from command line to 'None'
[0.606s] Level 5:colcon.colcon_core.verb:set package 'status_interfaces' build argument 'cmake_target_skip_unavailable' from command line to 'False'
[0.606s] Level 5:colcon.colcon_core.verb:set package 'status_interfaces' build argument 'cmake_clean_cache' from command line to 'False'
[0.606s] Level 5:colcon.colcon_core.verb:set package 'status_interfaces' build argument 'cmake_clean_first' from command line to 'False'
[0.606s] Level 5:colcon.colcon_core.verb:set package 'status_interfaces' build argument 'cmake_force_configure' from command line to 'False'
[0.606s] Level 5:colcon.colcon_core.verb:set package 'status_interfaces' build argument 'ament_cmake_args' from command line to 'None'
[0.606s] Level 5:colcon.colcon_core.verb:set package 'status_interfaces' build argument 'catkin_cmake_args' from command line to 'None'
[0.606s] Level 5:colcon.colcon_core.verb:set package 'status_interfaces' build argument 'catkin_skip_building_tests' from command line to 'False'
[0.606s] DEBUG:colcon.colcon_core.verb:Building package 'status_interfaces' with the following arguments: {'ament_cmake_args': None, 'build_base': '/home/ethan/ros2/chapt3/topic_practice_ws/build/status_interfaces', 'catkin_cmake_args': None, 'catkin_skip_building_tests': False, 'cmake_args': None, 'cmake_clean_cache': False, 'cmake_clean_first': False, 'cmake_force_configure': False, 'cmake_target': None, 'cmake_target_skip_unavailable': False, 'install_base': '/home/ethan/ros2/chapt3/topic_practice_ws/install/status_interfaces', 'merge_install': False, 'path': '/home/ethan/ros2/chapt3/topic_practice_ws/src/status_interfaces', 'symlink_install': False, 'test_result_base': None}
[0.606s] Level 5:colcon.colcon_core.verb:set package 'status_display' build argument 'cmake_args' from command line to 'None'
[0.607s] Level 5:colcon.colcon_core.verb:set package 'status_display' build argument 'cmake_target' from command line to 'None'
[0.607s] Level 5:colcon.colcon_core.verb:set package 'status_display' build argument 'cmake_target_skip_unavailable' from command line to 'False'
[0.607s] Level 5:colcon.colcon_core.verb:set package 'status_display' build argument 'cmake_clean_cache' from command line to 'False'
[0.607s] Level 5:colcon.colcon_core.verb:set package 'status_display' build argument 'cmake_clean_first' from command line to 'False'
[0.607s] Level 5:colcon.colcon_core.verb:set package 'status_display' build argument 'cmake_force_configure' from command line to 'False'
[0.607s] Level 5:colcon.colcon_core.verb:set package 'status_display' build argument 'ament_cmake_args' from command line to 'None'
[0.607s] Level 5:colcon.colcon_core.verb:set package 'status_display' build argument 'catkin_cmake_args' from command line to 'None'
[0.607s] Level 5:colcon.colcon_core.verb:set package 'status_display' build argument 'catkin_skip_building_tests' from command line to 'False'
[0.607s] DEBUG:colcon.colcon_core.verb:Building package 'status_display' with the following arguments: {'ament_cmake_args': None, 'build_base': '/home/ethan/ros2/chapt3/topic_practice_ws/build/status_display', 'catkin_cmake_args': None, 'catkin_skip_building_tests': False, 'cmake_args': None, 'cmake_clean_cache': False, 'cmake_clean_first': False, 'cmake_force_configure': False, 'cmake_target': None, 'cmake_target_skip_unavailable': False, 'install_base': '/home/ethan/ros2/chapt3/topic_practice_ws/install/status_display', 'merge_install': False, 'path': '/home/ethan/ros2/chapt3/topic_practice_ws/src/status_display', 'symlink_install': False, 'test_result_base': None}
[0.607s] Level 5:colcon.colcon_core.verb:set package 'status_publisher' build argument 'cmake_args' from command line to 'None'
[0.607s] Level 5:colcon.colcon_core.verb:set package 'status_publisher' build argument 'cmake_target' from command line to 'None'
[0.607s] Level 5:colcon.colcon_core.verb:set package 'status_publisher' build argument 'cmake_target_skip_unavailable' from command line to 'False'
[0.607s] Level 5:colcon.colcon_core.verb:set package 'status_publisher' build argument 'cmake_clean_cache' from command line to 'False'
[0.607s] Level 5:colcon.colcon_core.verb:set package 'status_publisher' build argument 'cmake_clean_first' from command line to 'False'
[0.607s] Level 5:colcon.colcon_core.verb:set package 'status_publisher' build argument 'cmake_force_configure' from command line to 'False'
[0.607s] Level 5:colcon.colcon_core.verb:set package 'status_publisher' build argument 'ament_cmake_args' from command line to 'None'
[0.607s] Level 5:colcon.colcon_core.verb:set package 'status_publisher' build argument 'catkin_cmake_args' from command line to 'None'
[0.607s] Level 5:colcon.colcon_core.verb:set package 'status_publisher' build argument 'catkin_skip_building_tests' from command line to 'False'
[0.607s] DEBUG:colcon.colcon_core.verb:Building package 'status_publisher' with the following arguments: {'ament_cmake_args': None, 'build_base': '/home/ethan/ros2/chapt3/topic_practice_ws/build/status_publisher', 'catkin_cmake_args': None, 'catkin_skip_building_tests': False, 'cmake_args': None, 'cmake_clean_cache': False, 'cmake_clean_first': False, 'cmake_force_configure': False, 'cmake_target': None, 'cmake_target_skip_unavailable': False, 'install_base': '/home/ethan/ros2/chapt3/topic_practice_ws/install/status_publisher', 'merge_install': False, 'path': '/home/ethan/ros2/chapt3/topic_practice_ws/src/status_publisher', 'symlink_install': False, 'test_result_base': None}
[0.607s] INFO:colcon.colcon_core.executor:Executing jobs using 'parallel' executor
[0.608s] DEBUG:colcon.colcon_parallel_executor.executor.parallel:run_until_complete
[0.608s] INFO:colcon.colcon_ros.task.ament_cmake.build:Building ROS package in '/home/ethan/ros2/chapt3/topic_practice_ws/src/status_interfaces' with build type 'ament_cmake'
[0.608s] INFO:colcon.colcon_cmake.task.cmake.build:Building CMake package in '/home/ethan/ros2/chapt3/topic_practice_ws/src/status_interfaces'
[0.615s] INFO:colcon.colcon_core.plugin_system:Skipping extension 'colcon_core.shell.bat': Not used on non-Windows systems
[0.616s] INFO:colcon.colcon_core.shell:Skip shell extension 'powershell' for command environment: Not usable outside of PowerShell
[0.616s] DEBUG:colcon.colcon_core.shell:Skip shell extension 'dsv' for command environment
[0.624s] DEBUG:colcon.colcon_core.event_handler.log_command:Invoking command in '/home/ethan/ros2/chapt3/topic_practice_ws/build/status_interfaces': CMAKE_PREFIX_PATH=/opt/ros/humble /usr/bin/cmake --build /home/ethan/ros2/chapt3/topic_practice_ws/build/status_interfaces -- -j8 -l8
[0.926s] DEBUG:colcon.colcon_core.event_handler.log_command:Invoked command in '/home/ethan/ros2/chapt3/topic_practice_ws/build/status_interfaces' returned '0': CMAKE_PREFIX_PATH=/opt/ros/humble /usr/bin/cmake --build /home/ethan/ros2/chapt3/topic_practice_ws/build/status_interfaces -- -j8 -l8
[0.936s] DEBUG:colcon.colcon_core.event_handler.log_command:Invoking command in '/home/ethan/ros2/chapt3/topic_practice_ws/build/status_interfaces': CMAKE_PREFIX_PATH=/opt/ros/humble /usr/bin/cmake --install /home/ethan/ros2/chapt3/topic_practice_ws/build/status_interfaces
[1.002s] Level 1:colcon.colcon_core.environment:create_environment_scripts_only(status_interfaces)
[1.003s] DEBUG:colcon.colcon_core.event_handler.log_command:Invoked command in '/home/ethan/ros2/chapt3/topic_practice_ws/build/status_interfaces' returned '0': CMAKE_PREFIX_PATH=/opt/ros/humble /usr/bin/cmake --install /home/ethan/ros2/chapt3/topic_practice_ws/build/status_interfaces
[1.011s] Level 1:colcon.colcon_core.environment:checking '/home/ethan/ros2/chapt3/topic_practice_ws/install/status_interfaces' for CMake module files
[1.013s] Level 1:colcon.colcon_core.environment:checking '/home/ethan/ros2/chapt3/topic_practice_ws/install/status_interfaces' for CMake config files
[1.017s] Level 1:colcon.colcon_core.shell:create_environment_hook('status_interfaces', 'cmake_prefix_path')
[1.017s] INFO:colcon.colcon_core.shell:Creating environment hook '/home/ethan/ros2/chapt3/topic_practice_ws/install/status_interfaces/share/status_interfaces/hook/cmake_prefix_path.ps1'
[1.018s] INFO:colcon.colcon_core.shell:Creating environment descriptor '/home/ethan/ros2/chapt3/topic_practice_ws/install/status_interfaces/share/status_interfaces/hook/cmake_prefix_path.dsv'
[1.019s] INFO:colcon.colcon_core.shell:Creating environment hook '/home/ethan/ros2/chapt3/topic_practice_ws/install/status_interfaces/share/status_interfaces/hook/cmake_prefix_path.sh'
[1.020s] Level 1:colcon.colcon_core.environment:checking '/home/ethan/ros2/chapt3/topic_practice_ws/install/status_interfaces/lib'
[1.020s] Level 1:colcon.colcon_core.shell:create_environment_hook('status_interfaces', 'ld_library_path_lib')
[1.021s] INFO:colcon.colcon_core.shell:Creating environment hook '/home/ethan/ros2/chapt3/topic_practice_ws/install/status_interfaces/share/status_interfaces/hook/ld_library_path_lib.ps1'
[1.021s] INFO:colcon.colcon_core.shell:Creating environment descriptor '/home/ethan/ros2/chapt3/topic_practice_ws/install/status_interfaces/share/status_interfaces/hook/ld_library_path_lib.dsv'
[1.021s] INFO:colcon.colcon_core.shell:Creating environment hook '/home/ethan/ros2/chapt3/topic_practice_ws/install/status_interfaces/share/status_interfaces/hook/ld_library_path_lib.sh'
[1.021s] Level 1:colcon.colcon_core.environment:checking '/home/ethan/ros2/chapt3/topic_practice_ws/install/status_interfaces/bin'
[1.022s] Level 1:colcon.colcon_core.environment:checking '/home/ethan/ros2/chapt3/topic_practice_ws/install/status_interfaces/lib/pkgconfig/status_interfaces.pc'
[1.022s] Level 1:colcon.colcon_core.environment:checking '/home/ethan/ros2/chapt3/topic_practice_ws/install/status_interfaces/lib/python3.10/site-packages'
[1.022s] Level 1:colcon.colcon_core.environment:checking '/home/ethan/ros2/chapt3/topic_practice_ws/install/status_interfaces/bin'
[1.022s] INFO:colcon.colcon_core.shell:Creating package script '/home/ethan/ros2/chapt3/topic_practice_ws/install/status_interfaces/share/status_interfaces/package.ps1'
[1.023s] INFO:colcon.colcon_core.shell:Creating package descriptor '/home/ethan/ros2/chapt3/topic_practice_ws/install/status_interfaces/share/status_interfaces/package.dsv'
[1.024s] INFO:colcon.colcon_core.shell:Creating package script '/home/ethan/ros2/chapt3/topic_practice_ws/install/status_interfaces/share/status_interfaces/package.sh'
[1.025s] INFO:colcon.colcon_core.shell:Creating package script '/home/ethan/ros2/chapt3/topic_practice_ws/install/status_interfaces/share/status_interfaces/package.bash'
[1.026s] INFO:colcon.colcon_core.shell:Creating package script '/home/ethan/ros2/chapt3/topic_practice_ws/install/status_interfaces/share/status_interfaces/package.zsh'
[1.028s] Level 1:colcon.colcon_core.environment:create_file_with_runtime_dependencies(/home/ethan/ros2/chapt3/topic_practice_ws/install/status_interfaces/share/colcon-core/packages/status_interfaces)
[1.029s] Level 1:colcon.colcon_core.environment:create_environment_scripts_only(status_interfaces)
[1.029s] Level 1:colcon.colcon_core.environment:checking '/home/ethan/ros2/chapt3/topic_practice_ws/install/status_interfaces' for CMake module files
[1.030s] Level 1:colcon.colcon_core.environment:checking '/home/ethan/ros2/chapt3/topic_practice_ws/install/status_interfaces' for CMake config files
[1.032s] Level 1:colcon.colcon_core.shell:create_environment_hook('status_interfaces', 'cmake_prefix_path')
[1.032s] INFO:colcon.colcon_core.shell:Creating environment hook '/home/ethan/ros2/chapt3/topic_practice_ws/install/status_interfaces/share/status_interfaces/hook/cmake_prefix_path.ps1'
[1.033s] INFO:colcon.colcon_core.shell:Creating environment descriptor '/home/ethan/ros2/chapt3/topic_practice_ws/install/status_interfaces/share/status_interfaces/hook/cmake_prefix_path.dsv'
[1.033s] INFO:colcon.colcon_core.shell:Creating environment hook '/home/ethan/ros2/chapt3/topic_practice_ws/install/status_interfaces/share/status_interfaces/hook/cmake_prefix_path.sh'
[1.034s] Level 1:colcon.colcon_core.environment:checking '/home/ethan/ros2/chapt3/topic_practice_ws/install/status_interfaces/lib'
[1.034s] Level 1:colcon.colcon_core.shell:create_environment_hook('status_interfaces', 'ld_library_path_lib')
[1.034s] INFO:colcon.colcon_core.shell:Creating environment hook '/home/ethan/ros2/chapt3/topic_practice_ws/install/status_interfaces/share/status_interfaces/hook/ld_library_path_lib.ps1'
[1.035s] INFO:colcon.colcon_core.shell:Creating environment descriptor '/home/ethan/ros2/chapt3/topic_practice_ws/install/status_interfaces/share/status_interfaces/hook/ld_library_path_lib.dsv'
[1.036s] INFO:colcon.colcon_core.shell:Creating environment hook '/home/ethan/ros2/chapt3/topic_practice_ws/install/status_interfaces/share/status_interfaces/hook/ld_library_path_lib.sh'
[1.036s] Level 1:colcon.colcon_core.environment:checking '/home/ethan/ros2/chapt3/topic_practice_ws/install/status_interfaces/bin'
[1.036s] Level 1:colcon.colcon_core.environment:checking '/home/ethan/ros2/chapt3/topic_practice_ws/install/status_interfaces/lib/pkgconfig/status_interfaces.pc'
[1.037s] Level 1:colcon.colcon_core.environment:checking '/home/ethan/ros2/chapt3/topic_practice_ws/install/status_interfaces/lib/python3.10/site-packages'
[1.037s] Level 1:colcon.colcon_core.environment:checking '/home/ethan/ros2/chapt3/topic_practice_ws/install/status_interfaces/bin'
[1.037s] INFO:colcon.colcon_core.shell:Creating package script '/home/ethan/ros2/chapt3/topic_practice_ws/install/status_interfaces/share/status_interfaces/package.ps1'
[1.038s] INFO:colcon.colcon_core.shell:Creating package descriptor '/home/ethan/ros2/chapt3/topic_practice_ws/install/status_interfaces/share/status_interfaces/package.dsv'
[1.039s] INFO:colcon.colcon_core.shell:Creating package script '/home/ethan/ros2/chapt3/topic_practice_ws/install/status_interfaces/share/status_interfaces/package.sh'
[1.039s] INFO:colcon.colcon_core.shell:Creating package script '/home/ethan/ros2/chapt3/topic_practice_ws/install/status_interfaces/share/status_interfaces/package.bash'
[1.040s] INFO:colcon.colcon_core.shell:Creating package script '/home/ethan/ros2/chapt3/topic_practice_ws/install/status_interfaces/share/status_interfaces/package.zsh'
[1.040s] Level 1:colcon.colcon_core.environment:create_file_with_runtime_dependencies(/home/ethan/ros2/chapt3/topic_practice_ws/install/status_interfaces/share/colcon-core/packages/status_interfaces)
[1.041s] INFO:colcon.colcon_ros.task.ament_cmake.build:Building ROS package in '/home/ethan/ros2/chapt3/topic_practice_ws/src/status_display' with build type 'ament_cmake'
[1.041s] INFO:colcon.colcon_cmake.task.cmake.build:Building CMake package in '/home/ethan/ros2/chapt3/topic_practice_ws/src/status_display'
[1.042s] INFO:colcon.colcon_core.shell:Skip shell extension 'powershell' for command environment: Not usable outside of PowerShell
[1.042s] DEBUG:colcon.colcon_core.shell:Skip shell extension 'dsv' for command environment
[1.044s] INFO:colcon.colcon_ros.task.ament_python.build:Building ROS package in '/home/ethan/ros2/chapt3/topic_practice_ws/src/status_publisher' with build type 'ament_python'
[1.044s] Level 1:colcon.colcon_core.shell:create_environment_hook('status_publisher', 'ament_prefix_path')
[1.044s] INFO:colcon.colcon_core.shell:Creating environment hook '/home/ethan/ros2/chapt3/topic_practice_ws/install/status_publisher/share/status_publisher/hook/ament_prefix_path.ps1'
[1.044s] INFO:colcon.colcon_core.shell:Creating environment descriptor '/home/ethan/ros2/chapt3/topic_practice_ws/install/status_publisher/share/status_publisher/hook/ament_prefix_path.dsv'
[1.045s] INFO:colcon.colcon_core.shell:Creating environment hook '/home/ethan/ros2/chapt3/topic_practice_ws/install/status_publisher/share/status_publisher/hook/ament_prefix_path.sh'
[1.045s] INFO:colcon.colcon_core.shell:Skip shell extension 'powershell' for command environment: Not usable outside of PowerShell
[1.045s] DEBUG:colcon.colcon_core.shell:Skip shell extension 'dsv' for command environment
[1.053s] DEBUG:colcon.colcon_core.event_handler.log_command:Invoking command in '/home/ethan/ros2/chapt3/topic_practice_ws/build/status_display': AMENT_PREFIX_PATH=/home/ethan/ros2/chapt3/topic_practice_ws/install/status_interfaces:${AMENT_PREFIX_PATH} CMAKE_PREFIX_PATH=/home/ethan/ros2/chapt3/topic_practice_ws/install/status_interfaces:/opt/ros/humble LD_LIBRARY_PATH=/home/ethan/ros2/chapt3/topic_practice_ws/install/status_interfaces/lib:${LD_LIBRARY_PATH} PYTHONPATH=/home/ethan/ros2/chapt3/topic_practice_ws/install/status_interfaces/local/lib/python3.10/dist-packages:${PYTHONPATH} /usr/bin/cmake --build /home/ethan/ros2/chapt3/topic_practice_ws/build/status_display -- -j8 -l8
[1.224s] INFO:colcon.colcon_core.task.python.build:Building Python package in '/home/ethan/ros2/chapt3/topic_practice_ws/src/status_publisher'
[1.225s] INFO:colcon.colcon_core.shell:Skip shell extension 'powershell' for command environment: Not usable outside of PowerShell
[1.225s] DEBUG:colcon.colcon_core.shell:Skip shell extension 'dsv' for command environment
[1.517s] DEBUG:colcon.colcon_core.event_handler.log_command:Invoking command in '/home/ethan/ros2/chapt3/topic_practice_ws/src/status_publisher': AMENT_PREFIX_PATH=/home/ethan/ros2/chapt3/topic_practice_ws/install/status_interfaces:${AMENT_PREFIX_PATH} CMAKE_PREFIX_PATH=/home/ethan/ros2/chapt3/topic_practice_ws/install/status_interfaces LD_LIBRARY_PATH=/home/ethan/ros2/chapt3/topic_practice_ws/install/status_interfaces/lib:${LD_LIBRARY_PATH} PYTHONPATH=/home/ethan/ros2/chapt3/topic_practice_ws/build/status_publisher/prefix_override:/usr/lib/python3/dist-packages/colcon_core/task/python/colcon_distutils_commands:/home/ethan/ros2/chapt3/topic_practice_ws/install/status_publisher/lib/python3.10/site-packages:/home/ethan/ros2/chapt3/topic_practice_ws/install/status_interfaces/local/lib/python3.10/dist-packages:${PYTHONPATH} /usr/bin/python3 -W ignore:setup.py install is deprecated -W ignore:easy_install command is deprecated setup.py egg_info --egg-base ../../build/status_publisher build --build-base /home/ethan/ros2/chapt3/topic_practice_ws/build/status_publisher/build install --record /home/ethan/ros2/chapt3/topic_practice_ws/build/status_publisher/install.log --single-version-externally-managed install_data
[1.717s] Level 1:colcon.colcon_core.environment:checking '/home/ethan/ros2/chapt3/topic_practice_ws/install/status_publisher' for CMake module files
[1.718s] DEBUG:colcon.colcon_core.event_handler.log_command:Invoked command in '/home/ethan/ros2/chapt3/topic_practice_ws/src/status_publisher' returned '0': AMENT_PREFIX_PATH=/home/ethan/ros2/chapt3/topic_practice_ws/install/status_interfaces:${AMENT_PREFIX_PATH} CMAKE_PREFIX_PATH=/home/ethan/ros2/chapt3/topic_practice_ws/install/status_interfaces LD_LIBRARY_PATH=/home/ethan/ros2/chapt3/topic_practice_ws/install/status_interfaces/lib:${LD_LIBRARY_PATH} PYTHONPATH=/home/ethan/ros2/chapt3/topic_practice_ws/build/status_publisher/prefix_override:/usr/lib/python3/dist-packages/colcon_core/task/python/colcon_distutils_commands:/home/ethan/ros2/chapt3/topic_practice_ws/install/status_publisher/lib/python3.10/site-packages:/home/ethan/ros2/chapt3/topic_practice_ws/install/status_interfaces/local/lib/python3.10/dist-packages:${PYTHONPATH} /usr/bin/python3 -W ignore:setup.py install is deprecated -W ignore:easy_install command is deprecated setup.py egg_info --egg-base ../../build/status_publisher build --build-base /home/ethan/ros2/chapt3/topic_practice_ws/build/status_publisher/build install --record /home/ethan/ros2/chapt3/topic_practice_ws/build/status_publisher/install.log --single-version-externally-managed install_data
[1.719s] Level 1:colcon.colcon_core.environment:checking '/home/ethan/ros2/chapt3/topic_practice_ws/install/status_publisher' for CMake config files
[1.723s] Level 1:colcon.colcon_core.environment:checking '/home/ethan/ros2/chapt3/topic_practice_ws/install/status_publisher/lib'
[1.723s] Level 1:colcon.colcon_core.environment:checking '/home/ethan/ros2/chapt3/topic_practice_ws/install/status_publisher/bin'
[1.723s] Level 1:colcon.colcon_core.environment:checking '/home/ethan/ros2/chapt3/topic_practice_ws/install/status_publisher/lib/pkgconfig/status_publisher.pc'
[1.724s] Level 1:colcon.colcon_core.environment:checking '/home/ethan/ros2/chapt3/topic_practice_ws/install/status_publisher/lib/python3.10/site-packages'
[1.724s] Level 1:colcon.colcon_core.shell:create_environment_hook('status_publisher', 'pythonpath')
[1.724s] INFO:colcon.colcon_core.shell:Creating environment hook '/home/ethan/ros2/chapt3/topic_practice_ws/install/status_publisher/share/status_publisher/hook/pythonpath.ps1'
[1.724s] INFO:colcon.colcon_core.shell:Creating environment descriptor '/home/ethan/ros2/chapt3/topic_practice_ws/install/status_publisher/share/status_publisher/hook/pythonpath.dsv'
[1.725s] INFO:colcon.colcon_core.shell:Creating environment hook '/home/ethan/ros2/chapt3/topic_practice_ws/install/status_publisher/share/status_publisher/hook/pythonpath.sh'
[1.725s] Level 1:colcon.colcon_core.environment:checking '/home/ethan/ros2/chapt3/topic_practice_ws/install/status_publisher/bin'
[1.725s] Level 1:colcon.colcon_core.environment:create_environment_scripts_only(status_publisher)
[1.726s] INFO:colcon.colcon_core.shell:Creating package script '/home/ethan/ros2/chapt3/topic_practice_ws/install/status_publisher/share/status_publisher/package.ps1'
[1.726s] INFO:colcon.colcon_core.shell:Creating package descriptor '/home/ethan/ros2/chapt3/topic_practice_ws/install/status_publisher/share/status_publisher/package.dsv'
[1.726s] INFO:colcon.colcon_core.shell:Creating package script '/home/ethan/ros2/chapt3/topic_practice_ws/install/status_publisher/share/status_publisher/package.sh'
[1.726s] INFO:colcon.colcon_core.shell:Creating package script '/home/ethan/ros2/chapt3/topic_practice_ws/install/status_publisher/share/status_publisher/package.bash'
[1.730s] INFO:colcon.colcon_core.shell:Creating package script '/home/ethan/ros2/chapt3/topic_practice_ws/install/status_publisher/share/status_publisher/package.zsh'
[1.731s] Level 1:colcon.colcon_core.environment:create_file_with_runtime_dependencies(/home/ethan/ros2/chapt3/topic_practice_ws/install/status_publisher/share/colcon-core/packages/status_publisher)
[9.188s] DEBUG:colcon.colcon_core.event_handler.log_command:Invoked command in '/home/ethan/ros2/chapt3/topic_practice_ws/build/status_display' returned '0': AMENT_PREFIX_PATH=/home/ethan/ros2/chapt3/topic_practice_ws/install/status_interfaces:${AMENT_PREFIX_PATH} CMAKE_PREFIX_PATH=/home/ethan/ros2/chapt3/topic_practice_ws/install/status_interfaces:/opt/ros/humble LD_LIBRARY_PATH=/home/ethan/ros2/chapt3/topic_practice_ws/install/status_interfaces/lib:${LD_LIBRARY_PATH} PYTHONPATH=/home/ethan/ros2/chapt3/topic_practice_ws/install/status_interfaces/local/lib/python3.10/dist-packages:${PYTHONPATH} /usr/bin/cmake --build /home/ethan/ros2/chapt3/topic_practice_ws/build/status_display -- -j8 -l8
[9.190s] DEBUG:colcon.colcon_core.event_handler.log_command:Invoking command in '/home/ethan/ros2/chapt3/topic_practice_ws/build/status_display': AMENT_PREFIX_PATH=/home/ethan/ros2/chapt3/topic_practice_ws/install/status_interfaces:${AMENT_PREFIX_PATH} CMAKE_PREFIX_PATH=/home/ethan/ros2/chapt3/topic_practice_ws/install/status_interfaces:/opt/ros/humble LD_LIBRARY_PATH=/home/ethan/ros2/chapt3/topic_practice_ws/install/status_interfaces/lib:${LD_LIBRARY_PATH} PYTHONPATH=/home/ethan/ros2/chapt3/topic_practice_ws/install/status_interfaces/local/lib/python3.10/dist-packages:${PYTHONPATH} /usr/bin/cmake --install /home/ethan/ros2/chapt3/topic_practice_ws/build/status_display
[9.202s] Level 1:colcon.colcon_core.environment:create_environment_scripts_only(status_display)
[9.202s] DEBUG:colcon.colcon_core.event_handler.log_command:Invoked command in '/home/ethan/ros2/chapt3/topic_practice_ws/build/status_display' returned '0': AMENT_PREFIX_PATH=/home/ethan/ros2/chapt3/topic_practice_ws/install/status_interfaces:${AMENT_PREFIX_PATH} CMAKE_PREFIX_PATH=/home/ethan/ros2/chapt3/topic_practice_ws/install/status_interfaces:/opt/ros/humble LD_LIBRARY_PATH=/home/ethan/ros2/chapt3/topic_practice_ws/install/status_interfaces/lib:${LD_LIBRARY_PATH} PYTHONPATH=/home/ethan/ros2/chapt3/topic_practice_ws/install/status_interfaces/local/lib/python3.10/dist-packages:${PYTHONPATH} /usr/bin/cmake --install /home/ethan/ros2/chapt3/topic_practice_ws/build/status_display
[9.202s] Level 1:colcon.colcon_core.environment:checking '/home/ethan/ros2/chapt3/topic_practice_ws/install/status_display' for CMake module files
[9.203s] Level 1:colcon.colcon_core.environment:checking '/home/ethan/ros2/chapt3/topic_practice_ws/install/status_display' for CMake config files
[9.205s] Level 1:colcon.colcon_core.shell:create_environment_hook('status_display', 'cmake_prefix_path')
[9.205s] INFO:colcon.colcon_core.shell:Creating environment hook '/home/ethan/ros2/chapt3/topic_practice_ws/install/status_display/share/status_display/hook/cmake_prefix_path.ps1'
[9.206s] INFO:colcon.colcon_core.shell:Creating environment descriptor '/home/ethan/ros2/chapt3/topic_practice_ws/install/status_display/share/status_display/hook/cmake_prefix_path.dsv'
[9.206s] INFO:colcon.colcon_core.shell:Creating environment hook '/home/ethan/ros2/chapt3/topic_practice_ws/install/status_display/share/status_display/hook/cmake_prefix_path.sh'
[9.206s] Level 1:colcon.colcon_core.environment:checking '/home/ethan/ros2/chapt3/topic_practice_ws/install/status_display/lib'
[9.207s] Level 1:colcon.colcon_core.environment:checking '/home/ethan/ros2/chapt3/topic_practice_ws/install/status_display/bin'
[9.207s] Level 1:colcon.colcon_core.environment:checking '/home/ethan/ros2/chapt3/topic_practice_ws/install/status_display/lib/pkgconfig/status_display.pc'
[9.207s] Level 1:colcon.colcon_core.environment:checking '/home/ethan/ros2/chapt3/topic_practice_ws/install/status_display/lib/python3.10/site-packages'
[9.207s] Level 1:colcon.colcon_core.environment:checking '/home/ethan/ros2/chapt3/topic_practice_ws/install/status_display/bin'
[9.207s] INFO:colcon.colcon_core.shell:Creating package script '/home/ethan/ros2/chapt3/topic_practice_ws/install/status_display/share/status_display/package.ps1'
[9.207s] INFO:colcon.colcon_core.shell:Creating package descriptor '/home/ethan/ros2/chapt3/topic_practice_ws/install/status_display/share/status_display/package.dsv'
[9.208s] INFO:colcon.colcon_core.shell:Creating package script '/home/ethan/ros2/chapt3/topic_practice_ws/install/status_display/share/status_display/package.sh'
[9.208s] INFO:colcon.colcon_core.shell:Creating package script '/home/ethan/ros2/chapt3/topic_practice_ws/install/status_display/share/status_display/package.bash'
[9.208s] INFO:colcon.colcon_core.shell:Creating package script '/home/ethan/ros2/chapt3/topic_practice_ws/install/status_display/share/status_display/package.zsh'
[9.209s] Level 1:colcon.colcon_core.environment:create_file_with_runtime_dependencies(/home/ethan/ros2/chapt3/topic_practice_ws/install/status_display/share/colcon-core/packages/status_display)
[9.209s] Level 1:colcon.colcon_core.environment:create_environment_scripts_only(status_display)
[9.209s] Level 1:colcon.colcon_core.environment:checking '/home/ethan/ros2/chapt3/topic_practice_ws/install/status_display' for CMake module files
[9.210s] Level 1:colcon.colcon_core.environment:checking '/home/ethan/ros2/chapt3/topic_practice_ws/install/status_display' for CMake config files
[9.210s] Level 1:colcon.colcon_core.shell:create_environment_hook('status_display', 'cmake_prefix_path')
[9.210s] INFO:colcon.colcon_core.shell:Creating environment hook '/home/ethan/ros2/chapt3/topic_practice_ws/install/status_display/share/status_display/hook/cmake_prefix_path.ps1'
[9.210s] INFO:colcon.colcon_core.shell:Creating environment descriptor '/home/ethan/ros2/chapt3/topic_practice_ws/install/status_display/share/status_display/hook/cmake_prefix_path.dsv'
[9.211s] INFO:colcon.colcon_core.shell:Creating environment hook '/home/ethan/ros2/chapt3/topic_practice_ws/install/status_display/share/status_display/hook/cmake_prefix_path.sh'
[9.211s] Level 1:colcon.colcon_core.environment:checking '/home/ethan/ros2/chapt3/topic_practice_ws/install/status_display/lib'
[9.211s] Level 1:colcon.colcon_core.environment:checking '/home/ethan/ros2/chapt3/topic_practice_ws/install/status_display/bin'
[9.211s] Level 1:colcon.colcon_core.environment:checking '/home/ethan/ros2/chapt3/topic_practice_ws/install/status_display/lib/pkgconfig/status_display.pc'
[9.211s] Level 1:colcon.colcon_core.environment:checking '/home/ethan/ros2/chapt3/topic_practice_ws/install/status_display/lib/python3.10/site-packages'
[9.211s] Level 1:colcon.colcon_core.environment:checking '/home/ethan/ros2/chapt3/topic_practice_ws/install/status_display/bin'
[9.212s] INFO:colcon.colcon_core.shell:Creating package script '/home/ethan/ros2/chapt3/topic_practice_ws/install/status_display/share/status_display/package.ps1'
[9.212s] INFO:colcon.colcon_core.shell:Creating package descriptor '/home/ethan/ros2/chapt3/topic_practice_ws/install/status_display/share/status_display/package.dsv'
[9.212s] INFO:colcon.colcon_core.shell:Creating package script '/home/ethan/ros2/chapt3/topic_practice_ws/install/status_display/share/status_display/package.sh'
[9.213s] INFO:colcon.colcon_core.shell:Creating package script '/home/ethan/ros2/chapt3/topic_practice_ws/install/status_display/share/status_display/package.bash'
[9.213s] INFO:colcon.colcon_core.shell:Creating package script '/home/ethan/ros2/chapt3/topic_practice_ws/install/status_display/share/status_display/package.zsh'
[9.213s] Level 1:colcon.colcon_core.environment:create_file_with_runtime_dependencies(/home/ethan/ros2/chapt3/topic_practice_ws/install/status_display/share/colcon-core/packages/status_display)
[9.214s] DEBUG:colcon.colcon_parallel_executor.executor.parallel:closing loop
[9.214s] DEBUG:colcon.colcon_parallel_executor.executor.parallel:loop closed
[9.214s] DEBUG:colcon.colcon_parallel_executor.executor.parallel:run_until_complete finished with '0'
[9.214s] DEBUG:colcon.colcon_core.event_reactor:joining thread
[9.226s] INFO:colcon.colcon_core.plugin_system:Skipping extension 'colcon_notification.desktop_notification.terminal_notifier': Not used on non-Darwin systems
[9.226s] INFO:colcon.colcon_core.plugin_system:Skipping extension 'colcon_notification.desktop_notification.win32': Not used on non-Windows systems
[9.226s] INFO:colcon.colcon_notification.desktop_notification:Sending desktop notification using 'notify2'
[9.240s] DEBUG:colcon.colcon_core.event_reactor:joined thread
[9.240s] INFO:colcon.colcon_core.shell:Creating prefix script '/home/ethan/ros2/chapt3/topic_practice_ws/install/local_setup.ps1'
[9.243s] INFO:colcon.colcon_core.shell:Creating prefix util module '/home/ethan/ros2/chapt3/topic_practice_ws/install/_local_setup_util_ps1.py'
[9.246s] INFO:colcon.colcon_core.shell:Creating prefix chain script '/home/ethan/ros2/chapt3/topic_practice_ws/install/setup.ps1'
[9.248s] INFO:colcon.colcon_core.shell:Creating prefix script '/home/ethan/ros2/chapt3/topic_practice_ws/install/local_setup.sh'
[9.249s] INFO:colcon.colcon_core.shell:Creating prefix util module '/home/ethan/ros2/chapt3/topic_practice_ws/install/_local_setup_util_sh.py'
[9.250s] INFO:colcon.colcon_core.shell:Creating prefix chain script '/home/ethan/ros2/chapt3/topic_practice_ws/install/setup.sh'
[9.251s] INFO:colcon.colcon_core.shell:Creating prefix script '/home/ethan/ros2/chapt3/topic_practice_ws/install/local_setup.bash'
[9.252s] INFO:colcon.colcon_core.shell:Creating prefix chain script '/home/ethan/ros2/chapt3/topic_practice_ws/install/setup.bash'
[9.252s] INFO:colcon.colcon_core.shell:Creating prefix script '/home/ethan/ros2/chapt3/topic_practice_ws/install/local_setup.zsh'
[9.253s] INFO:colcon.colcon_core.shell:Creating prefix chain script '/home/ethan/ros2/chapt3/topic_practice_ws/install/setup.zsh'
