[0.350s] Invoking command in '/home/ethan/ros2/chapt2/chapt2_ws/src/demo_python_pkg': PYTHONPATH=/home/ethan/ros2/chapt2/chapt2_ws/build/demo_python_pkg/prefix_override:/usr/lib/python3/dist-packages/colcon_core/task/python/colcon_distutils_commands:/home/ethan/ros2/chapt2/chapt2_ws/install/demo_python_pkg/lib/python3.10/site-packages:${PYTHONPATH} /usr/bin/python3 -W ignore:setup.py install is deprecated -W ignore:easy_install command is deprecated setup.py egg_info --egg-base ../../build/demo_python_pkg build --build-base /home/ethan/ros2/chapt2/chapt2_ws/build/demo_python_pkg/build install --record /home/ethan/ros2/chapt2/chapt2_ws/build/demo_python_pkg/install.log --single-version-externally-managed install_data
[0.472s] running egg_info
[0.473s] writing ../../build/demo_python_pkg/demo_python_pkg.egg-info/PKG-INFO
[0.473s] writing dependency_links to ../../build/demo_python_pkg/demo_python_pkg.egg-info/dependency_links.txt
[0.473s] writing entry points to ../../build/demo_python_pkg/demo_python_pkg.egg-info/entry_points.txt
[0.474s] writing requirements to ../../build/demo_python_pkg/demo_python_pkg.egg-info/requires.txt
[0.474s] writing top-level names to ../../build/demo_python_pkg/demo_python_pkg.egg-info/top_level.txt
[0.475s] reading manifest file '../../build/demo_python_pkg/demo_python_pkg.egg-info/SOURCES.txt'
[0.475s] adding license file 'LICENSE'
[0.476s] writing manifest file '../../build/demo_python_pkg/demo_python_pkg.egg-info/SOURCES.txt'
[0.476s] running build
[0.476s] running build_py
[0.476s] copying demo_python_pkg/object_node.py -> /home/ethan/ros2/chapt2/chapt2_ws/build/demo_python_pkg/build/lib/demo_python_pkg
[0.476s] running install
[0.477s] running install_lib
[0.477s] copying /home/ethan/ros2/chapt2/chapt2_ws/build/demo_python_pkg/build/lib/demo_python_pkg/object_node.py -> /home/ethan/ros2/chapt2/chapt2_ws/install/demo_python_pkg/lib/python3.10/site-packages/demo_python_pkg
[0.477s] byte-compiling /home/ethan/ros2/chapt2/chapt2_ws/install/demo_python_pkg/lib/python3.10/site-packages/demo_python_pkg/object_node.py to object_node.cpython-310.pyc
[0.477s] running install_data
[0.477s] running install_egg_info
[0.478s] removing '/home/ethan/ros2/chapt2/chapt2_ws/install/demo_python_pkg/lib/python3.10/site-packages/demo_python_pkg-0.0.0-py3.10.egg-info' (and everything under it)
[0.480s] Copying ../../build/demo_python_pkg/demo_python_pkg.egg-info to /home/ethan/ros2/chapt2/chapt2_ws/install/demo_python_pkg/lib/python3.10/site-packages/demo_python_pkg-0.0.0-py3.10.egg-info
[0.480s] running install_scripts
[0.496s] Installing hello_world_class_node script to /home/ethan/ros2/chapt2/chapt2_ws/install/demo_python_pkg/lib/demo_python_pkg
[0.496s] Installing learn_thread script to /home/ethan/ros2/chapt2/chapt2_ws/install/demo_python_pkg/lib/demo_python_pkg
[0.496s] Installing object_node script to /home/ethan/ros2/chapt2/chapt2_ws/install/demo_python_pkg/lib/demo_python_pkg
[0.496s] Installing person_node script to /home/ethan/ros2/chapt2/chapt2_ws/install/demo_python_pkg/lib/demo_python_pkg
[0.496s] Installing python_node script to /home/ethan/ros2/chapt2/chapt2_ws/install/demo_python_pkg/lib/demo_python_pkg
[0.496s] Installing writer_node script to /home/ethan/ros2/chapt2/chapt2_ws/install/demo_python_pkg/lib/demo_python_pkg
[0.496s] writing list of installed files to '/home/ethan/ros2/chapt2/chapt2_ws/build/demo_python_pkg/install.log'
[0.511s] Invoked command in '/home/ethan/ros2/chapt2/chapt2_ws/src/demo_python_pkg' returned '0': PYTHONPATH=/home/ethan/ros2/chapt2/chapt2_ws/build/demo_python_pkg/prefix_override:/usr/lib/python3/dist-packages/colcon_core/task/python/colcon_distutils_commands:/home/ethan/ros2/chapt2/chapt2_ws/install/demo_python_pkg/lib/python3.10/site-packages:${PYTHONPATH} /usr/bin/python3 -W ignore:setup.py install is deprecated -W ignore:easy_install command is deprecated setup.py egg_info --egg-base ../../build/demo_python_pkg build --build-base /home/ethan/ros2/chapt2/chapt2_ws/build/demo_python_pkg/build install --record /home/ethan/ros2/chapt2/chapt2_ws/build/demo_python_pkg/install.log --single-version-externally-managed install_data
