[0.014s] Invoking command in '/home/ethan/ros2/chapt3/topic_ws/build/demo_cpp_topic': CMAKE_PREFIX_PATH=/home/ethan/ros2/chapt3/topic_ws/install/demo_python_topic:/opt/ros/humble /usr/bin/cmake /home/ethan/ros2/chapt3/topic_ws/src/demo_cpp_topic -DCMAKE_INSTALL_PREFIX=/home/ethan/ros2/chapt3/topic_ws/install/demo_cpp_topic
[0.127s] -- The C compiler identification is GNU 11.4.0
[0.202s] -- The CXX compiler identification is GNU 11.4.0
[0.217s] -- Detecting C compiler ABI info
[0.280s] -- Detecting C compiler ABI info - done
[0.288s] -- Check for working C compiler: /usr/bin/cc - skipped
[0.289s] -- Detecting C compile features
[0.291s] -- Detecting C compile features - done
[0.295s] -- Detecting CXX compiler ABI info
[0.363s] -- Detecting CXX compiler ABI info - done
[0.367s] -- Check for working CXX compiler: /usr/bin/c++ - skipped
[0.367s] -- Detecting CXX compile features
[0.368s] -- Detecting CXX compile features - done
[0.377s] -- Found ament_cmake: 1.3.12 (/opt/ros/humble/share/ament_cmake/cmake)
[0.494s] -- Found Python3: /usr/bin/python3 (found version "3.10.12") found components: Interpreter 
[0.584s] -- Found rclcpp: 16.0.14 (/opt/ros/humble/share/rclcpp/cmake)
[0.637s] -- Found rosidl_generator_c: 3.1.7 (/opt/ros/humble/share/rosidl_generator_c/cmake)
[0.643s] -- Found rosidl_adapter: 3.1.7 (/opt/ros/humble/share/rosidl_adapter/cmake)
[0.652s] -- Found rosidl_generator_cpp: 3.1.7 (/opt/ros/humble/share/rosidl_generator_cpp/cmake)
[0.668s] -- Using all available rosidl_typesupport_c: rosidl_typesupport_fastrtps_c;rosidl_typesupport_introspection_c
[0.684s] -- Using all available rosidl_typesupport_cpp: rosidl_typesupport_fastrtps_cpp;rosidl_typesupport_introspection_cpp
[0.737s] -- Found rmw_implementation_cmake: 6.1.2 (/opt/ros/humble/share/rmw_implementation_cmake/cmake)
[0.742s] -- Found rmw_fastrtps_cpp: 6.2.8 (/opt/ros/humble/share/rmw_fastrtps_cpp/cmake)
[0.822s] -- Found OpenSSL: /usr/lib/x86_64-linux-gnu/libcrypto.so (found version "3.0.2")  
[0.844s] -- Found FastRTPS: /opt/ros/humble/include  
[0.868s] -- Using RMW implementation 'rmw_fastrtps_cpp' as default
[0.880s] -- Looking for pthread.h
[0.936s] -- Looking for pthread.h - found
[0.936s] -- Performing Test CMAKE_HAVE_LIBC_PTHREAD
[0.988s] -- Performing Test CMAKE_HAVE_LIBC_PTHREAD - Success
[0.988s] -- Found Threads: TRUE  
[1.055s] -- Found geometry_msgs: 4.9.0 (/opt/ros/humble/share/geometry_msgs/cmake)
[1.070s] -- Found turtlesim: 1.4.2 (/opt/ros/humble/share/turtlesim/cmake)
[1.117s] -- Found ament_lint_auto: 0.12.14 (/opt/ros/humble/share/ament_lint_auto/cmake)
[1.180s] -- Added test 'cppcheck' to perform static code analysis on C / C++ code
[1.180s] -- Configured cppcheck include dirs: 
[1.180s] -- Configured cppcheck exclude dirs and/or files: 
[1.181s] -- Added test 'lint_cmake' to check CMake code style
[1.182s] -- Added test 'uncrustify' to check C / C++ code style
[1.182s] -- Configured uncrustify additional arguments: 
[1.183s] -- Added test 'xmllint' to check XML markup files
[1.184s] -- Configuring done
[1.189s] -- Generating done
[1.194s] -- Build files have been written to: /home/ethan/ros2/chapt3/topic_ws/build/demo_cpp_topic
[1.198s] Invoked command in '/home/ethan/ros2/chapt3/topic_ws/build/demo_cpp_topic' returned '0': CMAKE_PREFIX_PATH=/home/ethan/ros2/chapt3/topic_ws/install/demo_python_topic:/opt/ros/humble /usr/bin/cmake /home/ethan/ros2/chapt3/topic_ws/src/demo_cpp_topic -DCMAKE_INSTALL_PREFIX=/home/ethan/ros2/chapt3/topic_ws/install/demo_cpp_topic
[1.200s] Invoking command in '/home/ethan/ros2/chapt3/topic_ws/build/demo_cpp_topic': CMAKE_PREFIX_PATH=/home/ethan/ros2/chapt3/topic_ws/install/demo_python_topic:/opt/ros/humble /usr/bin/cmake --build /home/ethan/ros2/chapt3/topic_ws/build/demo_cpp_topic -- -j8 -l8
[1.237s] [ 50%] [32mBuilding CXX object CMakeFiles/turtle_circle.dir/src/turtle_circle.cpp.o[0m
[4.150s] [100%] [32m[1mLinking CXX executable turtle_circle[0m
[4.308s] [100%] Built target turtle_circle
[4.315s] Invoked command in '/home/ethan/ros2/chapt3/topic_ws/build/demo_cpp_topic' returned '0': CMAKE_PREFIX_PATH=/home/ethan/ros2/chapt3/topic_ws/install/demo_python_topic:/opt/ros/humble /usr/bin/cmake --build /home/ethan/ros2/chapt3/topic_ws/build/demo_cpp_topic -- -j8 -l8
[4.321s] Invoking command in '/home/ethan/ros2/chapt3/topic_ws/build/demo_cpp_topic': CMAKE_PREFIX_PATH=/home/ethan/ros2/chapt3/topic_ws/install/demo_python_topic:/opt/ros/humble /usr/bin/cmake --install /home/ethan/ros2/chapt3/topic_ws/build/demo_cpp_topic
[4.326s] -- Install configuration: ""
[4.326s] -- Installing: /home/ethan/ros2/chapt3/topic_ws/install/demo_cpp_topic/lib/demo_cpp_topic/turtle_circle
[4.326s] -- Set runtime path of "/home/ethan/ros2/chapt3/topic_ws/install/demo_cpp_topic/lib/demo_cpp_topic/turtle_circle" to ""
[4.327s] -- Installing: /home/ethan/ros2/chapt3/topic_ws/install/demo_cpp_topic/share/ament_index/resource_index/package_run_dependencies/demo_cpp_topic
[4.328s] -- Installing: /home/ethan/ros2/chapt3/topic_ws/install/demo_cpp_topic/share/ament_index/resource_index/parent_prefix_path/demo_cpp_topic
[4.328s] -- Installing: /home/ethan/ros2/chapt3/topic_ws/install/demo_cpp_topic/share/demo_cpp_topic/environment/ament_prefix_path.sh
[4.328s] -- Installing: /home/ethan/ros2/chapt3/topic_ws/install/demo_cpp_topic/share/demo_cpp_topic/environment/ament_prefix_path.dsv
[4.328s] -- Installing: /home/ethan/ros2/chapt3/topic_ws/install/demo_cpp_topic/share/demo_cpp_topic/environment/path.sh
[4.328s] -- Installing: /home/ethan/ros2/chapt3/topic_ws/install/demo_cpp_topic/share/demo_cpp_topic/environment/path.dsv
[4.328s] -- Installing: /home/ethan/ros2/chapt3/topic_ws/install/demo_cpp_topic/share/demo_cpp_topic/local_setup.bash
[4.328s] -- Installing: /home/ethan/ros2/chapt3/topic_ws/install/demo_cpp_topic/share/demo_cpp_topic/local_setup.sh
[4.328s] -- Installing: /home/ethan/ros2/chapt3/topic_ws/install/demo_cpp_topic/share/demo_cpp_topic/local_setup.zsh
[4.328s] -- Installing: /home/ethan/ros2/chapt3/topic_ws/install/demo_cpp_topic/share/demo_cpp_topic/local_setup.dsv
[4.328s] -- Installing: /home/ethan/ros2/chapt3/topic_ws/install/demo_cpp_topic/share/demo_cpp_topic/package.dsv
[4.328s] -- Installing: /home/ethan/ros2/chapt3/topic_ws/install/demo_cpp_topic/share/ament_index/resource_index/packages/demo_cpp_topic
[4.328s] -- Installing: /home/ethan/ros2/chapt3/topic_ws/install/demo_cpp_topic/share/demo_cpp_topic/cmake/demo_cpp_topicConfig.cmake
[4.328s] -- Installing: /home/ethan/ros2/chapt3/topic_ws/install/demo_cpp_topic/share/demo_cpp_topic/cmake/demo_cpp_topicConfig-version.cmake
[4.328s] -- Installing: /home/ethan/ros2/chapt3/topic_ws/install/demo_cpp_topic/share/demo_cpp_topic/package.xml
[4.329s] Invoked command in '/home/ethan/ros2/chapt3/topic_ws/build/demo_cpp_topic' returned '0': CMAKE_PREFIX_PATH=/home/ethan/ros2/chapt3/topic_ws/install/demo_python_topic:/opt/ros/humble /usr/bin/cmake --install /home/ethan/ros2/chapt3/topic_ws/build/demo_cpp_topic
