[0.078s] DEBUG:colcon:Command line arguments: ['/usr/bin/colcon', 'build']
[0.078s] DEBUG:colcon:Parsed command line arguments: Namespace(log_base=None, log_level=None, verb_name='build', build_base='build', install_base='install', merge_install=False, symlink_install=False, test_result_base=None, continue_on_error=False, executor='parallel', parallel_workers=8, event_handlers=None, ignore_user_meta=False, metas=['./colcon.meta'], base_paths=['.'], packages_ignore=None, packages_ignore_regex=None, paths=None, packages_up_to=None, packages_up_to_regex=None, packages_above=None, packages_above_and_dependencies=None, packages_above_depth=None, packages_select_by_dep=None, packages_skip_by_dep=None, packages_skip_up_to=None, packages_select_build_failed=False, packages_skip_build_finished=False, packages_select_test_failures=False, packages_skip_test_passed=False, packages_select=None, packages_skip=None, packages_select_regex=None, packages_skip_regex=None, packages_start=None, packages_end=None, allow_overriding=[], cmake_args=None, cmake_target=None, cmake_target_skip_unavailable=False, cmake_clean_cache=False, cmake_clean_first=False, cmake_force_configure=False, ament_cmake_args=None, catkin_cmake_args=None, catkin_skip_building_tests=False, verb_parser=<colcon_defaults.argument_parser.defaults.DefaultArgumentsDecorator object at 0x7ba3c6a64160>, verb_extension=<colcon_core.verb.build.BuildVerb object at 0x7ba3c6a23c10>, main=<bound method BuildVerb.main of <colcon_core.verb.build.BuildVerb object at 0x7ba3c6a23c10>>)
[0.180s] Level 1:colcon.colcon_core.package_discovery:discover_packages(colcon_meta) check parameters
[0.180s] Level 1:colcon.colcon_core.package_discovery:discover_packages(recursive) check parameters
[0.180s] Level 1:colcon.colcon_core.package_discovery:discover_packages(ignore) check parameters
[0.180s] Level 1:colcon.colcon_core.package_discovery:discover_packages(path) check parameters
[0.180s] Level 1:colcon.colcon_core.package_discovery:discover_packages(colcon_meta) discover
[0.180s] Level 1:colcon.colcon_core.package_discovery:discover_packages(recursive) discover
[0.180s] INFO:colcon.colcon_core.package_discovery:Crawling recursively for packages in '/home/ethan/ros2/chapt3/topic_ws'
[0.180s] Level 1:colcon.colcon_core.package_identification:_identify(.) by extensions ['ignore', 'ignore_ament_install']
[0.180s] Level 1:colcon.colcon_core.package_identification:_identify(.) by extension 'ignore'
[0.180s] Level 1:colcon.colcon_core.package_identification:_identify(.) by extension 'ignore_ament_install'
[0.180s] Level 1:colcon.colcon_core.package_identification:_identify(.) by extensions ['colcon_pkg']
[0.180s] Level 1:colcon.colcon_core.package_identification:_identify(.) by extension 'colcon_pkg'
[0.180s] Level 1:colcon.colcon_core.package_identification:_identify(.) by extensions ['colcon_meta']
[0.180s] Level 1:colcon.colcon_core.package_identification:_identify(.) by extension 'colcon_meta'
[0.180s] Level 1:colcon.colcon_core.package_identification:_identify(.) by extensions ['ros']
[0.180s] Level 1:colcon.colcon_core.package_identification:_identify(.) by extension 'ros'
[0.189s] Level 1:colcon.colcon_core.package_identification:_identify(.) by extensions ['cmake', 'python']
[0.189s] Level 1:colcon.colcon_core.package_identification:_identify(.) by extension 'cmake'
[0.189s] Level 1:colcon.colcon_core.package_identification:_identify(.) by extension 'python'
[0.189s] Level 1:colcon.colcon_core.package_identification:_identify(.) by extensions ['python_setup_py']
[0.189s] Level 1:colcon.colcon_core.package_identification:_identify(.) by extension 'python_setup_py'
[0.189s] Level 1:colcon.colcon_core.package_identification:_identify(build) by extensions ['ignore', 'ignore_ament_install']
[0.189s] Level 1:colcon.colcon_core.package_identification:_identify(build) by extension 'ignore'
[0.189s] Level 1:colcon.colcon_core.package_identification:_identify(build) ignored
[0.189s] Level 1:colcon.colcon_core.package_identification:_identify(install) by extensions ['ignore', 'ignore_ament_install']
[0.189s] Level 1:colcon.colcon_core.package_identification:_identify(install) by extension 'ignore'
[0.189s] Level 1:colcon.colcon_core.package_identification:_identify(install) ignored
[0.189s] Level 1:colcon.colcon_core.package_identification:_identify(log) by extensions ['ignore', 'ignore_ament_install']
[0.189s] Level 1:colcon.colcon_core.package_identification:_identify(log) by extension 'ignore'
[0.189s] Level 1:colcon.colcon_core.package_identification:_identify(log) ignored
[0.189s] Level 1:colcon.colcon_core.package_identification:_identify(src) by extensions ['ignore', 'ignore_ament_install']
[0.189s] Level 1:colcon.colcon_core.package_identification:_identify(src) by extension 'ignore'
[0.189s] Level 1:colcon.colcon_core.package_identification:_identify(src) by extension 'ignore_ament_install'
[0.189s] Level 1:colcon.colcon_core.package_identification:_identify(src) by extensions ['colcon_pkg']
[0.190s] Level 1:colcon.colcon_core.package_identification:_identify(src) by extension 'colcon_pkg'
[0.190s] Level 1:colcon.colcon_core.package_identification:_identify(src) by extensions ['colcon_meta']
[0.190s] Level 1:colcon.colcon_core.package_identification:_identify(src) by extension 'colcon_meta'
[0.190s] Level 1:colcon.colcon_core.package_identification:_identify(src) by extensions ['ros']
[0.190s] Level 1:colcon.colcon_core.package_identification:_identify(src) by extension 'ros'
[0.190s] Level 1:colcon.colcon_core.package_identification:_identify(src) by extensions ['cmake', 'python']
[0.190s] Level 1:colcon.colcon_core.package_identification:_identify(src) by extension 'cmake'
[0.190s] Level 1:colcon.colcon_core.package_identification:_identify(src) by extension 'python'
[0.190s] Level 1:colcon.colcon_core.package_identification:_identify(src) by extensions ['python_setup_py']
[0.190s] Level 1:colcon.colcon_core.package_identification:_identify(src) by extension 'python_setup_py'
[0.190s] Level 1:colcon.colcon_core.package_identification:_identify(src/demo_cpp_topic) by extensions ['ignore', 'ignore_ament_install']
[0.190s] Level 1:colcon.colcon_core.package_identification:_identify(src/demo_cpp_topic) by extension 'ignore'
[0.190s] Level 1:colcon.colcon_core.package_identification:_identify(src/demo_cpp_topic) by extension 'ignore_ament_install'
[0.190s] Level 1:colcon.colcon_core.package_identification:_identify(src/demo_cpp_topic) by extensions ['colcon_pkg']
[0.190s] Level 1:colcon.colcon_core.package_identification:_identify(src/demo_cpp_topic) by extension 'colcon_pkg'
[0.190s] Level 1:colcon.colcon_core.package_identification:_identify(src/demo_cpp_topic) by extensions ['colcon_meta']
[0.190s] Level 1:colcon.colcon_core.package_identification:_identify(src/demo_cpp_topic) by extension 'colcon_meta'
[0.190s] Level 1:colcon.colcon_core.package_identification:_identify(src/demo_cpp_topic) by extensions ['ros']
[0.190s] Level 1:colcon.colcon_core.package_identification:_identify(src/demo_cpp_topic) by extension 'ros'
[0.192s] DEBUG:colcon.colcon_core.package_identification:Package 'src/demo_cpp_topic' with type 'ros.ament_cmake' and name 'demo_cpp_topic'
[0.192s] Level 1:colcon.colcon_core.package_identification:_identify(src/demo_python_topic) by extensions ['ignore', 'ignore_ament_install']
[0.192s] Level 1:colcon.colcon_core.package_identification:_identify(src/demo_python_topic) by extension 'ignore'
[0.192s] Level 1:colcon.colcon_core.package_identification:_identify(src/demo_python_topic) by extension 'ignore_ament_install'
[0.192s] Level 1:colcon.colcon_core.package_identification:_identify(src/demo_python_topic) by extensions ['colcon_pkg']
[0.192s] Level 1:colcon.colcon_core.package_identification:_identify(src/demo_python_topic) by extension 'colcon_pkg'
[0.192s] Level 1:colcon.colcon_core.package_identification:_identify(src/demo_python_topic) by extensions ['colcon_meta']
[0.192s] Level 1:colcon.colcon_core.package_identification:_identify(src/demo_python_topic) by extension 'colcon_meta'
[0.192s] Level 1:colcon.colcon_core.package_identification:_identify(src/demo_python_topic) by extensions ['ros']
[0.192s] Level 1:colcon.colcon_core.package_identification:_identify(src/demo_python_topic) by extension 'ros'
[0.193s] DEBUG:colcon.colcon_core.package_identification:Package 'src/demo_python_topic' with type 'ros.ament_python' and name 'demo_python_topic'
[0.193s] Level 1:colcon.colcon_core.package_discovery:discover_packages(recursive) using defaults
[0.193s] Level 1:colcon.colcon_core.package_discovery:discover_packages(ignore) discover
[0.193s] Level 1:colcon.colcon_core.package_discovery:discover_packages(ignore) using defaults
[0.193s] Level 1:colcon.colcon_core.package_discovery:discover_packages(path) discover
[0.193s] Level 1:colcon.colcon_core.package_discovery:discover_packages(path) using defaults
[0.208s] Level 1:colcon.colcon_core.package_discovery:discover_packages(prefix_path) check parameters
[0.208s] Level 1:colcon.colcon_core.package_discovery:discover_packages(prefix_path) discover
[0.209s] DEBUG:colcon.colcon_installed_package_information.package_discovery:Found 1 installed packages in /home/ethan/ros2/chapt3/topic_ws/install
[0.210s] DEBUG:colcon.colcon_installed_package_information.package_discovery:Found 271 installed packages in /opt/ros/humble
[0.217s] Level 1:colcon.colcon_core.package_discovery:discover_packages(prefix_path) using defaults
[0.244s] Level 5:colcon.colcon_core.verb:set package 'demo_cpp_topic' build argument 'cmake_args' from command line to 'None'
[0.244s] Level 5:colcon.colcon_core.verb:set package 'demo_cpp_topic' build argument 'cmake_target' from command line to 'None'
[0.244s] Level 5:colcon.colcon_core.verb:set package 'demo_cpp_topic' build argument 'cmake_target_skip_unavailable' from command line to 'False'
[0.244s] Level 5:colcon.colcon_core.verb:set package 'demo_cpp_topic' build argument 'cmake_clean_cache' from command line to 'False'
[0.244s] Level 5:colcon.colcon_core.verb:set package 'demo_cpp_topic' build argument 'cmake_clean_first' from command line to 'False'
[0.244s] Level 5:colcon.colcon_core.verb:set package 'demo_cpp_topic' build argument 'cmake_force_configure' from command line to 'False'
[0.244s] Level 5:colcon.colcon_core.verb:set package 'demo_cpp_topic' build argument 'ament_cmake_args' from command line to 'None'
[0.244s] Level 5:colcon.colcon_core.verb:set package 'demo_cpp_topic' build argument 'catkin_cmake_args' from command line to 'None'
[0.244s] Level 5:colcon.colcon_core.verb:set package 'demo_cpp_topic' build argument 'catkin_skip_building_tests' from command line to 'False'
[0.244s] DEBUG:colcon.colcon_core.verb:Building package 'demo_cpp_topic' with the following arguments: {'ament_cmake_args': None, 'build_base': '/home/ethan/ros2/chapt3/topic_ws/build/demo_cpp_topic', 'catkin_cmake_args': None, 'catkin_skip_building_tests': False, 'cmake_args': None, 'cmake_clean_cache': False, 'cmake_clean_first': False, 'cmake_force_configure': False, 'cmake_target': None, 'cmake_target_skip_unavailable': False, 'install_base': '/home/ethan/ros2/chapt3/topic_ws/install/demo_cpp_topic', 'merge_install': False, 'path': '/home/ethan/ros2/chapt3/topic_ws/src/demo_cpp_topic', 'symlink_install': False, 'test_result_base': None}
[0.245s] Level 5:colcon.colcon_core.verb:set package 'demo_python_topic' build argument 'cmake_args' from command line to 'None'
[0.245s] Level 5:colcon.colcon_core.verb:set package 'demo_python_topic' build argument 'cmake_target' from command line to 'None'
[0.245s] Level 5:colcon.colcon_core.verb:set package 'demo_python_topic' build argument 'cmake_target_skip_unavailable' from command line to 'False'
[0.245s] Level 5:colcon.colcon_core.verb:set package 'demo_python_topic' build argument 'cmake_clean_cache' from command line to 'False'
[0.245s] Level 5:colcon.colcon_core.verb:set package 'demo_python_topic' build argument 'cmake_clean_first' from command line to 'False'
[0.245s] Level 5:colcon.colcon_core.verb:set package 'demo_python_topic' build argument 'cmake_force_configure' from command line to 'False'
[0.245s] Level 5:colcon.colcon_core.verb:set package 'demo_python_topic' build argument 'ament_cmake_args' from command line to 'None'
[0.245s] Level 5:colcon.colcon_core.verb:set package 'demo_python_topic' build argument 'catkin_cmake_args' from command line to 'None'
[0.245s] Level 5:colcon.colcon_core.verb:set package 'demo_python_topic' build argument 'catkin_skip_building_tests' from command line to 'False'
[0.245s] DEBUG:colcon.colcon_core.verb:Building package 'demo_python_topic' with the following arguments: {'ament_cmake_args': None, 'build_base': '/home/ethan/ros2/chapt3/topic_ws/build/demo_python_topic', 'catkin_cmake_args': None, 'catkin_skip_building_tests': False, 'cmake_args': None, 'cmake_clean_cache': False, 'cmake_clean_first': False, 'cmake_force_configure': False, 'cmake_target': None, 'cmake_target_skip_unavailable': False, 'install_base': '/home/ethan/ros2/chapt3/topic_ws/install/demo_python_topic', 'merge_install': False, 'path': '/home/ethan/ros2/chapt3/topic_ws/src/demo_python_topic', 'symlink_install': False, 'test_result_base': None}
[0.245s] INFO:colcon.colcon_core.executor:Executing jobs using 'parallel' executor
[0.245s] DEBUG:colcon.colcon_parallel_executor.executor.parallel:run_until_complete
[0.246s] INFO:colcon.colcon_ros.task.ament_cmake.build:Building ROS package in '/home/ethan/ros2/chapt3/topic_ws/src/demo_cpp_topic' with build type 'ament_cmake'
[0.246s] INFO:colcon.colcon_cmake.task.cmake.build:Building CMake package in '/home/ethan/ros2/chapt3/topic_ws/src/demo_cpp_topic'
[0.248s] INFO:colcon.colcon_core.plugin_system:Skipping extension 'colcon_core.shell.bat': Not used on non-Windows systems
[0.248s] INFO:colcon.colcon_core.shell:Skip shell extension 'powershell' for command environment: Not usable outside of PowerShell
[0.248s] DEBUG:colcon.colcon_core.shell:Skip shell extension 'dsv' for command environment
[0.250s] INFO:colcon.colcon_ros.task.ament_python.build:Building ROS package in '/home/ethan/ros2/chapt3/topic_ws/src/demo_python_topic' with build type 'ament_python'
[0.250s] Level 1:colcon.colcon_core.shell:create_environment_hook('demo_python_topic', 'ament_prefix_path')
[0.250s] INFO:colcon.colcon_core.shell:Creating environment hook '/home/ethan/ros2/chapt3/topic_ws/install/demo_python_topic/share/demo_python_topic/hook/ament_prefix_path.ps1'
[0.251s] INFO:colcon.colcon_core.shell:Creating environment descriptor '/home/ethan/ros2/chapt3/topic_ws/install/demo_python_topic/share/demo_python_topic/hook/ament_prefix_path.dsv'
[0.252s] INFO:colcon.colcon_core.shell:Creating environment hook '/home/ethan/ros2/chapt3/topic_ws/install/demo_python_topic/share/demo_python_topic/hook/ament_prefix_path.sh'
[0.252s] INFO:colcon.colcon_core.shell:Skip shell extension 'powershell' for command environment: Not usable outside of PowerShell
[0.252s] DEBUG:colcon.colcon_core.shell:Skip shell extension 'dsv' for command environment
[0.260s] DEBUG:colcon.colcon_core.event_handler.log_command:Invoking command in '/home/ethan/ros2/chapt3/topic_ws/build/demo_cpp_topic': CMAKE_PREFIX_PATH=/home/ethan/ros2/chapt3/topic_ws/install/demo_python_topic:/opt/ros/humble /usr/bin/cmake /home/ethan/ros2/chapt3/topic_ws/src/demo_cpp_topic -DCMAKE_INSTALL_PREFIX=/home/ethan/ros2/chapt3/topic_ws/install/demo_cpp_topic
[0.427s] INFO:colcon.colcon_core.task.python.build:Building Python package in '/home/ethan/ros2/chapt3/topic_ws/src/demo_python_topic'
[0.427s] INFO:colcon.colcon_core.shell:Skip shell extension 'powershell' for command environment: Not usable outside of PowerShell
[0.427s] DEBUG:colcon.colcon_core.shell:Skip shell extension 'dsv' for command environment
[0.655s] DEBUG:colcon.colcon_core.event_handler.log_command:Invoking command in '/home/ethan/ros2/chapt3/topic_ws/src/demo_python_topic': PYTHONPATH=/home/ethan/ros2/chapt3/topic_ws/build/demo_python_topic/prefix_override:/usr/lib/python3/dist-packages/colcon_core/task/python/colcon_distutils_commands:/home/ethan/ros2/chapt3/topic_ws/install/demo_python_topic/lib/python3.10/site-packages:${PYTHONPATH} /usr/bin/python3 -W ignore:setup.py install is deprecated -W ignore:easy_install command is deprecated setup.py egg_info --egg-base ../../build/demo_python_topic build --build-base /home/ethan/ros2/chapt3/topic_ws/build/demo_python_topic/build install --record /home/ethan/ros2/chapt3/topic_ws/build/demo_python_topic/install.log --single-version-externally-managed install_data
[0.836s] DEBUG:colcon.colcon_core.event_handler.log_command:Invoked command in '/home/ethan/ros2/chapt3/topic_ws/src/demo_python_topic' returned '0': PYTHONPATH=/home/ethan/ros2/chapt3/topic_ws/build/demo_python_topic/prefix_override:/usr/lib/python3/dist-packages/colcon_core/task/python/colcon_distutils_commands:/home/ethan/ros2/chapt3/topic_ws/install/demo_python_topic/lib/python3.10/site-packages:${PYTHONPATH} /usr/bin/python3 -W ignore:setup.py install is deprecated -W ignore:easy_install command is deprecated setup.py egg_info --egg-base ../../build/demo_python_topic build --build-base /home/ethan/ros2/chapt3/topic_ws/build/demo_python_topic/build install --record /home/ethan/ros2/chapt3/topic_ws/build/demo_python_topic/install.log --single-version-externally-managed install_data
[0.838s] Level 1:colcon.colcon_core.environment:checking '/home/ethan/ros2/chapt3/topic_ws/install/demo_python_topic' for CMake module files
[0.838s] Level 1:colcon.colcon_core.environment:checking '/home/ethan/ros2/chapt3/topic_ws/install/demo_python_topic' for CMake config files
[0.839s] Level 1:colcon.colcon_core.environment:checking '/home/ethan/ros2/chapt3/topic_ws/install/demo_python_topic/lib'
[0.839s] Level 1:colcon.colcon_core.environment:checking '/home/ethan/ros2/chapt3/topic_ws/install/demo_python_topic/bin'
[0.839s] Level 1:colcon.colcon_core.environment:checking '/home/ethan/ros2/chapt3/topic_ws/install/demo_python_topic/lib/pkgconfig/demo_python_topic.pc'
[0.839s] Level 1:colcon.colcon_core.environment:checking '/home/ethan/ros2/chapt3/topic_ws/install/demo_python_topic/lib/python3.10/site-packages'
[0.839s] Level 1:colcon.colcon_core.shell:create_environment_hook('demo_python_topic', 'pythonpath')
[0.839s] INFO:colcon.colcon_core.shell:Creating environment hook '/home/ethan/ros2/chapt3/topic_ws/install/demo_python_topic/share/demo_python_topic/hook/pythonpath.ps1'
[0.840s] INFO:colcon.colcon_core.shell:Creating environment descriptor '/home/ethan/ros2/chapt3/topic_ws/install/demo_python_topic/share/demo_python_topic/hook/pythonpath.dsv'
[0.840s] INFO:colcon.colcon_core.shell:Creating environment hook '/home/ethan/ros2/chapt3/topic_ws/install/demo_python_topic/share/demo_python_topic/hook/pythonpath.sh'
[0.840s] Level 1:colcon.colcon_core.environment:checking '/home/ethan/ros2/chapt3/topic_ws/install/demo_python_topic/bin'
[0.840s] Level 1:colcon.colcon_core.environment:create_environment_scripts_only(demo_python_topic)
[0.841s] INFO:colcon.colcon_core.shell:Creating package script '/home/ethan/ros2/chapt3/topic_ws/install/demo_python_topic/share/demo_python_topic/package.ps1'
[0.841s] INFO:colcon.colcon_core.shell:Creating package descriptor '/home/ethan/ros2/chapt3/topic_ws/install/demo_python_topic/share/demo_python_topic/package.dsv'
[0.842s] INFO:colcon.colcon_core.shell:Creating package script '/home/ethan/ros2/chapt3/topic_ws/install/demo_python_topic/share/demo_python_topic/package.sh'
[0.842s] INFO:colcon.colcon_core.shell:Creating package script '/home/ethan/ros2/chapt3/topic_ws/install/demo_python_topic/share/demo_python_topic/package.bash'
[0.843s] INFO:colcon.colcon_core.shell:Creating package script '/home/ethan/ros2/chapt3/topic_ws/install/demo_python_topic/share/demo_python_topic/package.zsh'
[0.843s] Level 1:colcon.colcon_core.environment:create_file_with_runtime_dependencies(/home/ethan/ros2/chapt3/topic_ws/install/demo_python_topic/share/colcon-core/packages/demo_python_topic)
[1.444s] DEBUG:colcon.colcon_core.event_handler.log_command:Invoked command in '/home/ethan/ros2/chapt3/topic_ws/build/demo_cpp_topic' returned '0': CMAKE_PREFIX_PATH=/home/ethan/ros2/chapt3/topic_ws/install/demo_python_topic:/opt/ros/humble /usr/bin/cmake /home/ethan/ros2/chapt3/topic_ws/src/demo_cpp_topic -DCMAKE_INSTALL_PREFIX=/home/ethan/ros2/chapt3/topic_ws/install/demo_cpp_topic
[1.446s] DEBUG:colcon.colcon_core.event_handler.log_command:Invoking command in '/home/ethan/ros2/chapt3/topic_ws/build/demo_cpp_topic': CMAKE_PREFIX_PATH=/home/ethan/ros2/chapt3/topic_ws/install/demo_python_topic:/opt/ros/humble /usr/bin/cmake --build /home/ethan/ros2/chapt3/topic_ws/build/demo_cpp_topic -- -j8 -l8
[4.562s] DEBUG:colcon.colcon_core.event_handler.log_command:Invoked command in '/home/ethan/ros2/chapt3/topic_ws/build/demo_cpp_topic' returned '0': CMAKE_PREFIX_PATH=/home/ethan/ros2/chapt3/topic_ws/install/demo_python_topic:/opt/ros/humble /usr/bin/cmake --build /home/ethan/ros2/chapt3/topic_ws/build/demo_cpp_topic -- -j8 -l8
[4.568s] DEBUG:colcon.colcon_core.event_handler.log_command:Invoking command in '/home/ethan/ros2/chapt3/topic_ws/build/demo_cpp_topic': CMAKE_PREFIX_PATH=/home/ethan/ros2/chapt3/topic_ws/install/demo_python_topic:/opt/ros/humble /usr/bin/cmake --install /home/ethan/ros2/chapt3/topic_ws/build/demo_cpp_topic
[4.575s] Level 1:colcon.colcon_core.environment:create_environment_scripts_only(demo_cpp_topic)
[4.575s] Level 1:colcon.colcon_core.environment:checking '/home/ethan/ros2/chapt3/topic_ws/install/demo_cpp_topic' for CMake module files
[4.576s] DEBUG:colcon.colcon_core.event_handler.log_command:Invoked command in '/home/ethan/ros2/chapt3/topic_ws/build/demo_cpp_topic' returned '0': CMAKE_PREFIX_PATH=/home/ethan/ros2/chapt3/topic_ws/install/demo_python_topic:/opt/ros/humble /usr/bin/cmake --install /home/ethan/ros2/chapt3/topic_ws/build/demo_cpp_topic
[4.576s] Level 1:colcon.colcon_core.environment:checking '/home/ethan/ros2/chapt3/topic_ws/install/demo_cpp_topic' for CMake config files
[4.576s] Level 1:colcon.colcon_core.shell:create_environment_hook('demo_cpp_topic', 'cmake_prefix_path')
[4.576s] INFO:colcon.colcon_core.shell:Creating environment hook '/home/ethan/ros2/chapt3/topic_ws/install/demo_cpp_topic/share/demo_cpp_topic/hook/cmake_prefix_path.ps1'
[4.576s] INFO:colcon.colcon_core.shell:Creating environment descriptor '/home/ethan/ros2/chapt3/topic_ws/install/demo_cpp_topic/share/demo_cpp_topic/hook/cmake_prefix_path.dsv'
[4.577s] INFO:colcon.colcon_core.shell:Creating environment hook '/home/ethan/ros2/chapt3/topic_ws/install/demo_cpp_topic/share/demo_cpp_topic/hook/cmake_prefix_path.sh'
[4.577s] Level 1:colcon.colcon_core.environment:checking '/home/ethan/ros2/chapt3/topic_ws/install/demo_cpp_topic/lib'
[4.577s] Level 1:colcon.colcon_core.environment:checking '/home/ethan/ros2/chapt3/topic_ws/install/demo_cpp_topic/bin'
[4.577s] Level 1:colcon.colcon_core.environment:checking '/home/ethan/ros2/chapt3/topic_ws/install/demo_cpp_topic/lib/pkgconfig/demo_cpp_topic.pc'
[4.577s] Level 1:colcon.colcon_core.environment:checking '/home/ethan/ros2/chapt3/topic_ws/install/demo_cpp_topic/lib/python3.10/site-packages'
[4.577s] Level 1:colcon.colcon_core.environment:checking '/home/ethan/ros2/chapt3/topic_ws/install/demo_cpp_topic/bin'
[4.578s] INFO:colcon.colcon_core.shell:Creating package script '/home/ethan/ros2/chapt3/topic_ws/install/demo_cpp_topic/share/demo_cpp_topic/package.ps1'
[4.578s] INFO:colcon.colcon_core.shell:Creating package descriptor '/home/ethan/ros2/chapt3/topic_ws/install/demo_cpp_topic/share/demo_cpp_topic/package.dsv'
[4.578s] INFO:colcon.colcon_core.shell:Creating package script '/home/ethan/ros2/chapt3/topic_ws/install/demo_cpp_topic/share/demo_cpp_topic/package.sh'
[4.579s] INFO:colcon.colcon_core.shell:Creating package script '/home/ethan/ros2/chapt3/topic_ws/install/demo_cpp_topic/share/demo_cpp_topic/package.bash'
[4.579s] INFO:colcon.colcon_core.shell:Creating package script '/home/ethan/ros2/chapt3/topic_ws/install/demo_cpp_topic/share/demo_cpp_topic/package.zsh'
[4.579s] Level 1:colcon.colcon_core.environment:create_file_with_runtime_dependencies(/home/ethan/ros2/chapt3/topic_ws/install/demo_cpp_topic/share/colcon-core/packages/demo_cpp_topic)
[4.579s] Level 1:colcon.colcon_core.environment:create_environment_scripts_only(demo_cpp_topic)
[4.580s] Level 1:colcon.colcon_core.environment:checking '/home/ethan/ros2/chapt3/topic_ws/install/demo_cpp_topic' for CMake module files
[4.580s] Level 1:colcon.colcon_core.environment:checking '/home/ethan/ros2/chapt3/topic_ws/install/demo_cpp_topic' for CMake config files
[4.580s] Level 1:colcon.colcon_core.shell:create_environment_hook('demo_cpp_topic', 'cmake_prefix_path')
[4.580s] INFO:colcon.colcon_core.shell:Creating environment hook '/home/ethan/ros2/chapt3/topic_ws/install/demo_cpp_topic/share/demo_cpp_topic/hook/cmake_prefix_path.ps1'
[4.580s] INFO:colcon.colcon_core.shell:Creating environment descriptor '/home/ethan/ros2/chapt3/topic_ws/install/demo_cpp_topic/share/demo_cpp_topic/hook/cmake_prefix_path.dsv'
[4.581s] INFO:colcon.colcon_core.shell:Creating environment hook '/home/ethan/ros2/chapt3/topic_ws/install/demo_cpp_topic/share/demo_cpp_topic/hook/cmake_prefix_path.sh'
[4.581s] Level 1:colcon.colcon_core.environment:checking '/home/ethan/ros2/chapt3/topic_ws/install/demo_cpp_topic/lib'
[4.581s] Level 1:colcon.colcon_core.environment:checking '/home/ethan/ros2/chapt3/topic_ws/install/demo_cpp_topic/bin'
[4.581s] Level 1:colcon.colcon_core.environment:checking '/home/ethan/ros2/chapt3/topic_ws/install/demo_cpp_topic/lib/pkgconfig/demo_cpp_topic.pc'
[4.582s] Level 1:colcon.colcon_core.environment:checking '/home/ethan/ros2/chapt3/topic_ws/install/demo_cpp_topic/lib/python3.10/site-packages'
[4.582s] Level 1:colcon.colcon_core.environment:checking '/home/ethan/ros2/chapt3/topic_ws/install/demo_cpp_topic/bin'
[4.582s] INFO:colcon.colcon_core.shell:Creating package script '/home/ethan/ros2/chapt3/topic_ws/install/demo_cpp_topic/share/demo_cpp_topic/package.ps1'
[4.582s] INFO:colcon.colcon_core.shell:Creating package descriptor '/home/ethan/ros2/chapt3/topic_ws/install/demo_cpp_topic/share/demo_cpp_topic/package.dsv'
[4.583s] INFO:colcon.colcon_core.shell:Creating package script '/home/ethan/ros2/chapt3/topic_ws/install/demo_cpp_topic/share/demo_cpp_topic/package.sh'
[4.583s] INFO:colcon.colcon_core.shell:Creating package script '/home/ethan/ros2/chapt3/topic_ws/install/demo_cpp_topic/share/demo_cpp_topic/package.bash'
[4.583s] INFO:colcon.colcon_core.shell:Creating package script '/home/ethan/ros2/chapt3/topic_ws/install/demo_cpp_topic/share/demo_cpp_topic/package.zsh'
[4.583s] Level 1:colcon.colcon_core.environment:create_file_with_runtime_dependencies(/home/ethan/ros2/chapt3/topic_ws/install/demo_cpp_topic/share/colcon-core/packages/demo_cpp_topic)
[4.584s] DEBUG:colcon.colcon_parallel_executor.executor.parallel:closing loop
[4.584s] DEBUG:colcon.colcon_parallel_executor.executor.parallel:loop closed
[4.584s] DEBUG:colcon.colcon_parallel_executor.executor.parallel:run_until_complete finished with '0'
[4.584s] DEBUG:colcon.colcon_core.event_reactor:joining thread
[4.590s] INFO:colcon.colcon_core.plugin_system:Skipping extension 'colcon_notification.desktop_notification.terminal_notifier': Not used on non-Darwin systems
[4.590s] INFO:colcon.colcon_core.plugin_system:Skipping extension 'colcon_notification.desktop_notification.win32': Not used on non-Windows systems
[4.590s] INFO:colcon.colcon_notification.desktop_notification:Sending desktop notification using 'notify2'
[4.608s] DEBUG:colcon.colcon_core.event_reactor:joined thread
[4.608s] INFO:colcon.colcon_core.shell:Creating prefix script '/home/ethan/ros2/chapt3/topic_ws/install/local_setup.ps1'
[4.609s] INFO:colcon.colcon_core.shell:Creating prefix util module '/home/ethan/ros2/chapt3/topic_ws/install/_local_setup_util_ps1.py'
[4.610s] INFO:colcon.colcon_core.shell:Creating prefix chain script '/home/ethan/ros2/chapt3/topic_ws/install/setup.ps1'
[4.611s] INFO:colcon.colcon_core.shell:Creating prefix script '/home/ethan/ros2/chapt3/topic_ws/install/local_setup.sh'
[4.611s] INFO:colcon.colcon_core.shell:Creating prefix util module '/home/ethan/ros2/chapt3/topic_ws/install/_local_setup_util_sh.py'
[4.612s] INFO:colcon.colcon_core.shell:Creating prefix chain script '/home/ethan/ros2/chapt3/topic_ws/install/setup.sh'
[4.612s] INFO:colcon.colcon_core.shell:Creating prefix script '/home/ethan/ros2/chapt3/topic_ws/install/local_setup.bash'
[4.613s] INFO:colcon.colcon_core.shell:Creating prefix chain script '/home/ethan/ros2/chapt3/topic_ws/install/setup.bash'
[4.614s] INFO:colcon.colcon_core.shell:Creating prefix script '/home/ethan/ros2/chapt3/topic_ws/install/local_setup.zsh'
[4.614s] INFO:colcon.colcon_core.shell:Creating prefix chain script '/home/ethan/ros2/chapt3/topic_ws/install/setup.zsh'
