/home/ethan/ros2/chapt3/topic_ws/install/demo_python_topic/lib/python3.10/site-packages/demo_python_topic/novel_sub_node.py
/home/ethan/ros2/chapt3/topic_ws/install/demo_python_topic/lib/python3.10/site-packages/demo_python_topic/baidu_demo.py
/home/ethan/ros2/chapt3/topic_ws/install/demo_python_topic/lib/python3.10/site-packages/demo_python_topic/__init__.py
/home/ethan/ros2/chapt3/topic_ws/install/demo_python_topic/lib/python3.10/site-packages/demo_python_topic/novel_sub_baidu_node.py
/home/ethan/ros2/chapt3/topic_ws/install/demo_python_topic/lib/python3.10/site-packages/demo_python_topic/novel_pub_node.py
/home/ethan/ros2/chapt3/topic_ws/install/demo_python_topic/lib/python3.10/site-packages/demo_python_topic/__pycache__/novel_sub_node.cpython-310.pyc
/home/ethan/ros2/chapt3/topic_ws/install/demo_python_topic/lib/python3.10/site-packages/demo_python_topic/__pycache__/baidu_demo.cpython-310.pyc
/home/ethan/ros2/chapt3/topic_ws/install/demo_python_topic/lib/python3.10/site-packages/demo_python_topic/__pycache__/__init__.cpython-310.pyc
/home/ethan/ros2/chapt3/topic_ws/install/demo_python_topic/lib/python3.10/site-packages/demo_python_topic/__pycache__/novel_sub_baidu_node.cpython-310.pyc
/home/ethan/ros2/chapt3/topic_ws/install/demo_python_topic/lib/python3.10/site-packages/demo_python_topic/__pycache__/novel_pub_node.cpython-310.pyc
/home/ethan/ros2/chapt3/topic_ws/install/demo_python_topic/share/ament_index/resource_index/packages/demo_python_topic
/home/ethan/ros2/chapt3/topic_ws/install/demo_python_topic/share/demo_python_topic/package.xml
/home/ethan/ros2/chapt3/topic_ws/install/demo_python_topic/lib/python3.10/site-packages/demo_python_topic-0.0.0-py3.10.egg-info/PKG-INFO
/home/ethan/ros2/chapt3/topic_ws/install/demo_python_topic/lib/python3.10/site-packages/demo_python_topic-0.0.0-py3.10.egg-info/SOURCES.txt
/home/ethan/ros2/chapt3/topic_ws/install/demo_python_topic/lib/python3.10/site-packages/demo_python_topic-0.0.0-py3.10.egg-info/requires.txt
/home/ethan/ros2/chapt3/topic_ws/install/demo_python_topic/lib/python3.10/site-packages/demo_python_topic-0.0.0-py3.10.egg-info/zip-safe
/home/ethan/ros2/chapt3/topic_ws/install/demo_python_topic/lib/python3.10/site-packages/demo_python_topic-0.0.0-py3.10.egg-info/entry_points.txt
/home/ethan/ros2/chapt3/topic_ws/install/demo_python_topic/lib/python3.10/site-packages/demo_python_topic-0.0.0-py3.10.egg-info/dependency_links.txt
/home/ethan/ros2/chapt3/topic_ws/install/demo_python_topic/lib/python3.10/site-packages/demo_python_topic-0.0.0-py3.10.egg-info/top_level.txt
/home/ethan/ros2/chapt3/topic_ws/install/demo_python_topic/lib/demo_python_topic/novel_pub_node
/home/ethan/ros2/chapt3/topic_ws/install/demo_python_topic/lib/demo_python_topic/novel_sub_baidu_node
/home/ethan/ros2/chapt3/topic_ws/install/demo_python_topic/lib/demo_python_topic/novel_sub_node
