[0.007s] Invoking command in '/home/ethan/ros2/chapt3/topic_practice_ws/build/status_interfaces': /usr/bin/cmake /home/ethan/ros2/chapt3/topic_practice_ws/src/status_interfaces -DCMAKE_INSTALL_PREFIX=/home/ethan/ros2/chapt3/topic_practice_ws/install/status_interfaces
[0.015s] -- Found ament_cmake: 1.3.12 (/opt/ros/humble/share/ament_cmake/cmake)
[0.091s] -- Found rosidl_default_generators: 1.2.0 (/opt/ros/humble/share/rosidl_default_generators/cmake)
[0.091s] -- Using all available rosidl_typesupport_c: rosidl_typesupport_fastrtps_c;rosidl_typesupport_introspection_c
[0.093s] -- Found rosidl_adapter: 3.1.7 (/opt/ros/humble/share/rosidl_adapter/cmake)
[0.112s] -- Using all available rosidl_typesupport_cpp: rosidl_typesupport_fastrtps_cpp;rosidl_typesupport_introspection_cpp
[0.125s] -- Found builtin_interfaces: 1.2.2 (/opt/ros/humble/share/builtin_interfaces/cmake)
[0.230s] Error parsing '/home/ethan/ros2/chapt3/topic_practice_ws/src/status_interfaces/package.xml':
[0.257s] Traceback (most recent call last):
[0.257s]   File "/opt/ros/humble/share/ament_cmake_core/cmake/core/package_xml_2_cmake.py", line 150, in <module>
[0.257s]     main()
[0.257s]   File "/opt/ros/humble/share/ament_cmake_core/cmake/core/package_xml_2_cmake.py", line 53, in main
[0.257s]     raise e
[0.257s]   File "/opt/ros/humble/share/ament_cmake_core/cmake/core/package_xml_2_cmake.py", line 49, in main
[0.257s]     package = parse_package_string(
[0.257s]   File "/usr/lib/python3/dist-packages/catkin_pkg/package.py", line 786, in parse_package_string
[0.257s]     raise InvalidPackage('Error(s):%s' % (''.join(['\n- %s' % e for e in errors])), filename)
[0.257s] catkin_pkg.package.InvalidPackage: Error(s) in package '/home/ethan/ros2/chapt3/topic_practice_ws/src/status_interfaces/package.xml':
[0.257s] Error(s):
[0.257s] - The manifest of package "status_interfaces" (with format version 3) must not contain the following tags: menber_of_group
[0.266s] [31mCMake Error at /opt/ros/humble/share/ament_cmake_core/cmake/core/ament_package_xml.cmake:95 (message):
[0.266s]   execute_process(/usr/bin/python3
[0.266s]   /opt/ros/humble/share/ament_cmake_core/cmake/core/package_xml_2_cmake.py
[0.266s]   /home/ethan/ros2/chapt3/topic_practice_ws/src/status_interfaces/package.xml
[0.266s]   /home/ethan/ros2/chapt3/topic_practice_ws/build/status_interfaces/ament_cmake_core/package.cmake)
[0.266s]   returned error code 1
[0.266s] Call Stack (most recent call first):
[0.266s]   /opt/ros/humble/share/ament_cmake_core/cmake/core/ament_package_xml.cmake:49 (_ament_package_xml)
[0.266s]   /opt/ros/humble/share/rosidl_cmake/cmake/rosidl_generate_interfaces.cmake:226 (ament_package_xml)
[0.266s]   CMakeLists.txt:13 (rosidl_generate_interfaces)
[0.266s] 
[0.266s] [0m
[0.266s] -- Configuring incomplete, errors occurred!
[0.266s] See also "/home/ethan/ros2/chapt3/topic_practice_ws/build/status_interfaces/CMakeFiles/CMakeOutput.log".
[0.270s] Invoked command in '/home/ethan/ros2/chapt3/topic_practice_ws/build/status_interfaces' returned '1': /usr/bin/cmake /home/ethan/ros2/chapt3/topic_practice_ws/src/status_interfaces -DCMAKE_INSTALL_PREFIX=/home/ethan/ros2/chapt3/topic_practice_ws/install/status_interfaces
