[0.009s] Invoking command in '/home/ethan/ros2/chapt3/topic_practice_ws/build/status_display': CMAKE_PREFIX_PATH=${CMAKE_PREFIX_PATH}:/home/ethan/ros2/chapt3/topic_practice_ws/install/status_publisher:/opt/ros/humble /usr/bin/cmake /home/ethan/ros2/chapt3/topic_practice_ws/src/status_display -DCMAKE_INSTALL_PREFIX=/home/ethan/ros2/chapt3/topic_practice_ws/install/status_display
[0.186s] -- The C compiler identification is GNU 11.4.0
[0.360s] -- The CXX compiler identification is GNU 11.4.0
[0.372s] -- Detecting C compiler ABI info
[0.524s] -- Detecting C compiler ABI info - done
[0.527s] -- Check for working C compiler: /usr/bin/cc - skipped
[0.527s] -- Detecting C compile features
[0.527s] -- Detecting C compile features - done
[0.531s] -- Detecting CXX compiler ABI info
[0.603s] -- Detecting CXX compiler ABI info - done
[0.607s] -- Check for working CXX compiler: /usr/bin/c++ - skipped
[0.607s] -- Detecting CXX compile features
[0.608s] -- Detecting CXX compile features - done
[0.611s] -- Found ament_cmake: 1.3.12 (/opt/ros/humble/share/ament_cmake/cmake)
[0.738s] -- Found Python3: /usr/bin/python3 (found version "3.10.12") found components: Interpreter 
[0.830s] -- Found rclcpp: 16.0.14 (/opt/ros/humble/share/rclcpp/cmake)
[0.883s] -- Found rosidl_generator_c: 3.1.7 (/opt/ros/humble/share/rosidl_generator_c/cmake)
[0.888s] -- Found rosidl_adapter: 3.1.7 (/opt/ros/humble/share/rosidl_adapter/cmake)
[0.899s] -- Found rosidl_generator_cpp: 3.1.7 (/opt/ros/humble/share/rosidl_generator_cpp/cmake)
[0.914s] -- Using all available rosidl_typesupport_c: rosidl_typesupport_fastrtps_c;rosidl_typesupport_introspection_c
[0.930s] -- Using all available rosidl_typesupport_cpp: rosidl_typesupport_fastrtps_cpp;rosidl_typesupport_introspection_cpp
[0.989s] -- Found rmw_implementation_cmake: 6.1.2 (/opt/ros/humble/share/rmw_implementation_cmake/cmake)
[0.994s] -- Found rmw_fastrtps_cpp: 6.2.8 (/opt/ros/humble/share/rmw_fastrtps_cpp/cmake)
[1.089s] -- Found OpenSSL: /usr/lib/x86_64-linux-gnu/libcrypto.so (found version "3.0.2")  
[1.110s] -- Found FastRTPS: /opt/ros/humble/include  
[1.136s] -- Using RMW implementation 'rmw_fastrtps_cpp' as default
[1.154s] -- Looking for pthread.h
[1.240s] -- Looking for pthread.h - found
[1.240s] -- Performing Test CMAKE_HAVE_LIBC_PTHREAD
[1.308s] -- Performing Test CMAKE_HAVE_LIBC_PTHREAD - Success
[1.309s] -- Found Threads: TRUE  
[1.366s] -- Found status_interfaces: 0.0.0 (/home/ethan/ros2/chapt3/topic_practice_ws/install/status_interfaces/share/status_interfaces/cmake)
[1.390s] [31mCMake Error at CMakeLists.txt:12 (find_package):
[1.390s]   By not providing "FindQT5.cmake" in CMAKE_MODULE_PATH this project has
[1.390s]   asked CMake to find a package configuration file provided by "QT5", but
[1.390s]   CMake did not find one.
[1.390s] 
[1.391s]   Could not find a package configuration file provided by "QT5" with any of
[1.391s]   the following names:
[1.391s] 
[1.391s]     QT5Config.cmake
[1.391s]     qt5-config.cmake
[1.391s] 
[1.391s]   Add the installation prefix of "QT5" to CMAKE_PREFIX_PATH or set "QT5_DIR"
[1.391s]   to a directory containing one of the above files.  If "QT5" provides a
[1.391s]   separate development package or SDK, be sure it has been installed.
[1.391s] 
[1.391s] [0m
[1.391s] -- Configuring incomplete, errors occurred!
[1.391s] See also "/home/ethan/ros2/chapt3/topic_practice_ws/build/status_display/CMakeFiles/CMakeOutput.log".
[1.397s] Invoked command in '/home/ethan/ros2/chapt3/topic_practice_ws/build/status_display' returned '1': CMAKE_PREFIX_PATH=${CMAKE_PREFIX_PATH}:/home/ethan/ros2/chapt3/topic_practice_ws/install/status_publisher:/opt/ros/humble /usr/bin/cmake /home/ethan/ros2/chapt3/topic_practice_ws/src/status_display -DCMAKE_INSTALL_PREFIX=/home/ethan/ros2/chapt3/topic_practice_ws/install/status_display
