[0.366s] Invoking command in '/home/ethan/ros2/chapt3/topic_ws/src/demo_python_topic': PYTHONPATH=/home/ethan/ros2/chapt3/topic_ws/build/demo_python_topic/prefix_override:/usr/lib/python3/dist-packages/colcon_core/task/python/colcon_distutils_commands:/home/ethan/ros2/chapt3/topic_ws/install/demo_python_topic/lib/python3.10/site-packages:${PYTHONPATH} /usr/bin/python3 -W ignore:setup.py install is deprecated -W ignore:easy_install command is deprecated setup.py egg_info --egg-base ../../build/demo_python_topic build --build-base /home/ethan/ros2/chapt3/topic_ws/build/demo_python_topic/build install --record /home/ethan/ros2/chapt3/topic_ws/build/demo_python_topic/install.log --single-version-externally-managed install_data
[0.494s] running egg_info
[0.495s] writing ../../build/demo_python_topic/demo_python_topic.egg-info/PKG-INFO
[0.495s] writing dependency_links to ../../build/demo_python_topic/demo_python_topic.egg-info/dependency_links.txt
[0.495s] writing entry points to ../../build/demo_python_topic/demo_python_topic.egg-info/entry_points.txt
[0.495s] writing requirements to ../../build/demo_python_topic/demo_python_topic.egg-info/requires.txt
[0.495s] writing top-level names to ../../build/demo_python_topic/demo_python_topic.egg-info/top_level.txt
[0.496s] reading manifest file '../../build/demo_python_topic/demo_python_topic.egg-info/SOURCES.txt'
[0.497s] adding license file 'LICENSE'
[0.497s] writing manifest file '../../build/demo_python_topic/demo_python_topic.egg-info/SOURCES.txt'
[0.497s] running build
[0.497s] running build_py
[0.497s] copying demo_python_topic/novel_sub_baidu_node.py -> /home/ethan/ros2/chapt3/topic_ws/build/demo_python_topic/build/lib/demo_python_topic
[0.497s] running install
[0.497s] running install_lib
[0.498s] copying /home/ethan/ros2/chapt3/topic_ws/build/demo_python_topic/build/lib/demo_python_topic/novel_sub_baidu_node.py -> /home/ethan/ros2/chapt3/topic_ws/install/demo_python_topic/lib/python3.10/site-packages/demo_python_topic
[0.498s] byte-compiling /home/ethan/ros2/chapt3/topic_ws/install/demo_python_topic/lib/python3.10/site-packages/demo_python_topic/novel_sub_baidu_node.py to novel_sub_baidu_node.cpython-310.pyc
[0.499s] running install_data
[0.499s] running install_egg_info
[0.501s] removing '/home/ethan/ros2/chapt3/topic_ws/install/demo_python_topic/lib/python3.10/site-packages/demo_python_topic-0.0.0-py3.10.egg-info' (and everything under it)
[0.501s] Copying ../../build/demo_python_topic/demo_python_topic.egg-info to /home/ethan/ros2/chapt3/topic_ws/install/demo_python_topic/lib/python3.10/site-packages/demo_python_topic-0.0.0-py3.10.egg-info
[0.501s] running install_scripts
[0.515s] Installing novel_pub_node script to /home/ethan/ros2/chapt3/topic_ws/install/demo_python_topic/lib/demo_python_topic
[0.515s] Installing novel_sub_baidu_node script to /home/ethan/ros2/chapt3/topic_ws/install/demo_python_topic/lib/demo_python_topic
[0.516s] Installing novel_sub_node script to /home/ethan/ros2/chapt3/topic_ws/install/demo_python_topic/lib/demo_python_topic
[0.516s] writing list of installed files to '/home/ethan/ros2/chapt3/topic_ws/build/demo_python_topic/install.log'
[0.534s] Invoked command in '/home/ethan/ros2/chapt3/topic_ws/src/demo_python_topic' returned '0': PYTHONPATH=/home/ethan/ros2/chapt3/topic_ws/build/demo_python_topic/prefix_override:/usr/lib/python3/dist-packages/colcon_core/task/python/colcon_distutils_commands:/home/ethan/ros2/chapt3/topic_ws/install/demo_python_topic/lib/python3.10/site-packages:${PYTHONPATH} /usr/bin/python3 -W ignore:setup.py install is deprecated -W ignore:easy_install command is deprecated setup.py egg_info --egg-base ../../build/demo_python_topic build --build-base /home/ethan/ros2/chapt3/topic_ws/build/demo_python_topic/build install --record /home/ethan/ros2/chapt3/topic_ws/build/demo_python_topic/install.log --single-version-externally-managed install_data
